#
# There is insufficient memory for the Java Runtime Environment to continue.
# Native memory allocation (mmap) failed to map 201326592 bytes for Failed to commit area from 0x0000000741c00000 to 0x000000074dc00000 of length 201326592.
# Possible reasons:
#   The system is out of physical RAM or swap space
#   The process is running with CompressedOops enabled, and the Java Heap may be blocking the growth of the native heap
# Possible solutions:
#   Reduce memory load on the system
#   Increase physical memory or swap space
#   Check if swap backing store is full
#   Decrease Java heap size (-Xmx/-Xms)
#   Decrease number of Java threads
#   Decrease Java thread stack sizes (-Xss)
#   Set larger code cache with -XX:ReservedCodeCacheSize=
# This output file may be truncated or incomplete.
#
#  Out of Memory Error (./src/hotspot/os/windows/os_windows.cpp:3521), pid=888, tid=8584
#
# JRE version:  (11.0.12+7) (build )
# Java VM: OpenJDK 64-Bit Server VM (11.0.12+7-b1504.28-7817840, mixed mode, sharing, tiered, compressed oops, g1 gc, windows-amd64)
# No core dump will be written. Minidumps are not enabled by default on client versions of Windows
#

---------------  S U M M A R Y ------------

Command Line: org.jetbrains.kotlin.cli.jvm.K2JVMCompiler @C:\Users\BOSS\AndroidStudioProjects\Beok\app\build\20221009_2114420174239366249.compiler.options

Host: Intel(R) Core(TM) i7-4500U CPU @ 1.80GHz, 4 cores, 11G,  Windows 10 , 64 bit Build 19041 (10.0.19041.1889)
Time: Sun Oct  9 22:59:49 2022 เวลามาตรฐานเอเชียอาคเนย์ elapsed time: 0.013326 seconds (0d 0h 0m 0s)

---------------  T H R E A D  ---------------

Current thread (0x0000022001b4b000):  JavaThread "Unknown thread" [_thread_in_vm, id=8584, stack(0x000000d9ce200000,0x000000d9ce300000)]

Stack: [0x000000d9ce200000,0x000000d9ce300000]
Native frames: (J=compiled Java code, j=interpreted, Vv=VM code, C=native code)
V  [jvm.dll+0x5fbcea]
V  [jvm.dll+0x731905]
V  [jvm.dll+0x732f1d]
V  [jvm.dll+0x7335d3]
V  [jvm.dll+0x247bf8]
V  [jvm.dll+0x5f90b4]
V  [jvm.dll+0x5edc85]
V  [jvm.dll+0x305aeb]
V  [jvm.dll+0x305a5a]
V  [jvm.dll+0x305932]
V  [jvm.dll+0x30a896]
V  [jvm.dll+0x353803]
V  [jvm.dll+0x353f06]
V  [jvm.dll+0x353903]
V  [jvm.dll+0x2e0678]
V  [jvm.dll+0x2e1827]
V  [jvm.dll+0x710037]
V  [jvm.dll+0x71182c]
V  [jvm.dll+0x360da9]
V  [jvm.dll+0x6f390e]
V  [jvm.dll+0x3c9723]
V  [jvm.dll+0x3cb9b1]
C  [jli.dll+0x536b]
C  [ucrtbase.dll+0x21bb2]
C  [KERNEL32.DLL+0x17034]
C  [ntdll.dll+0x526a1]


---------------  P R O C E S S  ---------------

Threads class SMR info:
_java_thread_list=0x00000220001b22b0, length=0, elements={
}

Java Threads: ( => current thread )

Other Threads:
  0x0000022001b63800 GCTaskThread "GC Thread#0" [stack: 0x000000d9ce300000,0x000000d9ce400000] [id=11848]
  0x0000022001baa800 ConcurrentGCThread "G1 Main Marker" [stack: 0x000000d9ce400000,0x000000d9ce500000] [id=2216]
  0x0000022001bab800 ConcurrentGCThread "G1 Conc#0" [stack: 0x000000d9ce500000,0x000000d9ce600000] [id=8604]

[error occurred during error reporting (printing all threads), id 0xc0000005, EXCEPTION_ACCESS_VIOLATION (0xc0000005) at pc=0x00007ffa457b0be7]

VM state:not at safepoint (not fully initialized)

VM Mutex/Monitor currently owned by a thread:  ([mutex/lock_event])
[0x0000022001b48130] Heap_lock - owner thread: 0x0000022001b4b000

Heap address: 0x0000000741c00000, size: 3044 MB, Compressed Oops mode: Non-zero based: 0x0000000741c00000
Narrow klass base: 0x0000000000000000, Narrow klass shift: 0

GC Heap History (0 events):
No events

Deoptimization events (0 events):
No events

Classes redefined (0 events):
No events

Internal exceptions (0 events):
No events

Events (1 events):
Event: 0.008 Loaded shared library C:\Program Files\Android\Android Studio\jre\bin\zip.dll


Dynamic libraries:
0x00007ff7bf820000 - 0x00007ff7bf82a000 	C:\Program Files\Android\Android Studio\jre\bin\java.exe
0x00007ffa94a50000 - 0x00007ffa94c48000 	C:\Windows\SYSTEM32\ntdll.dll
0x00007ffa94950000 - 0x00007ffa94a0d000 	C:\Windows\System32\KERNEL32.DLL
0x00007ffa926e0000 - 0x00007ffa929ae000 	C:\Windows\System32\KERNELBASE.dll
0x00007ffa929b0000 - 0x00007ffa92ab0000 	C:\Windows\System32\ucrtbase.dll
0x00007ffa74680000 - 0x00007ffa74699000 	C:\Program Files\Android\Android Studio\jre\bin\jli.dll
0x00007ffa74660000 - 0x00007ffa74677000 	C:\Program Files\Android\Android Studio\jre\bin\VCRUNTIME140.dll
0x00007ffa94500000 - 0x00007ffa946a0000 	C:\Windows\System32\USER32.dll
0x00007ffa922b0000 - 0x00007ffa922d2000 	C:\Windows\System32\win32u.dll
0x00007ffa82400000 - 0x00007ffa8269a000 	C:\Windows\WinSxS\amd64_microsoft.windows.common-controls_6595b64144ccf1df_6.0.19041.1110_none_60b5254171f9507e\COMCTL32.dll
0x00007ffa93110000 - 0x00007ffa9313a000 	C:\Windows\System32\GDI32.dll
0x00007ffa92f20000 - 0x00007ffa92fbe000 	C:\Windows\System32\msvcrt.dll
0x00007ffa921a0000 - 0x00007ffa922ab000 	C:\Windows\System32\gdi32full.dll
0x00007ffa922e0000 - 0x00007ffa9237d000 	C:\Windows\System32\msvcp_win.dll
0x00007ffa92ef0000 - 0x00007ffa92f20000 	C:\Windows\System32\IMM32.DLL
0x00007ffa44350000 - 0x00007ffa443ed000 	C:\Program Files\Android\Android Studio\jre\bin\msvcp140.dll
0x00007ffa454c0000 - 0x00007ffa45fa5000 	C:\Program Files\Android\Android Studio\jre\bin\server\jvm.dll
0x00007ffa931a0000 - 0x00007ffa9324e000 	C:\Windows\System32\ADVAPI32.dll
0x00007ffa93360000 - 0x00007ffa933fc000 	C:\Windows\System32\sechost.dll
0x00007ffa92fc0000 - 0x00007ffa930e5000 	C:\Windows\System32\RPCRT4.dll
0x00007ffa94750000 - 0x00007ffa94758000 	C:\Windows\System32\PSAPI.DLL
0x00007ffa7f2b0000 - 0x00007ffa7f2d7000 	C:\Windows\SYSTEM32\WINMM.dll
0x00007ffa85460000 - 0x00007ffa85469000 	C:\Windows\SYSTEM32\WSOCK32.dll
0x00007ffa93f70000 - 0x00007ffa93fdb000 	C:\Windows\System32\WS2_32.dll
0x00007ffa8b6d0000 - 0x00007ffa8b6da000 	C:\Windows\SYSTEM32\VERSION.dll
0x00007ffa90060000 - 0x00007ffa90072000 	C:\Windows\SYSTEM32\kernel.appcore.dll
0x00007ffa84440000 - 0x00007ffa84451000 	C:\Program Files\Android\Android Studio\jre\bin\verify.dll
0x00007ffa7f390000 - 0x00007ffa7f574000 	C:\Windows\SYSTEM32\DBGHELP.DLL
0x00007ffa7f0f0000 - 0x00007ffa7f11c000 	C:\Windows\SYSTEM32\dbgcore.DLL
0x00007ffa92650000 - 0x00007ffa926d2000 	C:\Windows\System32\bcryptPrimitives.dll
0x00007ffa61900000 - 0x00007ffa61929000 	C:\Program Files\Android\Android Studio\jre\bin\java.dll
0x00007ffa84430000 - 0x00007ffa8443b000 	C:\Program Files\Android\Android Studio\jre\bin\jimage.dll
0x00007ffa63380000 - 0x00007ffa63398000 	C:\Program Files\Android\Android Studio\jre\bin\zip.dll

dbghelp: loaded successfully - version: 4.0.5 - missing functions: none
symbol engine: initialized successfully - sym options: 0x614 - pdb path: .;C:\Program Files\Android\Android Studio\jre\bin;C:\Windows\SYSTEM32;C:\Windows\WinSxS\amd64_microsoft.windows.common-controls_6595b64144ccf1df_6.0.19041.1110_none_60b5254171f9507e;C:\Program Files\Android\Android Studio\jre\bin\server

VM Arguments:
java_command: org.jetbrains.kotlin.cli.jvm.K2JVMCompiler @C:\Users\BOSS\AndroidStudioProjects\Beok\app\build\20221009_2114420174239366249.compiler.options
java_class_path (initial): C:\Users\BOSS\.gradle\caches\modules-2\files-2.1\org.jetbrains.kotlin\kotlin-compiler-embeddable\1.7.10\909803167c98606fcf22b4c848647c68e351d48d\kotlin-compiler-embeddable-1.7.10.jar;C:\Users\BOSS\.gradle\caches\modules-2\files-2.1\org.jetbrains.kotlin\kotlin-reflect\1.7.10\165e600dfea6185cf5efa700756294cc4904dbeb\kotlin-reflect-1.7.10.jar;C:\Users\BOSS\.gradle\caches\modules-2\files-2.1\org.jetbrains.kotlin\kotlin-stdlib\1.7.10\d2abf9e77736acc4450dc4a3f707fa2c10f5099d\kotlin-stdlib-1.7.10.jar;C:\Users\BOSS\.gradle\caches\modules-2\files-2.1\org.jetbrains.kotlin\kotlin-script-runtime\1.7.10\c99c87a6988d8fd8d5142e9ed5c9f34a7cf561ee\kotlin-script-runtime-1.7.10.jar;C:\Users\BOSS\.gradle\caches\modules-2\files-2.1\org.jetbrains.kotlin\kotlin-daemon-embeddable\1.7.10\3a9f7aef7080d3ae63126cbba4f827ed664f32fa\kotlin-daemon-embeddable-1.7.10.jar;C:\Users\BOSS\.gradle\caches\modules-2\files-2.1\org.jetbrains.intellij.deps\trove4j\1.0.20200330\3afb14d5f9ceb459d724e907a21145e8ff394f02\trove4j-1.0.20200330.jar;C:\Users\BOSS\.gradle\caches\modules-2\files-2.1\net.java.dev.jna\jna\5.6.0\330f2244e9030119ab3030fc3fededc86713d9cc\jna-5.6.0.jar;C:\Users\BOSS\.gradle\caches\modules-2\files-2.1\org.jetbrains.kotlin\kotlin-stdlib-common\1.7.10\bac80c520d0a9e3f3673bc2658c6ed02ef45a76a\kotlin-stdlib-common-1.7.10.jar;C:\Users\BOSS\.gradle\caches\modules-2\files-2.1\org.jetbrains\annotations\13.0\919f0dfe192fb4e063e7dacadee7f8bb9a2672a9\annotations-13.0.jar
Launcher Type: SUN_STANDARD

[Global flags]
     intx CICompilerCount                          = 3                                         {product} {ergonomic}
     uint ConcGCThreads                            = 1                                         {product} {ergonomic}
     uint G1ConcRefinementThreads                  = 4                                         {product} {ergonomic}
   size_t G1HeapRegionSize                         = 1048576                                   {product} {ergonomic}
    uintx GCDrainStackTargetSize                   = 64                                        {product} {ergonomic}
   size_t InitialHeapSize                          = 201326592                                 {product} {ergonomic}
   size_t MarkStackSize                            = 4194304                                   {product} {ergonomic}
   size_t MaxHeapSize                              = 3191865344                                {product} {ergonomic}
   size_t MinHeapDeltaBytes                        = 1048576                                   {product} {ergonomic}
    uintx NonNMethodCodeHeapSize                   = 5830732                                {pd product} {ergonomic}
    uintx NonProfiledCodeHeapSize                  = 122913754                              {pd product} {ergonomic}
    uintx ProfiledCodeHeapSize                     = 122913754                              {pd product} {ergonomic}
    uintx ReservedCodeCacheSize                    = 251658240                              {pd product} {ergonomic}
     bool SegmentedCodeCache                       = true                                      {product} {ergonomic}
     bool UseCompressedClassPointers               = true                                 {lp64_product} {ergonomic}
     bool UseCompressedOops                        = true                                 {lp64_product} {ergonomic}
     bool UseG1GC                                  = true                                      {product} {ergonomic}
     bool UseLargePagesIndividualAllocation        = false                                  {pd product} {ergonomic}

Logging:
Log output configuration:
 #0: stdout all=warning uptime,level,tags
 #1: stderr all=off uptime,level,tags

Environment Variables:
JAVA_HOME=C:\Program Files\Java\jdk-18.0.1.1
PATH=C:\Program Files\MongoDB\Server\6.0\bin;D:\Git\cmd;C:\Users\BOSS\AppData\Local\Programs\Python\Python310\Scripts\;C:\Users\BOSS\AppData\Local\Programs\Python\Python310\;C:\Users\BOSS\AppData\Local\Microsoft\WindowsApps;C:\Users\BOSS\AppData\Local\Programs\Microsoft VS Code\bin;C:\xampp\php;C:\Users\BOSS\composer;C:\Users\BOSS\AppData\Roaming\Composer\vendor\bin;C:\Users\BOSS\AppData\Local\GitHubDesktop\bin;C:\Users\BOSS\AppData\Roaming\npm;C:\Program Files\MongoDB\Server\6.0\bin;C:\Program Files\nodejs;
USERNAME=BOSS
OS=Windows_NT
PROCESSOR_IDENTIFIER=Intel64 Family 6 Model 69 Stepping 1, GenuineIntel



---------------  S Y S T E M  ---------------

OS: Windows 10 , 64 bit Build 19041 (10.0.19041.1889)
OS uptime: 2 days 9:05 hours

CPU:total 4 (initial active 4) (2 cores per cpu, 2 threads per core) family 6 model 69 stepping 1 microcode 0x25, cmov, cx8, fxsr, mmx, sse, sse2, sse3, ssse3, sse4.1, sse4.2, popcnt, avx, avx2, aes, clmul, erms, lzcnt, ht, tsc, tscinvbit, bmi1, bmi2, fma

Memory: 4k page, system-wide physical 12168M (2990M free)
TotalPageFile size 15009M (AvailPageFile size 131M)
current process WorkingSet (physical memory assigned to process): 10M, peak: 10M
current process commit charge ("private bytes"): 51M, peak: 243M

vm_info: OpenJDK 64-Bit Server VM (11.0.12+7-b1504.28-7817840) for windows-amd64 JRE (11.0.12+7-b1504.28-7817840), built on Oct 13 2021 22:12:33 by "builder" with MS VC++ 14.0 (VS2015)

END.
