#
# There is insufficient memory for the Java Runtime Environment to continue.
# Native memory allocation (malloc) failed to allocate 32744 bytes for ChunkPool::allocate
# Possible reasons:
#   The system is out of physical RAM or swap space
#   The process is running with CompressedOops enabled, and the Java Heap may be blocking the growth of the native heap
# Possible solutions:
#   Reduce memory load on the system
#   Increase physical memory or swap space
#   Check if swap backing store is full
#   Decrease Java heap size (-Xmx/-Xms)
#   Decrease number of Java threads
#   Decrease Java thread stack sizes (-Xss)
#   Set larger code cache with -XX:ReservedCodeCacheSize=
#   JVM is running with Unscaled Compressed Oops mode in which the Java heap is
#     placed in the first 4GB address space. The Java Heap base address is the
#     maximum limit for the native heap growth. Please use -XX:HeapBaseMinAddress
#     to set the Java Heap base and to place the Java Heap above 4GB virtual address.
# This output file may be truncated or incomplete.
#
#  Out of Memory Error (./src/hotspot/share/memory/arena.cpp:81), pid=6308, tid=10848
#
# JRE version: OpenJDK Runtime Environment (11.0.12+7) (build 11.0.12+7-b1504.28-7817840)
# Java VM: OpenJDK 64-Bit Server VM (11.0.12+7-b1504.28-7817840, mixed mode, tiered, compressed oops, g1 gc, windows-amd64)
# No core dump will be written. Minidumps are not enabled by default on client versions of Windows
#

---------------  S U M M A R Y ------------

Command Line: --add-opens=java.base/java.util=ALL-UNNAMED --add-opens=java.base/java.lang=ALL-UNNAMED --add-opens=java.base/java.lang.invoke=ALL-UNNAMED --add-opens=java.base/java.util=ALL-UNNAMED --add-opens=java.prefs/java.util.prefs=ALL-UNNAMED --add-opens=java.prefs/java.util.prefs=ALL-UNNAMED --add-opens=java.base/java.nio.charset=ALL-UNNAMED --add-opens=java.base/java.net=ALL-UNNAMED --add-opens=java.base/java.util.concurrent.atomic=ALL-UNNAMED -Xmx1536m -Dfile.encoding=x-windows-874 -Duser.country=US -Duser.language=en -Duser.variant org.gradle.launcher.daemon.bootstrap.GradleDaemon 7.3.3

Host: Intel(R) Core(TM) i7-4500U CPU @ 1.80GHz, 4 cores, 11G,  Windows 10 , 64 bit Build 19041 (10.0.19041.1889)
Time: Sun Oct  9 22:47:26 2022 เวลามาตรฐานเอเชียอาคเนย์ elapsed time: 46.629271 seconds (0d 0h 0m 46s)

---------------  T H R E A D  ---------------

Current thread (0x0000022f52892800):  JavaThread "C2 CompilerThread1" daemon [_thread_in_native, id=10848, stack(0x000000904fa00000,0x000000904fb00000)]


Current CompileTask:
C2:  46629 13197       4       org.gradle.internal.logging.text.AbstractLineChoppingStyledTextOutput::doAppend (43 bytes)

Stack: [0x000000904fa00000,0x000000904fb00000]
Native frames: (J=compiled Java code, j=interpreted, Vv=VM code, C=native code)
V  [jvm.dll+0x5fbcea]
V  [jvm.dll+0x731905]
V  [jvm.dll+0x732f1d]
V  [jvm.dll+0x7335d3]
V  [jvm.dll+0x247bf8]
V  [jvm.dll+0xc041b]
V  [jvm.dll+0xc06cc]
V  [jvm.dll+0x23db4a]
V  [jvm.dll+0x62a113]
V  [jvm.dll+0x61c38c]
V  [jvm.dll+0x6172fa]
V  [jvm.dll+0x610dea]
V  [jvm.dll+0x610453]
V  [jvm.dll+0x60e4a2]
V  [jvm.dll+0x18addc]
V  [jvm.dll+0x2bbcef]
V  [jvm.dll+0x619065]
V  [jvm.dll+0x610dea]
V  [jvm.dll+0x610453]
V  [jvm.dll+0x60e4a2]
V  [jvm.dll+0x18addc]
V  [jvm.dll+0x2bbcef]
V  [jvm.dll+0x619065]
V  [jvm.dll+0x610dea]
V  [jvm.dll+0x610453]
V  [jvm.dll+0x60e4a2]
V  [jvm.dll+0x18addc]
V  [jvm.dll+0x2bbcef]
V  [jvm.dll+0x619065]
V  [jvm.dll+0x610dea]
V  [jvm.dll+0x610453]
V  [jvm.dll+0x60e4a2]
V  [jvm.dll+0x18addc]
V  [jvm.dll+0x2bbcef]
V  [jvm.dll+0x619065]
V  [jvm.dll+0x610dea]
V  [jvm.dll+0x610453]
V  [jvm.dll+0x60e4a2]
V  [jvm.dll+0x18addc]
V  [jvm.dll+0x18bb29]
V  [jvm.dll+0x2bbcef]
V  [jvm.dll+0x619065]
V  [jvm.dll+0x610dea]
V  [jvm.dll+0x610453]
V  [jvm.dll+0x60e4a2]
V  [jvm.dll+0x18addc]
V  [jvm.dll+0x1ff4b5]
V  [jvm.dll+0x18868c]
V  [jvm.dll+0x20e0d7]
V  [jvm.dll+0x20c901]
V  [jvm.dll+0x6f9b7f]
V  [jvm.dll+0x6f26a5]
V  [jvm.dll+0x5fabf6]
C  [ucrtbase.dll+0x21bb2]
C  [KERNEL32.DLL+0x17034]
C  [ntdll.dll+0x526a1]


---------------  P R O C E S S  ---------------

Threads class SMR info:
_java_thread_list=0x0000022f4e48f340, length=97, elements={
0x0000022f2ec2b000, 0x0000022f47cd9000, 0x0000022f47cdf000, 0x0000022f4855c000,
0x0000022f4855d000, 0x0000022f4855e000, 0x0000022f48567000, 0x0000022f4856b800,
0x0000022f48573000, 0x0000022f486cb800, 0x0000022f486c7800, 0x0000022f486cb000,
0x0000022f486ca000, 0x0000022f486c8800, 0x0000022f486c9000, 0x0000022f486cc800,
0x0000022f486c7000, 0x0000022f486cd800, 0x0000022f4aa79800, 0x0000022f4aa78000,
0x0000022f4aa7b800, 0x0000022f4aa7d000, 0x0000022f4aa77800, 0x0000022f4aa7c000,
0x0000022f4aa7e800, 0x0000022f4aa79000, 0x0000022f4aa7e000, 0x0000022f4aa7f800,
0x0000022f4aa80800, 0x0000022f4aa7a800, 0x0000022f4aa82800, 0x0000022f4aa82000,
0x0000022f49469000, 0x0000022f49467800, 0x0000022f4946a000, 0x0000022f4946b000,
0x0000022f49466000, 0x0000022f49465000, 0x0000022f4946b800, 0x0000022f4946c800,
0x0000022f49467000, 0x0000022f49468800, 0x0000022f49471800, 0x0000022f49470000,
0x0000022f49472000, 0x0000022f4946e000, 0x0000022f4946f000, 0x0000022f49470800,
0x0000022f49473000, 0x0000022f4946d800, 0x0000022f49474000, 0x0000022f4b2bb800,
0x0000022f4b2bc000, 0x0000022f4b2be000, 0x0000022f4b2bd000, 0x0000022f4b2b8000,
0x0000022f4b2be800, 0x0000022f4b2b9000, 0x0000022f4b2bf800, 0x0000022f4b2ba000,
0x0000022f4b2c0800, 0x0000022f4b2ba800, 0x0000022f4b2c2800, 0x0000022f4b2c3800,
0x0000022f4b2c4800, 0x0000022f4b2c5000, 0x0000022f4b2c2000, 0x0000022f4b2c6000,
0x0000022f4b2c7000, 0x0000022f4b2c1000, 0x0000022f4b1e6000, 0x0000022f4b1e7000,
0x0000022f4b1ea800, 0x0000022f4b1e4800, 0x0000022f4b1e8000, 0x0000022f4b1eb000,
0x0000022f4b1e8800, 0x0000022f4b1ed800, 0x0000022f4b1ec000, 0x0000022f4b1ee800,
0x0000022f4b1e9800, 0x0000022f4b1f0000, 0x0000022f4b1f1000, 0x0000022f4b1f1800,
0x0000022f4b1ec800, 0x0000022f4b1f3000, 0x0000022f4aa85000, 0x0000022f486ea800,
0x0000022f486ed000, 0x0000022f486ef000, 0x0000022f486ec800, 0x0000022f486ef800,
0x0000022f486f0800, 0x0000022f4b1e5800, 0x0000022f52892000, 0x0000022f5288f800,
0x0000022f52892800
}

Java Threads: ( => current thread )
  0x0000022f2ec2b000 JavaThread "main" [_thread_blocked, id=10500, stack(0x0000009049000000,0x0000009049100000)]
  0x0000022f47cd9000 JavaThread "Reference Handler" daemon [_thread_blocked, id=9196, stack(0x0000009049700000,0x0000009049800000)]
  0x0000022f47cdf000 JavaThread "Finalizer" daemon [_thread_blocked, id=13532, stack(0x0000009049800000,0x0000009049900000)]
  0x0000022f4855c000 JavaThread "Signal Dispatcher" daemon [_thread_blocked, id=5840, stack(0x0000009049900000,0x0000009049a00000)]
  0x0000022f4855d000 JavaThread "Attach Listener" daemon [_thread_blocked, id=14920, stack(0x0000009049a00000,0x0000009049b00000)]
  0x0000022f4855e000 JavaThread "Service Thread" daemon [_thread_blocked, id=8900, stack(0x0000009049b00000,0x0000009049c00000)]
  0x0000022f48567000 JavaThread "C2 CompilerThread0" daemon [_thread_blocked, id=15852, stack(0x0000009049c00000,0x0000009049d00000)]
  0x0000022f4856b800 JavaThread "C1 CompilerThread0" daemon [_thread_blocked, id=15440, stack(0x0000009049d00000,0x0000009049e00000)]
  0x0000022f48573000 JavaThread "Sweeper thread" daemon [_thread_blocked, id=16960, stack(0x0000009049e00000,0x0000009049f00000)]
  0x0000022f486cb800 JavaThread "Common-Cleaner" daemon [_thread_blocked, id=12592, stack(0x0000009049f00000,0x000000904a000000)]
  0x0000022f486c7800 JavaThread "Daemon health stats" [_thread_blocked, id=5652, stack(0x000000904a500000,0x000000904a600000)]
  0x0000022f486cb000 JavaThread "Incoming local TCP Connector on port 52319" [_thread_in_native, id=1300, stack(0x000000904a100000,0x000000904a200000)]
  0x0000022f486ca000 JavaThread "Daemon periodic checks" [_thread_blocked, id=16532, stack(0x000000904a600000,0x000000904a700000)]
  0x0000022f486c8800 JavaThread "Daemon" [_thread_blocked, id=14264, stack(0x000000904a700000,0x000000904a800000)]
  0x0000022f486c9000 JavaThread "Handler for socket connection from /127.0.0.1:52319 to /127.0.0.1:52320" [_thread_in_native, id=13900, stack(0x000000904a800000,0x000000904a900000)]
  0x0000022f486cc800 JavaThread "Cancel handler" [_thread_blocked, id=7792, stack(0x000000904a900000,0x000000904aa00000)]
  0x0000022f486c7000 JavaThread "Daemon worker" [_thread_blocked, id=7016, stack(0x000000904aa00000,0x000000904ab00000)]
  0x0000022f486cd800 JavaThread "Asynchronous log dispatcher for DefaultDaemonConnection: socket connection from /127.0.0.1:52319 to /127.0.0.1:52320" [_thread_blocked, id=9712, stack(0x000000904ab00000,0x000000904ac00000)]
  0x0000022f4aa79800 JavaThread "Stdin handler" [_thread_blocked, id=8568, stack(0x000000904ac00000,0x000000904ad00000)]
  0x0000022f4aa78000 JavaThread "Daemon client event forwarder" [_thread_blocked, id=6960, stack(0x000000904ae00000,0x000000904af00000)]
  0x0000022f4aa7b800 JavaThread "Cache worker for journal cache (C:\Users\BOSS\.gradle\caches\journal-1)" [_thread_blocked, id=10692, stack(0x000000904af00000,0x000000904b000000)]
  0x0000022f4aa7d000 JavaThread "File lock request listener" [_thread_in_native, id=5176, stack(0x000000904b000000,0x000000904b100000)]
  0x0000022f4aa77800 JavaThread "Cache worker for file hash cache (C:\Users\BOSS\.gradle\caches\7.3.3\fileHashes)" [_thread_blocked, id=5980, stack(0x000000904b100000,0x000000904b200000)]
  0x0000022f4aa7c000 JavaThread "Cache worker for file hash cache (C:\Users\BOSS\AndroidStudioProjects\Beok\.gradle\7.3.3\fileHashes)" [_thread_blocked, id=13132, stack(0x000000904b200000,0x000000904b300000)]
  0x0000022f4aa7e800 JavaThread "File watcher server" daemon [_thread_in_native, id=1992, stack(0x000000904b300000,0x000000904b400000)]
  0x0000022f4aa79000 JavaThread "File watcher consumer" daemon [_thread_blocked, id=1224, stack(0x000000904b400000,0x000000904b500000)]
  0x0000022f4aa7e000 JavaThread "Cache worker for checksums cache (C:\Users\BOSS\AndroidStudioProjects\Beok\.gradle\7.3.3\checksums)" [_thread_blocked, id=11676, stack(0x000000904b500000,0x000000904b600000)]
  0x0000022f4aa7f800 JavaThread "Cache worker for cache directory md-supplier (C:\Users\BOSS\.gradle\caches\7.3.3\md-supplier)" [_thread_blocked, id=11328, stack(0x000000904b600000,0x000000904b700000)]
  0x0000022f4aa80800 JavaThread "Cache worker for cache directory md-rule (C:\Users\BOSS\.gradle\caches\7.3.3\md-rule)" [_thread_blocked, id=15536, stack(0x000000904b700000,0x000000904b800000)]
  0x0000022f4aa7a800 JavaThread "Cache worker for execution history cache (C:\Users\BOSS\.gradle\caches\7.3.3\executionHistory)" [_thread_blocked, id=5972, stack(0x000000904b800000,0x000000904b900000)]
  0x0000022f4aa82800 JavaThread "jar transforms" [_thread_blocked, id=7240, stack(0x000000904b900000,0x000000904ba00000)]
  0x0000022f4aa82000 JavaThread "Cache worker for file content cache (C:\Users\BOSS\.gradle\caches\7.3.3\fileContent)" [_thread_blocked, id=12788, stack(0x000000904ba00000,0x000000904bb00000)]
  0x0000022f49469000 JavaThread "jar transforms Thread 2" [_thread_blocked, id=7976, stack(0x000000904bb00000,0x000000904bc00000)]
  0x0000022f49467800 JavaThread "Cache worker for dependencies-accessors (C:\Users\BOSS\AndroidStudioProjects\Beok\.gradle\7.3.3\dependencies-accessors)" [_thread_blocked, id=14808, stack(0x000000904bc00000,0x000000904bd00000)]
  0x0000022f4946a000 JavaThread "jar transforms Thread 3" [_thread_blocked, id=7676, stack(0x000000904bd00000,0x000000904be00000)]
  0x0000022f4946b000 JavaThread "Cache worker for Build Output Cleanup Cache (C:\Users\BOSS\AndroidStudioProjects\Beok\.gradle\buildOutputCleanup)" [_thread_blocked, id=16692, stack(0x000000904be00000,0x000000904bf00000)]
  0x0000022f49466000 JavaThread "Unconstrained build operations" [_thread_blocked, id=3144, stack(0x000000904bf00000,0x000000904c000000)]
  0x0000022f49465000 JavaThread "Unconstrained build operations Thread 2" [_thread_blocked, id=12372, stack(0x000000904c000000,0x000000904c100000)]
  0x0000022f4946b800 JavaThread "Unconstrained build operations Thread 3" [_thread_blocked, id=13524, stack(0x000000904c100000,0x000000904c200000)]
  0x0000022f4946c800 JavaThread "Unconstrained build operations Thread 4" [_thread_blocked, id=13636, stack(0x000000904c200000,0x000000904c300000)]
  0x0000022f49467000 JavaThread "Unconstrained build operations Thread 5" [_thread_blocked, id=2808, stack(0x000000904c300000,0x000000904c400000)]
  0x0000022f49468800 JavaThread "Unconstrained build operations Thread 6" [_thread_blocked, id=6896, stack(0x000000904c400000,0x000000904c500000)]
  0x0000022f49471800 JavaThread "Unconstrained build operations Thread 7" [_thread_blocked, id=9004, stack(0x000000904c500000,0x000000904c600000)]
  0x0000022f49470000 JavaThread "Unconstrained build operations Thread 8" [_thread_blocked, id=17220, stack(0x000000904c600000,0x000000904c700000)]
  0x0000022f49472000 JavaThread "Unconstrained build operations Thread 9" [_thread_blocked, id=14476, stack(0x000000904c700000,0x000000904c800000)]
  0x0000022f4946e000 JavaThread "Unconstrained build operations Thread 10" [_thread_blocked, id=6464, stack(0x000000904c800000,0x000000904c900000)]
  0x0000022f4946f000 JavaThread "Unconstrained build operations Thread 11" [_thread_blocked, id=14548, stack(0x000000904c900000,0x000000904ca00000)]
  0x0000022f49470800 JavaThread "Unconstrained build operations Thread 12" [_thread_blocked, id=9392, stack(0x000000904ca00000,0x000000904cb00000)]
  0x0000022f49473000 JavaThread "Unconstrained build operations Thread 13" [_thread_blocked, id=248, stack(0x000000904cb00000,0x000000904cc00000)]
  0x0000022f4946d800 JavaThread "Unconstrained build operations Thread 14" [_thread_blocked, id=15920, stack(0x000000904cc00000,0x000000904cd00000)]
  0x0000022f49474000 JavaThread "Unconstrained build operations Thread 15" [_thread_blocked, id=7420, stack(0x000000904cd00000,0x000000904ce00000)]
  0x0000022f4b2bb800 JavaThread "Unconstrained build operations Thread 16" [_thread_blocked, id=6296, stack(0x000000904ce00000,0x000000904cf00000)]
  0x0000022f4b2bc000 JavaThread "Unconstrained build operations Thread 17" [_thread_blocked, id=9100, stack(0x000000904cf00000,0x000000904d000000)]
  0x0000022f4b2be000 JavaThread "Unconstrained build operations Thread 18" [_thread_blocked, id=12156, stack(0x000000904d000000,0x000000904d100000)]
  0x0000022f4b2bd000 JavaThread "Unconstrained build operations Thread 19" [_thread_blocked, id=7032, stack(0x000000904d100000,0x000000904d200000)]
  0x0000022f4b2b8000 JavaThread "Unconstrained build operations Thread 20" [_thread_blocked, id=17020, stack(0x000000904d200000,0x000000904d300000)]
  0x0000022f4b2be800 JavaThread "Unconstrained build operations Thread 21" [_thread_blocked, id=13252, stack(0x000000904d300000,0x000000904d400000)]
  0x0000022f4b2b9000 JavaThread "Unconstrained build operations Thread 22" [_thread_blocked, id=9788, stack(0x000000904d400000,0x000000904d500000)]
  0x0000022f4b2bf800 JavaThread "Unconstrained build operations Thread 23" [_thread_blocked, id=10956, stack(0x000000904d500000,0x000000904d600000)]
  0x0000022f4b2ba000 JavaThread "Unconstrained build operations Thread 24" [_thread_blocked, id=2868, stack(0x000000904d600000,0x000000904d700000)]
  0x0000022f4b2c0800 JavaThread "Unconstrained build operations Thread 25" [_thread_blocked, id=14544, stack(0x000000904d700000,0x000000904d800000)]
  0x0000022f4b2ba800 JavaThread "Unconstrained build operations Thread 26" [_thread_blocked, id=13096, stack(0x000000904d800000,0x000000904d900000)]
  0x0000022f4b2c2800 JavaThread "Unconstrained build operations Thread 27" [_thread_blocked, id=8, stack(0x000000904d900000,0x000000904da00000)]
  0x0000022f4b2c3800 JavaThread "Unconstrained build operations Thread 28" [_thread_blocked, id=11912, stack(0x000000904da00000,0x000000904db00000)]
  0x0000022f4b2c4800 JavaThread "Unconstrained build operations Thread 29" [_thread_blocked, id=12796, stack(0x000000904db00000,0x000000904dc00000)]
  0x0000022f4b2c5000 JavaThread "Unconstrained build operations Thread 30" [_thread_blocked, id=11432, stack(0x000000904dc00000,0x000000904dd00000)]
  0x0000022f4b2c2000 JavaThread "Unconstrained build operations Thread 31" [_thread_blocked, id=13100, stack(0x000000904dd00000,0x000000904de00000)]
  0x0000022f4b2c6000 JavaThread "Unconstrained build operations Thread 32" [_thread_blocked, id=14024, stack(0x000000904de00000,0x000000904df00000)]
  0x0000022f4b2c7000 JavaThread "Unconstrained build operations Thread 33" [_thread_blocked, id=15316, stack(0x000000904df00000,0x000000904e000000)]
  0x0000022f4b2c1000 JavaThread "Unconstrained build operations Thread 34" [_thread_blocked, id=5892, stack(0x000000904e000000,0x000000904e100000)]
  0x0000022f4b1e6000 JavaThread "Unconstrained build operations Thread 35" [_thread_blocked, id=15380, stack(0x000000904e100000,0x000000904e200000)]
  0x0000022f4b1e7000 JavaThread "Unconstrained build operations Thread 36" [_thread_blocked, id=12068, stack(0x000000904e200000,0x000000904e300000)]
  0x0000022f4b1ea800 JavaThread "Unconstrained build operations Thread 37" [_thread_blocked, id=3928, stack(0x000000904e300000,0x000000904e400000)]
  0x0000022f4b1e4800 JavaThread "Unconstrained build operations Thread 38" [_thread_blocked, id=10884, stack(0x000000904e400000,0x000000904e500000)]
  0x0000022f4b1e8000 JavaThread "Unconstrained build operations Thread 39" [_thread_blocked, id=17348, stack(0x000000904e500000,0x000000904e600000)]
  0x0000022f4b1eb000 JavaThread "Unconstrained build operations Thread 40" [_thread_blocked, id=2132, stack(0x000000904e600000,0x000000904e700000)]
  0x0000022f4b1e8800 JavaThread "jar transforms Thread 4" [_thread_blocked, id=8324, stack(0x000000904e700000,0x000000904e800000)]
  0x0000022f4b1ed800 JavaThread "Memory manager" [_thread_blocked, id=4672, stack(0x000000904e900000,0x000000904ea00000)]
  0x0000022f4b1ec000 JavaThread "build event listener" [_thread_blocked, id=3108, stack(0x000000904ea00000,0x000000904eb00000)]
  0x0000022f4b1ee800 JavaThread "Execution worker for ':'" [_thread_blocked, id=17332, stack(0x000000904eb00000,0x000000904ec00000)]
  0x0000022f4b1e9800 JavaThread "Execution worker for ':' Thread 2" [_thread_blocked, id=8580, stack(0x000000904ec00000,0x000000904ed00000)]
  0x0000022f4b1f0000 JavaThread "Execution worker for ':' Thread 3" [_thread_blocked, id=5340, stack(0x000000904ed00000,0x000000904ee00000)]
  0x0000022f4b1f1000 JavaThread "Cache worker for execution history cache (C:\Users\BOSS\AndroidStudioProjects\Beok\.gradle\7.3.3\executionHistory)" [_thread_blocked, id=10036, stack(0x000000904ee00000,0x000000904ef00000)]
  0x0000022f4b1f1800 JavaThread "WorkerExecutor Queue" [_thread_in_native, id=16204, stack(0x0000009048e00000,0x0000009048f00000)]
  0x0000022f4b1ec800 JavaThread "WorkerExecutor Queue Thread 2" [_thread_blocked, id=13104, stack(0x000000904ef00000,0x000000904f000000)]
  0x0000022f4b1f3000 JavaThread "WorkerExecutor Queue Thread 3" [_thread_blocked, id=8444, stack(0x000000904f200000,0x000000904f300000)]
  0x0000022f4aa85000 JavaThread "pool-3-thread-1" [_thread_blocked, id=6996, stack(0x000000904f300000,0x000000904f400000)]
  0x0000022f486ea800 JavaThread "stderr" [_thread_in_native, id=9360, stack(0x000000904f400000,0x000000904f500000)]
  0x0000022f486ed000 JavaThread "stdout" [_thread_in_native, id=9856, stack(0x000000904f500000,0x000000904f600000)]
  0x0000022f486ef000 JavaThread "WorkerExecutor Queue Thread 4" [_thread_blocked, id=13512, stack(0x000000904f600000,0x000000904f700000)]
  0x0000022f486ec800 JavaThread "RMI Scheduler(0)" daemon [_thread_blocked, id=7056, stack(0x000000904ad00000,0x000000904ae00000)]
  0x0000022f486ef800 JavaThread "RMI RenewClean-[127.0.0.1:17366,org.jetbrains.kotlin.daemon.common.LoopbackNetworkInterface$ClientLoopbackSocketFactory@6315b4c6]" daemon [_thread_blocked, id=13632, stack(0x000000904f700000,0x000000904f800000)]
  0x0000022f486f0800 JavaThread "RMI GC Daemon" daemon [_thread_blocked, id=17108, stack(0x000000904f800000,0x000000904f900000)]
  0x0000022f4b1e5800 JavaThread "RMI TCP Accept-0" daemon [_thread_in_native, id=13820, stack(0x000000904f900000,0x000000904fa00000)]
  0x0000022f52892000 JavaThread "RMI Reaper" [_thread_blocked, id=15896, stack(0x000000904fb00000,0x000000904fc00000)]
  0x0000022f5288f800 JavaThread "RMI TCP Connection(idle)" daemon [_thread_blocked, id=13300, stack(0x000000904fc00000,0x000000904fd00000)]
=>0x0000022f52892800 JavaThread "C2 CompilerThread1" daemon [_thread_in_native, id=10848, stack(0x000000904fa00000,0x000000904fb00000)]

Other Threads:
  0x0000022f47cb4000 VMThread "VM Thread" [stack: 0x0000009049600000,0x0000009049700000] [id=16468]
  0x0000022f486e0800 WatcherThread [stack: 0x000000904a000000,0x000000904a100000] [id=9380]
  0x0000022f2ec44000 GCTaskThread "GC Thread#0" [stack: 0x0000009049100000,0x0000009049200000] [id=7524]
  0x0000022f491ee000 GCTaskThread "GC Thread#1" [stack: 0x000000904a200000,0x000000904a300000] [id=8060]
  0x0000022f48ddb800 GCTaskThread "GC Thread#2" [stack: 0x000000904a300000,0x000000904a400000] [id=16584]
  0x0000022f48ddc800 GCTaskThread "GC Thread#3" [stack: 0x000000904a400000,0x000000904a500000] [id=2776]
  0x0000022f2ec6b000 ConcurrentGCThread "G1 Main Marker" [stack: 0x0000009049200000,0x0000009049300000] [id=9056]
  0x0000022f2ec6c000 ConcurrentGCThread "G1 Conc#0" [stack: 0x0000009049300000,0x0000009049400000] [id=9152]
  0x0000022f47b14800 ConcurrentGCThread "G1 Refine#0" [stack: 0x0000009049400000,0x0000009049500000] [id=9976]
  0x0000022f4c171000 ConcurrentGCThread "G1 Refine#1" [stack: 0x000000904e800000,0x000000904e900000] [id=15444]
  0x0000022f47b15800 ConcurrentGCThread "G1 Young RemSet Sampling" [stack: 0x0000009049500000,0x0000009049600000] [id=2212]

Threads with active compile tasks:
C2 CompilerThread1  46694 13197       4       org.gradle.internal.logging.text.AbstractLineChoppingStyledTextOutput::doAppend (43 bytes)

VM state:not at safepoint (normal execution)

VM Mutex/Monitor currently owned by a thread: None

Heap address: 0x00000000a0000000, size: 1536 MB, Compressed Oops mode: 32-bit
Narrow klass base: 0x0000000000000000, Narrow klass shift: 3
Compressed class space size: 1073741824 Address: 0x0000000100000000

Heap:
 garbage-first heap   total 236544K, used 167885K [0x00000000a0000000, 0x0000000100000000)
  region size 1024K, 81 young (82944K), 5 survivors (5120K)
 Metaspace       used 105836K, capacity 108255K, committed 108440K, reserved 1142784K
  class space    used 13508K, capacity 14420K, committed 14540K, reserved 1048576K
Heap Regions: E=young(eden), S=young(survivor), O=old, HS=humongous(starts), HC=humongous(continues), CS=collection set, F=free, A=archive, TAMS=top-at-mark-start (previous, next)
|   0|0x00000000a0000000, 0x00000000a0100000, 0x00000000a0100000|100%| O|  |TAMS 0x00000000a0100000, 0x00000000a0000000| Untracked 
|   1|0x00000000a0100000, 0x00000000a0200000, 0x00000000a0200000|100%| O|  |TAMS 0x00000000a0200000, 0x00000000a0100000| Untracked 
|   2|0x00000000a0200000, 0x00000000a0300000, 0x00000000a0300000|100%| O|  |TAMS 0x00000000a0300000, 0x00000000a0200000| Untracked 
|   3|0x00000000a0300000, 0x00000000a0400000, 0x00000000a0400000|100%|HS|  |TAMS 0x00000000a0400000, 0x00000000a0300000| Complete 
|   4|0x00000000a0400000, 0x00000000a0500000, 0x00000000a0500000|100%|HC|  |TAMS 0x00000000a0500000, 0x00000000a0400000| Complete 
|   5|0x00000000a0500000, 0x00000000a0600000, 0x00000000a0600000|100%|HC|  |TAMS 0x00000000a0600000, 0x00000000a0500000| Complete 
|   6|0x00000000a0600000, 0x00000000a0700000, 0x00000000a0700000|100%| O|  |TAMS 0x00000000a0700000, 0x00000000a0600000| Untracked 
|   7|0x00000000a0700000, 0x00000000a0800000, 0x00000000a0800000|100%| O|  |TAMS 0x00000000a0800000, 0x00000000a0700000| Untracked 
|   8|0x00000000a0800000, 0x00000000a0900000, 0x00000000a0900000|100%| O|  |TAMS 0x00000000a0900000, 0x00000000a0800000| Untracked 
|   9|0x00000000a0900000, 0x00000000a0a00000, 0x00000000a0a00000|100%| O|  |TAMS 0x00000000a0a00000, 0x00000000a0900000| Untracked 
|  10|0x00000000a0a00000, 0x00000000a0b00000, 0x00000000a0b00000|100%| O|  |TAMS 0x00000000a0b00000, 0x00000000a0a00000| Untracked 
|  11|0x00000000a0b00000, 0x00000000a0c00000, 0x00000000a0c00000|100%| O|  |TAMS 0x00000000a0c00000, 0x00000000a0b00000| Untracked 
|  12|0x00000000a0c00000, 0x00000000a0d00000, 0x00000000a0d00000|100%| O|  |TAMS 0x00000000a0d00000, 0x00000000a0c00000| Untracked 
|  13|0x00000000a0d00000, 0x00000000a0e00000, 0x00000000a0e00000|100%| O|  |TAMS 0x00000000a0e00000, 0x00000000a0d00000| Untracked 
|  14|0x00000000a0e00000, 0x00000000a0f00000, 0x00000000a0f00000|100%| O|  |TAMS 0x00000000a0f00000, 0x00000000a0e00000| Untracked 
|  15|0x00000000a0f00000, 0x00000000a1000000, 0x00000000a1000000|100%| O|  |TAMS 0x00000000a1000000, 0x00000000a0f00000| Untracked 
|  16|0x00000000a1000000, 0x00000000a1100000, 0x00000000a1100000|100%| O|  |TAMS 0x00000000a1100000, 0x00000000a1000000| Untracked 
|  17|0x00000000a1100000, 0x00000000a1200000, 0x00000000a1200000|100%|HS|  |TAMS 0x00000000a1200000, 0x00000000a1100000| Complete 
|  18|0x00000000a1200000, 0x00000000a1300000, 0x00000000a1300000|100%|HS|  |TAMS 0x00000000a1300000, 0x00000000a1200000| Complete 
|  19|0x00000000a1300000, 0x00000000a1400000, 0x00000000a1400000|100%|HS|  |TAMS 0x00000000a1400000, 0x00000000a1300000| Complete 
|  20|0x00000000a1400000, 0x00000000a1500000, 0x00000000a1500000|100%|HS|  |TAMS 0x00000000a1500000, 0x00000000a1400000| Complete 
|  21|0x00000000a1500000, 0x00000000a1600000, 0x00000000a1600000|100%|HC|  |TAMS 0x00000000a1600000, 0x00000000a1500000| Complete 
|  22|0x00000000a1600000, 0x00000000a1700000, 0x00000000a1700000|100%|HC|  |TAMS 0x00000000a1700000, 0x00000000a1600000| Complete 
|  23|0x00000000a1700000, 0x00000000a1800000, 0x00000000a1800000|100%|HS|  |TAMS 0x00000000a1800000, 0x00000000a1700000| Complete 
|  24|0x00000000a1800000, 0x00000000a1900000, 0x00000000a1900000|100%|HC|  |TAMS 0x00000000a1900000, 0x00000000a1800000| Complete 
|  25|0x00000000a1900000, 0x00000000a1a00000, 0x00000000a1a00000|100%| O|  |TAMS 0x00000000a1a00000, 0x00000000a1900000| Untracked 
|  26|0x00000000a1a00000, 0x00000000a1b00000, 0x00000000a1b00000|100%| O|  |TAMS 0x00000000a1b00000, 0x00000000a1a00000| Untracked 
|  27|0x00000000a1b00000, 0x00000000a1c00000, 0x00000000a1c00000|100%| O|  |TAMS 0x00000000a1c00000, 0x00000000a1b00000| Untracked 
|  28|0x00000000a1c00000, 0x00000000a1d00000, 0x00000000a1d00000|100%| O|  |TAMS 0x00000000a1d00000, 0x00000000a1c00000| Untracked 
|  29|0x00000000a1d00000, 0x00000000a1e00000, 0x00000000a1e00000|100%| O|  |TAMS 0x00000000a1e00000, 0x00000000a1d00000| Untracked 
|  30|0x00000000a1e00000, 0x00000000a1f00000, 0x00000000a1f00000|100%| O|  |TAMS 0x00000000a1f00000, 0x00000000a1e00000| Untracked 
|  31|0x00000000a1f00000, 0x00000000a2000000, 0x00000000a2000000|100%| O|  |TAMS 0x00000000a2000000, 0x00000000a1f00000| Untracked 
|  32|0x00000000a2000000, 0x00000000a2100000, 0x00000000a2100000|100%| O|  |TAMS 0x00000000a2100000, 0x00000000a2000000| Untracked 
|  33|0x00000000a2100000, 0x00000000a2200000, 0x00000000a2200000|100%| O|  |TAMS 0x00000000a2200000, 0x00000000a2100000| Untracked 
|  34|0x00000000a2200000, 0x00000000a2300000, 0x00000000a2300000|100%| O|  |TAMS 0x00000000a2300000, 0x00000000a2200000| Untracked 
|  35|0x00000000a2300000, 0x00000000a2400000, 0x00000000a2400000|100%| O|  |TAMS 0x00000000a2400000, 0x00000000a2300000| Untracked 
|  36|0x00000000a2400000, 0x00000000a2500000, 0x00000000a2500000|100%| O|  |TAMS 0x00000000a2500000, 0x00000000a2400000| Untracked 
|  37|0x00000000a2500000, 0x00000000a2600000, 0x00000000a2600000|100%| O|  |TAMS 0x00000000a2600000, 0x00000000a2500000| Untracked 
|  38|0x00000000a2600000, 0x00000000a2700000, 0x00000000a2700000|100%| O|  |TAMS 0x00000000a2700000, 0x00000000a2600000| Untracked 
|  39|0x00000000a2700000, 0x00000000a2800000, 0x00000000a2800000|100%| O|  |TAMS 0x00000000a2800000, 0x00000000a2700000| Untracked 
|  40|0x00000000a2800000, 0x00000000a2900000, 0x00000000a2900000|100%| O|  |TAMS 0x00000000a2900000, 0x00000000a2800000| Untracked 
|  41|0x00000000a2900000, 0x00000000a2a00000, 0x00000000a2a00000|100%| O|  |TAMS 0x00000000a2a00000, 0x00000000a2900000| Untracked 
|  42|0x00000000a2a00000, 0x00000000a2b00000, 0x00000000a2b00000|100%| O|  |TAMS 0x00000000a2b00000, 0x00000000a2a00000| Untracked 
|  43|0x00000000a2b00000, 0x00000000a2c00000, 0x00000000a2c00000|100%| O|  |TAMS 0x00000000a2c00000, 0x00000000a2b00000| Untracked 
|  44|0x00000000a2c00000, 0x00000000a2d00000, 0x00000000a2d00000|100%| O|  |TAMS 0x00000000a2d00000, 0x00000000a2c00000| Untracked 
|  45|0x00000000a2d00000, 0x00000000a2e00000, 0x00000000a2e00000|100%| O|  |TAMS 0x00000000a2e00000, 0x00000000a2d00000| Untracked 
|  46|0x00000000a2e00000, 0x00000000a2f00000, 0x00000000a2f00000|100%| O|  |TAMS 0x00000000a2f00000, 0x00000000a2e00000| Untracked 
|  47|0x00000000a2f00000, 0x00000000a3000000, 0x00000000a3000000|100%| O|  |TAMS 0x00000000a2f94400, 0x00000000a2f00000| Untracked 
|  48|0x00000000a3000000, 0x00000000a3100000, 0x00000000a3100000|100%| O|  |TAMS 0x00000000a3000000, 0x00000000a3000000| Untracked 
|  49|0x00000000a3100000, 0x00000000a3200000, 0x00000000a3200000|100%| O|  |TAMS 0x00000000a3100000, 0x00000000a3100000| Untracked 
|  50|0x00000000a3200000, 0x00000000a3300000, 0x00000000a3300000|100%| O|  |TAMS 0x00000000a3200000, 0x00000000a3200000| Untracked 
|  51|0x00000000a3300000, 0x00000000a3400000, 0x00000000a3400000|100%| O|  |TAMS 0x00000000a3300000, 0x00000000a3300000| Untracked 
|  52|0x00000000a3400000, 0x00000000a3500000, 0x00000000a3500000|100%| O|  |TAMS 0x00000000a3400000, 0x00000000a3400000| Untracked 
|  53|0x00000000a3500000, 0x00000000a3600000, 0x00000000a3600000|100%| O|  |TAMS 0x00000000a3500000, 0x00000000a3500000| Untracked 
|  54|0x00000000a3600000, 0x00000000a3700000, 0x00000000a3700000|100%| O|  |TAMS 0x00000000a3600000, 0x00000000a3600000| Untracked 
|  55|0x00000000a3700000, 0x00000000a3800000, 0x00000000a3800000|100%| O|  |TAMS 0x00000000a3700000, 0x00000000a3700000| Untracked 
|  56|0x00000000a3800000, 0x00000000a3900000, 0x00000000a3900000|100%| O|  |TAMS 0x00000000a3800000, 0x00000000a3800000| Untracked 
|  57|0x00000000a3900000, 0x00000000a3a00000, 0x00000000a3a00000|100%| O|  |TAMS 0x00000000a3900000, 0x00000000a3900000| Untracked 
|  58|0x00000000a3a00000, 0x00000000a3b00000, 0x00000000a3b00000|100%| O|  |TAMS 0x00000000a3a00000, 0x00000000a3a00000| Untracked 
|  59|0x00000000a3b00000, 0x00000000a3c00000, 0x00000000a3c00000|100%| O|  |TAMS 0x00000000a3b00000, 0x00000000a3b00000| Untracked 
|  60|0x00000000a3c00000, 0x00000000a3d00000, 0x00000000a3d00000|100%| O|  |TAMS 0x00000000a3c00000, 0x00000000a3c00000| Untracked 
|  61|0x00000000a3d00000, 0x00000000a3e00000, 0x00000000a3e00000|100%| O|  |TAMS 0x00000000a3d00000, 0x00000000a3d00000| Untracked 
|  62|0x00000000a3e00000, 0x00000000a3f00000, 0x00000000a3f00000|100%| O|  |TAMS 0x00000000a3e00000, 0x00000000a3e00000| Untracked 
|  63|0x00000000a3f00000, 0x00000000a4000000, 0x00000000a4000000|100%| O|  |TAMS 0x00000000a3f00000, 0x00000000a3f00000| Untracked 
|  64|0x00000000a4000000, 0x00000000a4100000, 0x00000000a4100000|100%| O|  |TAMS 0x00000000a4000000, 0x00000000a4000000| Untracked 
|  65|0x00000000a4100000, 0x00000000a4200000, 0x00000000a4200000|100%| O|  |TAMS 0x00000000a4100000, 0x00000000a4100000| Untracked 
|  66|0x00000000a4200000, 0x00000000a4300000, 0x00000000a4300000|100%| O|  |TAMS 0x00000000a4200000, 0x00000000a4200000| Untracked 
|  67|0x00000000a4300000, 0x00000000a4400000, 0x00000000a4400000|100%| O|  |TAMS 0x00000000a4300000, 0x00000000a4300000| Untracked 
|  68|0x00000000a4400000, 0x00000000a4500000, 0x00000000a4500000|100%| O|  |TAMS 0x00000000a4400000, 0x00000000a4400000| Untracked 
|  69|0x00000000a4500000, 0x00000000a4600000, 0x00000000a4600000|100%| O|  |TAMS 0x00000000a4500000, 0x00000000a4500000| Untracked 
|  70|0x00000000a4600000, 0x00000000a4700000, 0x00000000a4700000|100%| O|  |TAMS 0x00000000a4600000, 0x00000000a4600000| Untracked 
|  71|0x00000000a4700000, 0x00000000a4800000, 0x00000000a4800000|100%| O|  |TAMS 0x00000000a4700000, 0x00000000a4700000| Untracked 
|  72|0x00000000a4800000, 0x00000000a4900000, 0x00000000a4900000|100%| O|  |TAMS 0x00000000a4800000, 0x00000000a4800000| Untracked 
|  73|0x00000000a4900000, 0x00000000a4a00000, 0x00000000a4a00000|100%| O|  |TAMS 0x00000000a4900000, 0x00000000a4900000| Untracked 
|  74|0x00000000a4a00000, 0x00000000a4b00000, 0x00000000a4b00000|100%| O|  |TAMS 0x00000000a4a00000, 0x00000000a4a00000| Untracked 
|  75|0x00000000a4b00000, 0x00000000a4c00000, 0x00000000a4c00000|100%| O|  |TAMS 0x00000000a4b00000, 0x00000000a4b00000| Untracked 
|  76|0x00000000a4c00000, 0x00000000a4d00000, 0x00000000a4d00000|100%| O|  |TAMS 0x00000000a4c00000, 0x00000000a4c00000| Untracked 
|  77|0x00000000a4d00000, 0x00000000a4df3400, 0x00000000a4e00000| 95%| O|  |TAMS 0x00000000a4d00000, 0x00000000a4d00000| Untracked 
|  78|0x00000000a4e00000, 0x00000000a4e00000, 0x00000000a4f00000|  0%| F|  |TAMS 0x00000000a4e00000, 0x00000000a4e00000| Untracked 
|  79|0x00000000a4f00000, 0x00000000a5000000, 0x00000000a5000000|100%| O|  |TAMS 0x00000000a4f00000, 0x00000000a4f00000| Untracked 
|  80|0x00000000a5000000, 0x00000000a5100000, 0x00000000a5100000|100%| O|  |TAMS 0x00000000a5000000, 0x00000000a5000000| Untracked 
|  81|0x00000000a5100000, 0x00000000a5200000, 0x00000000a5200000|100%| O|  |TAMS 0x00000000a5100000, 0x00000000a5100000| Untracked 
|  82|0x00000000a5200000, 0x00000000a5300000, 0x00000000a5300000|100%| O|  |TAMS 0x00000000a5200000, 0x00000000a5200000| Untracked 
|  83|0x00000000a5300000, 0x00000000a5400000, 0x00000000a5400000|100%| O|  |TAMS 0x00000000a5300000, 0x00000000a5300000| Untracked 
|  84|0x00000000a5400000, 0x00000000a5500000, 0x00000000a5500000|100%| O|  |TAMS 0x00000000a5400000, 0x00000000a5400000| Untracked 
|  85|0x00000000a5500000, 0x00000000a5600000, 0x00000000a5600000|100%| O|  |TAMS 0x00000000a5500000, 0x00000000a5500000| Untracked 
|  86|0x00000000a5600000, 0x00000000a5600000, 0x00000000a5700000|  0%| F|  |TAMS 0x00000000a5600000, 0x00000000a5600000| Untracked 
|  87|0x00000000a5700000, 0x00000000a5700000, 0x00000000a5800000|  0%| F|  |TAMS 0x00000000a5700000, 0x00000000a5700000| Untracked 
|  88|0x00000000a5800000, 0x00000000a5800000, 0x00000000a5900000|  0%| F|  |TAMS 0x00000000a5800000, 0x00000000a5800000| Untracked 
|  89|0x00000000a5900000, 0x00000000a5900000, 0x00000000a5a00000|  0%| F|  |TAMS 0x00000000a5900000, 0x00000000a5900000| Untracked 
|  90|0x00000000a5a00000, 0x00000000a5a00000, 0x00000000a5b00000|  0%| F|  |TAMS 0x00000000a5a00000, 0x00000000a5a00000| Untracked 
|  91|0x00000000a5b00000, 0x00000000a5b00000, 0x00000000a5c00000|  0%| F|  |TAMS 0x00000000a5b00000, 0x00000000a5b00000| Untracked 
|  92|0x00000000a5c00000, 0x00000000a5c00000, 0x00000000a5d00000|  0%| F|  |TAMS 0x00000000a5c00000, 0x00000000a5c00000| Untracked 
|  93|0x00000000a5d00000, 0x00000000a5d00000, 0x00000000a5e00000|  0%| F|  |TAMS 0x00000000a5d00000, 0x00000000a5d00000| Untracked 
|  94|0x00000000a5e00000, 0x00000000a5e00000, 0x00000000a5f00000|  0%| F|  |TAMS 0x00000000a5e00000, 0x00000000a5e00000| Untracked 
|  95|0x00000000a5f00000, 0x00000000a5f00000, 0x00000000a6000000|  0%| F|  |TAMS 0x00000000a5f00000, 0x00000000a5f00000| Untracked 
|  96|0x00000000a6000000, 0x00000000a6000000, 0x00000000a6100000|  0%| F|  |TAMS 0x00000000a6000000, 0x00000000a6000000| Untracked 
|  97|0x00000000a6100000, 0x00000000a6100000, 0x00000000a6200000|  0%| F|  |TAMS 0x00000000a6100000, 0x00000000a6100000| Untracked 
|  98|0x00000000a6200000, 0x00000000a6200000, 0x00000000a6300000|  0%| F|  |TAMS 0x00000000a6200000, 0x00000000a6200000| Untracked 
|  99|0x00000000a6300000, 0x00000000a6300000, 0x00000000a6400000|  0%| F|  |TAMS 0x00000000a6300000, 0x00000000a6300000| Untracked 
| 100|0x00000000a6400000, 0x00000000a6400000, 0x00000000a6500000|  0%| F|  |TAMS 0x00000000a6400000, 0x00000000a6400000| Untracked 
| 101|0x00000000a6500000, 0x00000000a6500000, 0x00000000a6600000|  0%| F|  |TAMS 0x00000000a6500000, 0x00000000a6500000| Untracked 
| 102|0x00000000a6600000, 0x00000000a6600000, 0x00000000a6700000|  0%| F|  |TAMS 0x00000000a6600000, 0x00000000a6600000| Untracked 
| 103|0x00000000a6700000, 0x00000000a6700000, 0x00000000a6800000|  0%| F|  |TAMS 0x00000000a6700000, 0x00000000a6700000| Untracked 
| 104|0x00000000a6800000, 0x00000000a6800000, 0x00000000a6900000|  0%| F|  |TAMS 0x00000000a6800000, 0x00000000a6800000| Untracked 
| 105|0x00000000a6900000, 0x00000000a6900000, 0x00000000a6a00000|  0%| F|  |TAMS 0x00000000a6900000, 0x00000000a6900000| Untracked 
| 106|0x00000000a6a00000, 0x00000000a6a00000, 0x00000000a6b00000|  0%| F|  |TAMS 0x00000000a6a00000, 0x00000000a6a00000| Untracked 
| 107|0x00000000a6b00000, 0x00000000a6b00000, 0x00000000a6c00000|  0%| F|  |TAMS 0x00000000a6b00000, 0x00000000a6b00000| Untracked 
| 108|0x00000000a6c00000, 0x00000000a6c00000, 0x00000000a6d00000|  0%| F|  |TAMS 0x00000000a6c00000, 0x00000000a6c00000| Untracked 
| 109|0x00000000a6d00000, 0x00000000a6d00000, 0x00000000a6e00000|  0%| F|  |TAMS 0x00000000a6d00000, 0x00000000a6d00000| Untracked 
| 110|0x00000000a6e00000, 0x00000000a6e00000, 0x00000000a6f00000|  0%| F|  |TAMS 0x00000000a6e00000, 0x00000000a6e00000| Untracked 
| 111|0x00000000a6f00000, 0x00000000a6f00000, 0x00000000a7000000|  0%| F|  |TAMS 0x00000000a6f00000, 0x00000000a6f00000| Untracked 
| 112|0x00000000a7000000, 0x00000000a7000000, 0x00000000a7100000|  0%| F|  |TAMS 0x00000000a7000000, 0x00000000a7000000| Untracked 
| 113|0x00000000a7100000, 0x00000000a7100000, 0x00000000a7200000|  0%| F|  |TAMS 0x00000000a7100000, 0x00000000a7100000| Untracked 
| 114|0x00000000a7200000, 0x00000000a7200000, 0x00000000a7300000|  0%| F|  |TAMS 0x00000000a7200000, 0x00000000a7200000| Untracked 
| 115|0x00000000a7300000, 0x00000000a7300000, 0x00000000a7400000|  0%| F|  |TAMS 0x00000000a7300000, 0x00000000a7300000| Untracked 
| 116|0x00000000a7400000, 0x00000000a7400000, 0x00000000a7500000|  0%| F|  |TAMS 0x00000000a7400000, 0x00000000a7400000| Untracked 
| 117|0x00000000a7500000, 0x00000000a7500000, 0x00000000a7600000|  0%| F|  |TAMS 0x00000000a7500000, 0x00000000a7500000| Untracked 
| 118|0x00000000a7600000, 0x00000000a7600000, 0x00000000a7700000|  0%| F|  |TAMS 0x00000000a7600000, 0x00000000a7600000| Untracked 
| 119|0x00000000a7700000, 0x00000000a7700000, 0x00000000a7800000|  0%| F|  |TAMS 0x00000000a7700000, 0x00000000a7700000| Untracked 
| 120|0x00000000a7800000, 0x00000000a7800000, 0x00000000a7900000|  0%| F|  |TAMS 0x00000000a7800000, 0x00000000a7800000| Untracked 
| 121|0x00000000a7900000, 0x00000000a7900000, 0x00000000a7a00000|  0%| F|  |TAMS 0x00000000a7900000, 0x00000000a7900000| Untracked 
| 122|0x00000000a7a00000, 0x00000000a7b00000, 0x00000000a7b00000|100%| S|CS|TAMS 0x00000000a7a00000, 0x00000000a7a00000| Complete 
| 123|0x00000000a7b00000, 0x00000000a7c00000, 0x00000000a7c00000|100%| S|CS|TAMS 0x00000000a7b00000, 0x00000000a7b00000| Complete 
| 124|0x00000000a7c00000, 0x00000000a7c00000, 0x00000000a7d00000|  0%| F|  |TAMS 0x00000000a7c00000, 0x00000000a7c00000| Untracked 
| 125|0x00000000a7d00000, 0x00000000a7d00000, 0x00000000a7e00000|  0%| F|  |TAMS 0x00000000a7d00000, 0x00000000a7d00000| Untracked 
| 126|0x00000000a7e00000, 0x00000000a7e00000, 0x00000000a7f00000|  0%| F|  |TAMS 0x00000000a7e00000, 0x00000000a7e00000| Untracked 
| 127|0x00000000a7f00000, 0x00000000a7f00000, 0x00000000a8000000|  0%| F|  |TAMS 0x00000000a7f00000, 0x00000000a7f00000| Untracked 
| 128|0x00000000a8000000, 0x00000000a8000000, 0x00000000a8100000|  0%| F|  |TAMS 0x00000000a8000000, 0x00000000a8000000| Untracked 
| 129|0x00000000a8100000, 0x00000000a8100000, 0x00000000a8200000|  0%| F|  |TAMS 0x00000000a8100000, 0x00000000a8100000| Untracked 
| 130|0x00000000a8200000, 0x00000000a8200000, 0x00000000a8300000|  0%| F|  |TAMS 0x00000000a8200000, 0x00000000a8200000| Untracked 
| 131|0x00000000a8300000, 0x00000000a8300000, 0x00000000a8400000|  0%| F|  |TAMS 0x00000000a8300000, 0x00000000a8300000| Untracked 
| 132|0x00000000a8400000, 0x00000000a8400000, 0x00000000a8500000|  0%| F|  |TAMS 0x00000000a8400000, 0x00000000a8400000| Untracked 
| 133|0x00000000a8500000, 0x00000000a8500000, 0x00000000a8600000|  0%| F|  |TAMS 0x00000000a8500000, 0x00000000a8500000| Untracked 
| 134|0x00000000a8600000, 0x00000000a8700000, 0x00000000a8700000|100%| S|CS|TAMS 0x00000000a8600000, 0x00000000a8600000| Complete 
| 135|0x00000000a8700000, 0x00000000a8800000, 0x00000000a8800000|100%| S|CS|TAMS 0x00000000a8700000, 0x00000000a8700000| Complete 
| 136|0x00000000a8800000, 0x00000000a8900000, 0x00000000a8900000|100%| S|CS|TAMS 0x00000000a8800000, 0x00000000a8800000| Complete 
| 137|0x00000000a8900000, 0x00000000a8900000, 0x00000000a8a00000|  0%| F|  |TAMS 0x00000000a8900000, 0x00000000a8900000| Untracked 
| 138|0x00000000a8a00000, 0x00000000a8a00000, 0x00000000a8b00000|  0%| F|  |TAMS 0x00000000a8a00000, 0x00000000a8a00000| Untracked 
| 139|0x00000000a8b00000, 0x00000000a8b00000, 0x00000000a8c00000|  0%| F|  |TAMS 0x00000000a8b00000, 0x00000000a8b00000| Untracked 
| 140|0x00000000a8c00000, 0x00000000a8c00000, 0x00000000a8d00000|  0%| F|  |TAMS 0x00000000a8c00000, 0x00000000a8c00000| Untracked 
| 141|0x00000000a8d00000, 0x00000000a8d00000, 0x00000000a8e00000|  0%| F|  |TAMS 0x00000000a8d00000, 0x00000000a8d00000| Untracked 
| 142|0x00000000a8e00000, 0x00000000a8e00000, 0x00000000a8f00000|  0%| F|  |TAMS 0x00000000a8e00000, 0x00000000a8e00000| Untracked 
| 143|0x00000000a8f00000, 0x00000000a8f00000, 0x00000000a9000000|  0%| F|  |TAMS 0x00000000a8f00000, 0x00000000a8f00000| Untracked 
| 144|0x00000000a9000000, 0x00000000a9000000, 0x00000000a9100000|  0%| F|  |TAMS 0x00000000a9000000, 0x00000000a9000000| Untracked 
| 145|0x00000000a9100000, 0x00000000a9100000, 0x00000000a9200000|  0%| F|  |TAMS 0x00000000a9100000, 0x00000000a9100000| Untracked 
| 146|0x00000000a9200000, 0x00000000a9200000, 0x00000000a9300000|  0%| F|  |TAMS 0x00000000a9200000, 0x00000000a9200000| Untracked 
| 147|0x00000000a9300000, 0x00000000a9300000, 0x00000000a9400000|  0%| F|  |TAMS 0x00000000a9300000, 0x00000000a9300000| Untracked 
| 148|0x00000000a9400000, 0x00000000a9400000, 0x00000000a9500000|  0%| F|  |TAMS 0x00000000a9400000, 0x00000000a9400000| Untracked 
| 149|0x00000000a9500000, 0x00000000a9500000, 0x00000000a9600000|  0%| F|  |TAMS 0x00000000a9500000, 0x00000000a9500000| Untracked 
| 150|0x00000000a9600000, 0x00000000a9600000, 0x00000000a9700000|  0%| F|  |TAMS 0x00000000a9600000, 0x00000000a9600000| Untracked 
| 151|0x00000000a9700000, 0x00000000a9700000, 0x00000000a9800000|  0%| F|  |TAMS 0x00000000a9700000, 0x00000000a9700000| Untracked 
| 152|0x00000000a9800000, 0x00000000a9800000, 0x00000000a9900000|  0%| F|  |TAMS 0x00000000a9800000, 0x00000000a9800000| Untracked 
| 153|0x00000000a9900000, 0x00000000a9900000, 0x00000000a9a00000|  0%| F|  |TAMS 0x00000000a9900000, 0x00000000a9900000| Untracked 
| 154|0x00000000a9a00000, 0x00000000a9a00000, 0x00000000a9b00000|  0%| F|  |TAMS 0x00000000a9a00000, 0x00000000a9a00000| Untracked 
| 155|0x00000000a9b00000, 0x00000000a9b261a0, 0x00000000a9c00000| 14%| E|  |TAMS 0x00000000a9b00000, 0x00000000a9b00000| Complete 
| 156|0x00000000a9c00000, 0x00000000a9d00000, 0x00000000a9d00000|100%| E|CS|TAMS 0x00000000a9c00000, 0x00000000a9c00000| Complete 
| 157|0x00000000a9d00000, 0x00000000a9e00000, 0x00000000a9e00000|100%| E|CS|TAMS 0x00000000a9d00000, 0x00000000a9d00000| Complete 
| 158|0x00000000a9e00000, 0x00000000a9f00000, 0x00000000a9f00000|100%| E|CS|TAMS 0x00000000a9e00000, 0x00000000a9e00000| Complete 
| 159|0x00000000a9f00000, 0x00000000aa000000, 0x00000000aa000000|100%| E|CS|TAMS 0x00000000a9f00000, 0x00000000a9f00000| Complete 
| 160|0x00000000aa000000, 0x00000000aa100000, 0x00000000aa100000|100%| E|CS|TAMS 0x00000000aa000000, 0x00000000aa000000| Complete 
| 161|0x00000000aa100000, 0x00000000aa200000, 0x00000000aa200000|100%| E|CS|TAMS 0x00000000aa100000, 0x00000000aa100000| Complete 
| 162|0x00000000aa200000, 0x00000000aa300000, 0x00000000aa300000|100%| E|CS|TAMS 0x00000000aa200000, 0x00000000aa200000| Complete 
| 163|0x00000000aa300000, 0x00000000aa400000, 0x00000000aa400000|100%| E|CS|TAMS 0x00000000aa300000, 0x00000000aa300000| Complete 
| 164|0x00000000aa400000, 0x00000000aa500000, 0x00000000aa500000|100%| E|  |TAMS 0x00000000aa400000, 0x00000000aa400000| Complete 
| 165|0x00000000aa500000, 0x00000000aa600000, 0x00000000aa600000|100%| E|CS|TAMS 0x00000000aa500000, 0x00000000aa500000| Complete 
| 166|0x00000000aa600000, 0x00000000aa700000, 0x00000000aa700000|100%| E|CS|TAMS 0x00000000aa600000, 0x00000000aa600000| Complete 
| 167|0x00000000aa700000, 0x00000000aa800000, 0x00000000aa800000|100%| E|CS|TAMS 0x00000000aa700000, 0x00000000aa700000| Complete 
| 168|0x00000000aa800000, 0x00000000aa900000, 0x00000000aa900000|100%| E|CS|TAMS 0x00000000aa800000, 0x00000000aa800000| Complete 
| 169|0x00000000aa900000, 0x00000000aaa00000, 0x00000000aaa00000|100%| E|CS|TAMS 0x00000000aa900000, 0x00000000aa900000| Complete 
| 170|0x00000000aaa00000, 0x00000000aab00000, 0x00000000aab00000|100%| E|CS|TAMS 0x00000000aaa00000, 0x00000000aaa00000| Complete 
| 171|0x00000000aab00000, 0x00000000aac00000, 0x00000000aac00000|100%| E|CS|TAMS 0x00000000aab00000, 0x00000000aab00000| Complete 
| 172|0x00000000aac00000, 0x00000000aad00000, 0x00000000aad00000|100%| E|CS|TAMS 0x00000000aac00000, 0x00000000aac00000| Complete 
| 173|0x00000000aad00000, 0x00000000aae00000, 0x00000000aae00000|100%| E|CS|TAMS 0x00000000aad00000, 0x00000000aad00000| Complete 
| 174|0x00000000aae00000, 0x00000000aaf00000, 0x00000000aaf00000|100%| E|CS|TAMS 0x00000000aae00000, 0x00000000aae00000| Complete 
| 175|0x00000000aaf00000, 0x00000000ab000000, 0x00000000ab000000|100%| E|CS|TAMS 0x00000000aaf00000, 0x00000000aaf00000| Complete 
| 176|0x00000000ab000000, 0x00000000ab100000, 0x00000000ab100000|100%| E|CS|TAMS 0x00000000ab000000, 0x00000000ab000000| Complete 
| 177|0x00000000ab100000, 0x00000000ab200000, 0x00000000ab200000|100%| E|CS|TAMS 0x00000000ab100000, 0x00000000ab100000| Complete 
| 178|0x00000000ab200000, 0x00000000ab300000, 0x00000000ab300000|100%| E|CS|TAMS 0x00000000ab200000, 0x00000000ab200000| Complete 
| 179|0x00000000ab300000, 0x00000000ab400000, 0x00000000ab400000|100%| E|CS|TAMS 0x00000000ab300000, 0x00000000ab300000| Complete 
| 180|0x00000000ab400000, 0x00000000ab500000, 0x00000000ab500000|100%| E|CS|TAMS 0x00000000ab400000, 0x00000000ab400000| Complete 
| 181|0x00000000ab500000, 0x00000000ab600000, 0x00000000ab600000|100%| E|CS|TAMS 0x00000000ab500000, 0x00000000ab500000| Complete 
| 182|0x00000000ab600000, 0x00000000ab700000, 0x00000000ab700000|100%| E|CS|TAMS 0x00000000ab600000, 0x00000000ab600000| Complete 
| 183|0x00000000ab700000, 0x00000000ab800000, 0x00000000ab800000|100%| E|CS|TAMS 0x00000000ab700000, 0x00000000ab700000| Complete 
| 184|0x00000000ab800000, 0x00000000ab900000, 0x00000000ab900000|100%| E|CS|TAMS 0x00000000ab800000, 0x00000000ab800000| Complete 
| 185|0x00000000ab900000, 0x00000000aba00000, 0x00000000aba00000|100%| E|CS|TAMS 0x00000000ab900000, 0x00000000ab900000| Complete 
| 186|0x00000000aba00000, 0x00000000abb00000, 0x00000000abb00000|100%| E|CS|TAMS 0x00000000aba00000, 0x00000000aba00000| Complete 
| 187|0x00000000abb00000, 0x00000000abc00000, 0x00000000abc00000|100%| E|CS|TAMS 0x00000000abb00000, 0x00000000abb00000| Complete 
| 188|0x00000000abc00000, 0x00000000abd00000, 0x00000000abd00000|100%| E|CS|TAMS 0x00000000abc00000, 0x00000000abc00000| Complete 
| 189|0x00000000abd00000, 0x00000000abe00000, 0x00000000abe00000|100%| E|CS|TAMS 0x00000000abd00000, 0x00000000abd00000| Complete 
| 190|0x00000000abe00000, 0x00000000abf00000, 0x00000000abf00000|100%| E|CS|TAMS 0x00000000abe00000, 0x00000000abe00000| Complete 
| 191|0x00000000abf00000, 0x00000000ac000000, 0x00000000ac000000|100%| E|CS|TAMS 0x00000000abf00000, 0x00000000abf00000| Complete 
| 192|0x00000000ac000000, 0x00000000ac100000, 0x00000000ac100000|100%| E|CS|TAMS 0x00000000ac000000, 0x00000000ac000000| Complete 
| 193|0x00000000ac100000, 0x00000000ac200000, 0x00000000ac200000|100%| E|CS|TAMS 0x00000000ac100000, 0x00000000ac100000| Complete 
| 194|0x00000000ac200000, 0x00000000ac300000, 0x00000000ac300000|100%| E|CS|TAMS 0x00000000ac200000, 0x00000000ac200000| Complete 
| 195|0x00000000ac300000, 0x00000000ac400000, 0x00000000ac400000|100%| E|CS|TAMS 0x00000000ac300000, 0x00000000ac300000| Complete 
| 196|0x00000000ac400000, 0x00000000ac500000, 0x00000000ac500000|100%| E|CS|TAMS 0x00000000ac400000, 0x00000000ac400000| Complete 
| 197|0x00000000ac500000, 0x00000000ac600000, 0x00000000ac600000|100%| E|CS|TAMS 0x00000000ac500000, 0x00000000ac500000| Complete 
| 198|0x00000000ac600000, 0x00000000ac700000, 0x00000000ac700000|100%| E|CS|TAMS 0x00000000ac600000, 0x00000000ac600000| Complete 
| 199|0x00000000ac700000, 0x00000000ac800000, 0x00000000ac800000|100%| E|CS|TAMS 0x00000000ac700000, 0x00000000ac700000| Complete 
| 200|0x00000000ac800000, 0x00000000ac900000, 0x00000000ac900000|100%| E|CS|TAMS 0x00000000ac800000, 0x00000000ac800000| Complete 
| 201|0x00000000ac900000, 0x00000000aca00000, 0x00000000aca00000|100%| E|CS|TAMS 0x00000000ac900000, 0x00000000ac900000| Complete 
| 202|0x00000000aca00000, 0x00000000acb00000, 0x00000000acb00000|100%| E|CS|TAMS 0x00000000aca00000, 0x00000000aca00000| Complete 
| 203|0x00000000acb00000, 0x00000000acc00000, 0x00000000acc00000|100%| E|CS|TAMS 0x00000000acb00000, 0x00000000acb00000| Complete 
| 204|0x00000000acc00000, 0x00000000acd00000, 0x00000000acd00000|100%| E|CS|TAMS 0x00000000acc00000, 0x00000000acc00000| Complete 
| 205|0x00000000acd00000, 0x00000000ace00000, 0x00000000ace00000|100%| E|CS|TAMS 0x00000000acd00000, 0x00000000acd00000| Complete 
| 206|0x00000000ace00000, 0x00000000acf00000, 0x00000000acf00000|100%| E|CS|TAMS 0x00000000ace00000, 0x00000000ace00000| Complete 
| 207|0x00000000acf00000, 0x00000000ad000000, 0x00000000ad000000|100%| E|CS|TAMS 0x00000000acf00000, 0x00000000acf00000| Complete 
| 208|0x00000000ad000000, 0x00000000ad100000, 0x00000000ad100000|100%| E|CS|TAMS 0x00000000ad000000, 0x00000000ad000000| Complete 
| 209|0x00000000ad100000, 0x00000000ad200000, 0x00000000ad200000|100%| E|CS|TAMS 0x00000000ad100000, 0x00000000ad100000| Complete 
| 210|0x00000000ad200000, 0x00000000ad300000, 0x00000000ad300000|100%| E|CS|TAMS 0x00000000ad200000, 0x00000000ad200000| Complete 
| 211|0x00000000ad300000, 0x00000000ad400000, 0x00000000ad400000|100%| E|CS|TAMS 0x00000000ad300000, 0x00000000ad300000| Complete 
| 212|0x00000000ad400000, 0x00000000ad500000, 0x00000000ad500000|100%| E|CS|TAMS 0x00000000ad400000, 0x00000000ad400000| Complete 
| 213|0x00000000ad500000, 0x00000000ad600000, 0x00000000ad600000|100%| E|CS|TAMS 0x00000000ad500000, 0x00000000ad500000| Complete 
| 214|0x00000000ad600000, 0x00000000ad700000, 0x00000000ad700000|100%| E|CS|TAMS 0x00000000ad600000, 0x00000000ad600000| Complete 
| 215|0x00000000ad700000, 0x00000000ad800000, 0x00000000ad800000|100%| E|CS|TAMS 0x00000000ad700000, 0x00000000ad700000| Complete 
| 216|0x00000000ad800000, 0x00000000ad900000, 0x00000000ad900000|100%| E|CS|TAMS 0x00000000ad800000, 0x00000000ad800000| Complete 
| 217|0x00000000ad900000, 0x00000000ada00000, 0x00000000ada00000|100%| E|CS|TAMS 0x00000000ad900000, 0x00000000ad900000| Complete 
| 218|0x00000000ada00000, 0x00000000adb00000, 0x00000000adb00000|100%| E|CS|TAMS 0x00000000ada00000, 0x00000000ada00000| Complete 
| 219|0x00000000adb00000, 0x00000000adc00000, 0x00000000adc00000|100%| E|CS|TAMS 0x00000000adb00000, 0x00000000adb00000| Complete 
| 220|0x00000000adc00000, 0x00000000add00000, 0x00000000add00000|100%| E|CS|TAMS 0x00000000adc00000, 0x00000000adc00000| Complete 
| 221|0x00000000add00000, 0x00000000ade00000, 0x00000000ade00000|100%| E|CS|TAMS 0x00000000add00000, 0x00000000add00000| Complete 
| 222|0x00000000ade00000, 0x00000000adf00000, 0x00000000adf00000|100%| E|CS|TAMS 0x00000000ade00000, 0x00000000ade00000| Complete 
| 223|0x00000000adf00000, 0x00000000ae000000, 0x00000000ae000000|100%| E|CS|TAMS 0x00000000adf00000, 0x00000000adf00000| Complete 
| 224|0x00000000ae000000, 0x00000000ae100000, 0x00000000ae100000|100%| E|CS|TAMS 0x00000000ae000000, 0x00000000ae000000| Complete 
| 225|0x00000000ae100000, 0x00000000ae200000, 0x00000000ae200000|100%| E|CS|TAMS 0x00000000ae100000, 0x00000000ae100000| Complete 
| 226|0x00000000ae200000, 0x00000000ae300000, 0x00000000ae300000|100%| E|CS|TAMS 0x00000000ae200000, 0x00000000ae200000| Complete 
| 227|0x00000000ae300000, 0x00000000ae400000, 0x00000000ae400000|100%| E|CS|TAMS 0x00000000ae300000, 0x00000000ae300000| Complete 
| 228|0x00000000ae400000, 0x00000000ae500000, 0x00000000ae500000|100%| E|CS|TAMS 0x00000000ae400000, 0x00000000ae400000| Complete 
| 229|0x00000000ae500000, 0x00000000ae600000, 0x00000000ae600000|100%| E|CS|TAMS 0x00000000ae500000, 0x00000000ae500000| Complete 
| 230|0x00000000ae600000, 0x00000000ae700000, 0x00000000ae700000|100%| E|CS|TAMS 0x00000000ae600000, 0x00000000ae600000| Complete 

Card table byte_map: [0x0000022f42070000,0x0000022f42370000] _byte_map_base: 0x0000022f41b70000

Marking Bits (Prev, Next): (CMBitMap*) 0x0000022f2ec64268, (CMBitMap*) 0x0000022f2ec642a0
 Prev Bits: [0x0000022f42670000, 0x0000022f43e70000)
 Next Bits: [0x0000022f43e70000, 0x0000022f45670000)

Polling page: 0x0000022f2d420000

Metaspace:

Usage:
  Non-class:     91.64 MB capacity,    90.16 MB ( 98%) used,     1.18 MB (  1%) free+waste,   301.56 KB ( <1%) overhead. 
      Class:     14.08 MB capacity,    13.19 MB ( 94%) used,   777.64 KB (  5%) free+waste,   134.13 KB ( <1%) overhead. 
       Both:    105.72 MB capacity,   103.36 MB ( 98%) used,     1.94 MB (  2%) free+waste,   435.69 KB ( <1%) overhead. 

Virtual space:
  Non-class space:       92.00 MB reserved,      91.70 MB (>99%) committed 
      Class space:        1.00 GB reserved,      14.20 MB (  1%) committed 
             Both:        1.09 GB reserved,     105.90 MB (  9%) committed 

Chunk freelists:
   Non-Class:  0 bytes
       Class:  0 bytes
        Both:  0 bytes

MaxMetaspaceSize: 17179869184.00 GB
CompressedClassSpaceSize: 1.00 GB
Initial GC threshold: 20.80 MB
Current GC threshold: 111.08 MB
CDS: off

CodeHeap 'non-profiled nmethods': size=120064Kb used=7768Kb max_used=7768Kb free=112295Kb
 bounds [0x0000022f3a200000, 0x0000022f3a9a0000, 0x0000022f41740000]
CodeHeap 'profiled nmethods': size=120000Kb used=28717Kb max_used=28717Kb free=91282Kb
 bounds [0x0000022f32cd0000, 0x0000022f348e0000, 0x0000022f3a200000]
CodeHeap 'non-nmethods': size=5696Kb used=2448Kb max_used=2484Kb free=3247Kb
 bounds [0x0000022f32740000, 0x0000022f329c0000, 0x0000022f32cd0000]
 total_blobs=13968 nmethods=12985 adapters=895
 compilation: enabled
              stopped_count=0, restarted_count=0
 full_count=0

Compilation events (20 events):
Event: 45.310 Thread 0x0000022f4856b800 nmethod 13190 0x0000022f348d7210 code [0x0000022f348d7400, 0x0000022f348d7958]
Event: 45.310 Thread 0x0000022f4856b800 13191       3       net.rubygrapefruit.platform.internal.jni.AbstractFileEventFunctions$ChangeEvent::<init> (15 bytes)
Event: 45.310 Thread 0x0000022f4856b800 nmethod 13191 0x0000022f348d7b90 code [0x0000022f348d7d40, 0x0000022f348d7f58]
Event: 45.310 Thread 0x0000022f4856b800 13192       3       net.rubygrapefruit.platform.internal.jni.AbstractFileEventFunctions$NativeFileWatcherCallback::queueEvent (39 bytes)
Event: 45.311 Thread 0x0000022f4856b800 nmethod 13192 0x0000022f348d8010 code [0x0000022f348d8280, 0x0000022f348d8c28]
Event: 45.315 Thread 0x0000022f48567000 nmethod 13185 0x0000022f3a991790 code [0x0000022f3a991960, 0x0000022f3a992268]
Event: 46.618 Thread 0x0000022f48567000 13193       4       sun.invoke.util.Wrapper::forPrimitiveType (49 bytes)
Event: 46.618 Thread 0x0000022f4856b800 13194       3       java.util.Arrays$ArrayList::toArray (47 bytes)
Event: 46.619 Thread 0x0000022f4856b800 nmethod 13194 0x0000022f348d9010 code [0x0000022f348d9200, 0x0000022f348d9778]
Event: 46.620 Thread 0x0000022f4856b800 13198       3       java.io.OutputStreamWriter::flushBuffer (8 bytes)
Event: 46.620 Thread 0x0000022f4856b800 nmethod 13198 0x0000022f348d9910 code [0x0000022f348d9ac0, 0x0000022f348d9be8]
Event: 46.620 Thread 0x0000022f4856b800 13199   !   3       java.io.PrintStream::write (83 bytes)
Event: 46.622 Thread 0x0000022f4856b800 nmethod 13199 0x0000022f348d9c90 code [0x0000022f348d9f40, 0x0000022f348dabf8]
Event: 46.622 Thread 0x0000022f4856b800 13200       3       java.io.FileOutputStream::write (20 bytes)
Event: 46.622 Thread 0x0000022f52892800 13197       4       org.gradle.internal.logging.text.AbstractLineChoppingStyledTextOutput::doAppend (43 bytes)
Event: 46.622 Thread 0x0000022f4856b800 nmethod 13200 0x0000022f348db210 code [0x0000022f348db3e0, 0x0000022f348db588]
Event: 46.623 Thread 0x0000022f48567000 nmethod 13193 0x0000022f3a992590 code [0x0000022f3a992740, 0x0000022f3a992928]
Event: 46.623 Thread 0x0000022f48567000 13202       4       org.gradle.internal.logging.text.AbstractLineChoppingStyledTextOutput$StateContext::setState (10 bytes)
Event: 46.626 Thread 0x0000022f48567000 nmethod 13202 0x0000022f3a992c10 code [0x0000022f3a992da0, 0x0000022f3a992ed8]
Event: 46.626 Thread 0x0000022f48567000 13196       4       org.gradle.internal.logging.text.AbstractLineChoppingStyledTextOutput$1::execute (9 bytes)

GC Heap History (20 events):
Event: 13.015 GC heap before
{Heap before GC invocations=9 (full 0):
 garbage-first heap   total 196608K, used 136415K [0x00000000a0000000, 0x0000000100000000)
  region size 1024K, 115 young (117760K), 7 survivors (7168K)
 Metaspace       used 44503K, capacity 45491K, committed 45772K, reserved 1089536K
  class space    used 5699K, capacity 6095K, committed 6144K, reserved 1048576K
}
Event: 13.046 GC heap after
{Heap after GC invocations=10 (full 0):
 garbage-first heap   total 196608K, used 29738K [0x00000000a0000000, 0x0000000100000000)
  region size 1024K, 13 young (13312K), 13 survivors (13312K)
 Metaspace       used 44503K, capacity 45491K, committed 45772K, reserved 1089536K
  class space    used 5699K, capacity 6095K, committed 6144K, reserved 1048576K
}
Event: 16.097 GC heap before
{Heap before GC invocations=10 (full 0):
 garbage-first heap   total 196608K, used 141354K [0x00000000a0000000, 0x0000000100000000)
  region size 1024K, 115 young (117760K), 13 survivors (13312K)
 Metaspace       used 50561K, capacity 51883K, committed 52044K, reserved 1093632K
  class space    used 6466K, capacity 6948K, committed 7040K, reserved 1048576K
}
Event: 16.137 GC heap after
{Heap after GC invocations=11 (full 0):
 garbage-first heap   total 196608K, used 48158K [0x00000000a0000000, 0x0000000100000000)
  region size 1024K, 15 young (15360K), 15 survivors (15360K)
 Metaspace       used 50561K, capacity 51883K, committed 52044K, reserved 1093632K
  class space    used 6466K, capacity 6948K, committed 7040K, reserved 1048576K
}
Event: 17.796 GC heap before
{Heap before GC invocations=11 (full 0):
 garbage-first heap   total 196608K, used 104478K [0x00000000a0000000, 0x0000000100000000)
  region size 1024K, 71 young (72704K), 15 survivors (15360K)
 Metaspace       used 58850K, capacity 60231K, committed 60288K, reserved 1101824K
  class space    used 7493K, capacity 8043K, committed 8064K, reserved 1048576K
}
Event: 17.849 GC heap after
{Heap after GC invocations=12 (full 0):
 garbage-first heap   total 196608K, used 51345K [0x00000000a0000000, 0x0000000100000000)
  region size 1024K, 3 young (3072K), 3 survivors (3072K)
 Metaspace       used 58850K, capacity 60231K, committed 60288K, reserved 1101824K
  class space    used 7493K, capacity 8043K, committed 8064K, reserved 1048576K
}
Event: 20.316 GC heap before
{Heap before GC invocations=13 (full 0):
 garbage-first heap   total 196608K, used 130193K [0x00000000a0000000, 0x0000000100000000)
  region size 1024K, 80 young (81920K), 3 survivors (3072K)
 Metaspace       used 66160K, capacity 67665K, committed 67864K, reserved 1107968K
  class space    used 8410K, capacity 9013K, committed 9036K, reserved 1048576K
}
Event: 20.338 GC heap after
{Heap after GC invocations=14 (full 0):
 garbage-first heap   total 236544K, used 56584K [0x00000000a0000000, 0x0000000100000000)
  region size 1024K, 8 young (8192K), 8 survivors (8192K)
 Metaspace       used 66160K, capacity 67665K, committed 67864K, reserved 1107968K
  class space    used 8410K, capacity 9013K, committed 9036K, reserved 1048576K
}
Event: 23.130 GC heap before
{Heap before GC invocations=15 (full 0):
 garbage-first heap   total 236544K, used 152840K [0x00000000a0000000, 0x0000000100000000)
  region size 1024K, 102 young (104448K), 8 survivors (8192K)
 Metaspace       used 73205K, capacity 74731K, committed 74904K, reserved 1114112K
  class space    used 9497K, capacity 10102K, committed 10188K, reserved 1048576K
}
Event: 23.163 GC heap after
{Heap after GC invocations=16 (full 0):
 garbage-first heap   total 236544K, used 63459K [0x00000000a0000000, 0x0000000100000000)
  region size 1024K, 13 young (13312K), 13 survivors (13312K)
 Metaspace       used 73205K, capacity 74731K, committed 74904K, reserved 1114112K
  class space    used 9497K, capacity 10102K, committed 10188K, reserved 1048576K
}
Event: 26.242 GC heap before
{Heap before GC invocations=16 (full 0):
 garbage-first heap   total 236544K, used 160739K [0x00000000a0000000, 0x0000000100000000)
  region size 1024K, 108 young (110592K), 13 survivors (13312K)
 Metaspace       used 82451K, capacity 84193K, committed 84376K, reserved 1122304K
  class space    used 10746K, capacity 11406K, committed 11468K, reserved 1048576K
}
Event: 26.306 GC heap after
{Heap after GC invocations=17 (full 0):
 garbage-first heap   total 236544K, used 70343K [0x00000000a0000000, 0x0000000100000000)
  region size 1024K, 14 young (14336K), 14 survivors (14336K)
 Metaspace       used 82451K, capacity 84193K, committed 84376K, reserved 1122304K
  class space    used 10746K, capacity 11406K, committed 11468K, reserved 1048576K
}
Event: 29.986 GC heap before
{Heap before GC invocations=17 (full 0):
 garbage-first heap   total 236544K, used 166599K [0x00000000a0000000, 0x0000000100000000)
  region size 1024K, 109 young (111616K), 14 survivors (14336K)
 Metaspace       used 86826K, capacity 88975K, committed 89240K, reserved 1126400K
  class space    used 11283K, capacity 12098K, committed 12236K, reserved 1048576K
}
Event: 30.037 GC heap after
{Heap after GC invocations=18 (full 0):
 garbage-first heap   total 236544K, used 77715K [0x00000000a0000000, 0x0000000100000000)
  region size 1024K, 14 young (14336K), 14 survivors (14336K)
 Metaspace       used 86826K, capacity 88975K, committed 89240K, reserved 1126400K
  class space    used 11283K, capacity 12098K, committed 12236K, reserved 1048576K
}
Event: 33.718 GC heap before
{Heap before GC invocations=18 (full 0):
 garbage-first heap   total 236544K, used 191379K [0x00000000a0000000, 0x0000000100000000)
  region size 1024K, 109 young (111616K), 14 survivors (14336K)
 Metaspace       used 94407K, capacity 96532K, committed 96664K, reserved 1132544K
  class space    used 12114K, capacity 12913K, committed 13004K, reserved 1048576K
}
Event: 33.758 GC heap after
{Heap after GC invocations=19 (full 0):
 garbage-first heap   total 236544K, used 80171K [0x00000000a0000000, 0x0000000100000000)
  region size 1024K, 10 young (10240K), 10 survivors (10240K)
 Metaspace       used 94407K, capacity 96532K, committed 96664K, reserved 1132544K
  class space    used 12114K, capacity 12913K, committed 13004K, reserved 1048576K
}
Event: 35.715 GC heap before
{Heap before GC invocations=19 (full 0):
 garbage-first heap   total 236544K, used 178475K [0x00000000a0000000, 0x0000000100000000)
  region size 1024K, 107 young (109568K), 10 survivors (10240K)
 Metaspace       used 97315K, capacity 99490K, committed 99608K, reserved 1136640K
  class space    used 12450K, capacity 13293K, committed 13388K, reserved 1048576K
}
Event: 35.757 GC heap after
{Heap after GC invocations=20 (full 0):
 garbage-first heap   total 236544K, used 87632K [0x00000000a0000000, 0x0000000100000000)
  region size 1024K, 10 young (10240K), 10 survivors (10240K)
 Metaspace       used 97315K, capacity 99490K, committed 99608K, reserved 1136640K
  class space    used 12450K, capacity 13293K, committed 13388K, reserved 1048576K
}
Event: 39.559 GC heap before
{Heap before GC invocations=20 (full 0):
 garbage-first heap   total 236544K, used 182864K [0x00000000a0000000, 0x0000000100000000)
  region size 1024K, 104 young (106496K), 10 survivors (10240K)
 Metaspace       used 100607K, capacity 102793K, committed 103064K, reserved 1138688K
  class space    used 12815K, capacity 13667K, committed 13772K, reserved 1048576K
}
Event: 39.582 GC heap after
{Heap after GC invocations=21 (full 0):
 garbage-first heap   total 236544K, used 92109K [0x00000000a0000000, 0x0000000100000000)
  region size 1024K, 5 young (5120K), 5 survivors (5120K)
 Metaspace       used 100607K, capacity 102793K, committed 103064K, reserved 1138688K
  class space    used 12815K, capacity 13667K, committed 13772K, reserved 1048576K
}

Deoptimization events (20 events):
Event: 43.212 Thread 0x0000022f4b1f1800 Uncommon trap: trap_request=0xffffffde fr.pc=0x0000022f3a30482c relative=0x0000000000000b0c
Event: 43.212 Thread 0x0000022f4b1f1800 Uncommon trap: reason=class_check action=maybe_recompile pc=0x0000022f3a30482c method=java.io.DataOutputStream.write(I)V @ 5 c2
Event: 43.212 Thread 0x0000022f4b1f1800 DEOPT PACKING pc=0x0000022f3a30482c sp=0x0000009048efceb0
Event: 43.212 Thread 0x0000022f4b1f1800 DEOPT UNPACKING pc=0x0000022f3278a1af sp=0x0000009048efce40 mode 2
Event: 43.419 Thread 0x0000022f4b1f1800 DEOPT PACKING pc=0x0000022f339568c2 sp=0x0000009048efcf90
Event: 43.419 Thread 0x0000022f4b1f1800 DEOPT UNPACKING pc=0x0000022f3278a95e sp=0x0000009048efc3e8 mode 0
Event: 43.721 Thread 0x0000022f5288f800 Uncommon trap: trap_request=0xffffffde fr.pc=0x0000022f3a579bfc relative=0x00000000000000bc
Event: 43.721 Thread 0x0000022f5288f800 Uncommon trap: reason=class_check action=maybe_recompile pc=0x0000022f3a579bfc method=java.lang.ThreadLocal.set(Ljava/lang/Object;)V @ 26 c2
Event: 43.721 Thread 0x0000022f5288f800 DEOPT PACKING pc=0x0000022f3a579bfc sp=0x000000904fcfd760
Event: 43.721 Thread 0x0000022f5288f800 DEOPT UNPACKING pc=0x0000022f3278a1af sp=0x000000904fcfd6f0 mode 2
Event: 45.224 Thread 0x0000022f4aa79000 DEOPT PACKING pc=0x0000022f3488ecc4 sp=0x000000904b4fef60
Event: 45.224 Thread 0x0000022f4aa79000 DEOPT UNPACKING pc=0x0000022f3278a95e sp=0x000000904b4fe500 mode 0
Event: 45.266 Thread 0x0000022f4aa79000 DEOPT PACKING pc=0x0000022f3488ecc4 sp=0x000000904b4fef60
Event: 45.266 Thread 0x0000022f4aa79000 DEOPT UNPACKING pc=0x0000022f3278a95e sp=0x000000904b4fe500 mode 0
Event: 45.319 Thread 0x0000022f4aa79000 DEOPT PACKING pc=0x0000022f3488ecc4 sp=0x000000904b4fef60
Event: 45.319 Thread 0x0000022f4aa79000 DEOPT UNPACKING pc=0x0000022f3278a95e sp=0x000000904b4fe500 mode 0
Event: 46.616 Thread 0x0000022f4b1f1800 Uncommon trap: trap_request=0xffffff4d fr.pc=0x0000022f3a88a0b0 relative=0x0000000000000070
Event: 46.616 Thread 0x0000022f4b1f1800 Uncommon trap: reason=unstable_if action=reinterpret pc=0x0000022f3a88a0b0 method=org.gradle.internal.logging.slf4j.OutputEventListenerBackedLogger.isLevelAtMost(Lorg/gradle/api/logging/LogLevel;)Z @ 11 c2
Event: 46.616 Thread 0x0000022f4b1f1800 DEOPT PACKING pc=0x0000022f3a88a0b0 sp=0x0000009048efd890
Event: 46.616 Thread 0x0000022f4b1f1800 DEOPT UNPACKING pc=0x0000022f3278a1af sp=0x0000009048efd830 mode 2

Classes redefined (0 events):
No events

Internal exceptions (20 events):
Event: 43.303 Thread 0x0000022f4b1f1800 Exception <a 'java/lang/NoSuchMethodError'{0x00000000aa164890}: <clinit>> (0x00000000aa164890) thrown at [./src/hotspot/share/prims/jni.cpp, line 1365]
Event: 43.322 Thread 0x0000022f4b1f1800 Exception <a 'java/lang/NoSuchMethodError'{0x00000000aa007270}: 'java.lang.Object java.lang.invoke.DirectMethodHandle$Holder.invokeSpecial(java.lang.Object, java.lang.Object, int, int, java.lang.Object, int, java.lang.Object, java.lang.Object)'> (0x00000000aa007270) thrown at [./src/hotspot/share/interpreter/linkResolver.cpp, line 773]
Event: 43.322 Thread 0x0000022f4b1f1800 Exception <a 'java/lang/NoSuchMethodError'{0x00000000aa00ab58}: 'java.lang.Object java.lang.invoke.DelegatingMethodHandle$Holder.reinvoke_L(java.lang.Object, int, int, java.lang.Object, int, java.lang.Object, java.lang.Object)'> (0x00000000aa00ab58) thrown at [./src/hotspot/share/interpreter/linkResolver.cpp, line 773]
Event: 43.325 Thread 0x0000022f4b1f1800 Exception <a 'java/lang/NoSuchMethodError'{0x00000000aa035628}: 'java.lang.Object java.lang.invoke.DirectMethodHandle$Holder.invokeStatic(java.lang.Object, java.lang.Object, java.lang.Object, java.lang.Object, java.lang.Object, java.lang.Object, java.lang.Object, java.lang.Object, int)'> (0x00000000aa035628) thrown at [./src/hotspot/share/interpreter/linkResolver.cpp, line 773]
Event: 43.327 Thread 0x0000022f4b1f1800 Exception <a 'java/lang/NoSuchMethodError'{0x00000000aa050070}: 'java.lang.Object java.lang.invoke.DirectMethodHandle$Holder.invokeStatic(java.lang.Object, java.lang.Object, java.lang.Object, java.lang.Object, java.lang.Object, java.lang.Object, java.lang.Object, java.lang.Object, int, int)'> (0x00000000aa050070) thrown at [./src/hotspot/share/interpreter/linkResolver.cpp, line 773]
Event: 43.328 Thread 0x0000022f4b1f1800 Exception <a 'java/lang/NoSuchMethodError'{0x00000000aa06b9b8}: 'java.lang.Object java.lang.invoke.DirectMethodHandle$Holder.invokeStatic(java.lang.Object, java.lang.Object, java.lang.Object, java.lang.Object, java.lang.Object, java.lang.Object, java.lang.Object, java.lang.Object, int, int, java.lang.Object)'> (0x00000000aa06b9b8) thrown at [./src/hotspot/share/interpreter/linkResolver.cpp, line 773]
Event: 43.330 Thread 0x0000022f4b1f1800 Exception <a 'java/lang/NoSuchMethodError'{0x00000000aa088738}: 'java.lang.Object java.lang.invoke.DirectMethodHandle$Holder.invokeStatic(java.lang.Object, java.lang.Object, java.lang.Object, java.lang.Object, java.lang.Object, java.lang.Object, java.lang.Object, java.lang.Object, int, int, java.lang.Object, java.lang.Object)'> (0x00000000aa088738) thrown at [./src/hotspot/share/interpreter/linkResolver.cpp, line 773]
Event: 43.347 Thread 0x0000022f4b1f1800 Exception <a 'java/lang/NoSuchMethodError'{0x00000000aa0bb188}: <clinit>> (0x00000000aa0bb188) thrown at [./src/hotspot/share/prims/jni.cpp, line 1365]
Event: 43.350 Thread 0x0000022f4b1f1800 Exception <a 'java/lang/NoSuchMethodError'{0x00000000aa0dd470}: <clinit>> (0x00000000aa0dd470) thrown at [./src/hotspot/share/prims/jni.cpp, line 1365]
Event: 43.372 Thread 0x0000022f486ef800 Exception <a 'java/lang/InterruptedException'{0x00000000a9f00000}> (0x00000000a9f00000) thrown at [./src/hotspot/share/runtime/objectMonitor.cpp, line 1635]
Event: 43.374 Thread 0x0000022f486ef800 Exception <a 'java/lang/NoSuchMethodError'{0x00000000a9f08060}: 'java.lang.Object java.lang.invoke.DirectMethodHandle$Holder.invokeStatic(java.lang.Object, java.lang.Object, int, java.lang.Object, long)'> (0x00000000a9f08060) thrown at [./src/hotspot/share/interpreter/linkResolver.cpp, line 773]
Event: 43.394 Thread 0x0000022f4b1f1800 Exception <a 'java/lang/NoSuchMethodError'{0x00000000a9f2ed40}: <clinit>> (0x00000000a9f2ed40) thrown at [./src/hotspot/share/prims/jni.cpp, line 1365]
Event: 43.395 Thread 0x0000022f4b1f1800 Exception <a 'java/lang/NoSuchMethodError'{0x00000000a9f3b9b8}: <clinit>> (0x00000000a9f3b9b8) thrown at [./src/hotspot/share/prims/jni.cpp, line 1365]
Event: 43.396 Thread 0x0000022f4b1f1800 Exception <a 'java/lang/NoSuchMethodError'{0x00000000a9f487d8}: <clinit>> (0x00000000a9f487d8) thrown at [./src/hotspot/share/prims/jni.cpp, line 1365]
Event: 43.402 Thread 0x0000022f4b1f1800 Exception <a 'java/lang/NoSuchMethodError'{0x00000000a9f5e498}: <clinit>> (0x00000000a9f5e498) thrown at [./src/hotspot/share/prims/jni.cpp, line 1365]
Event: 43.461 Thread 0x0000022f4b1f1800 Exception <a 'java/lang/NoSuchMethodError'{0x00000000a9ea5610}: <clinit>> (0x00000000a9ea5610) thrown at [./src/hotspot/share/prims/jni.cpp, line 1365]
Event: 43.708 Thread 0x0000022f5288f800 Exception <a 'java/lang/NoSuchMethodError'{0x00000000a9c63bb8}: 'java.lang.Object java.lang.invoke.DirectMethodHandle$Holder.invokeStatic(java.lang.Object, java.lang.Object, java.lang.Object, java.lang.Object, java.lang.Object, java.lang.Object, java.lang.Object, java.lang.Object, java.lang.Object, java.lang.Object, java.lang.Object, java.lang.Object, java.lang.Object, int)'> (0x00000000a9c63bb8) thrown at [./src/hotspot/share/interpreter/linkResolver.cpp, line 773]
Event: 43.710 Thread 0x0000022f5288f800 Exception <a 'java/lang/NoSuchMethodError'{0x00000000a9c70630}: 'java.lang.Object java.lang.invoke.DirectMethodHandle$Holder.invokeStatic(java.lang.Object, java.lang.Object, java.lang.Object, java.lang.Object, java.lang.Object, java.lang.Object, java.lang.Object, java.lang.Object, java.lang.Object, java.lang.Object, java.lang.Object, java.lang.Object, java.lang.Object, int, int)'> (0x00000000a9c70630) thrown at [./src/hotspot/share/interpreter/linkResolver.cpp, line 773]
Event: 46.616 Thread 0x0000022f5288f800 Exception <a 'sun/net/ConnectionResetException'{0x00000000a9c9beb0}: > (0x00000000a9c9beb0) thrown at [./src/hotspot/share/prims/jni.cpp, line 636]
Event: 46.616 Thread 0x0000022f4b1f1800 Exception <a 'sun/net/ConnectionResetException'{0x00000000a9c1e720}: > (0x00000000a9c1e720) thrown at [./src/hotspot/share/prims/jni.cpp, line 636]

Events (20 events):
Event: 43.724 Executing VM operation: RevokeBias
Event: 43.724 Executing VM operation: RevokeBias done
Event: 43.725 loading class sun/rmi/transport/Transport$1
Event: 43.725 loading class sun/rmi/transport/Transport$1 done
Event: 43.726 loading class sun/rmi/transport/DGCImpl$LeaseInfo
Event: 43.727 loading class sun/rmi/transport/DGCImpl$LeaseInfo done
Event: 43.727 loading class sun/rmi/transport/DGCImpl$1
Event: 43.727 loading class sun/rmi/transport/DGCImpl$1 done
Event: 43.727 loading class sun/rmi/transport/SequenceEntry
Event: 43.727 loading class sun/rmi/transport/SequenceEntry done
Event: 44.958 Thread 0x0000022f5288e800 Thread exited: 0x0000022f5288e800
Event: 46.616 loading class sun/net/ConnectionResetException
Event: 46.616 loading class sun/net/ConnectionResetException done
Event: 46.617 loading class org/jetbrains/kotlin/gradle/utils/ErrorUtilsKt
Event: 46.617 loading class org/jetbrains/kotlin/gradle/utils/ErrorUtilsKt done
Event: 46.617 loading class java/lang/Throwable$WrappedPrintWriter
Event: 46.617 loading class java/lang/Throwable$PrintStreamOrWriter
Event: 46.617 loading class java/lang/Throwable$PrintStreamOrWriter done
Event: 46.617 loading class java/lang/Throwable$WrappedPrintWriter done
Event: 46.622 Thread 0x0000022f52892800 Thread added: 0x0000022f52892800


Dynamic libraries:
0x00007ff7bf820000 - 0x00007ff7bf82a000 	C:\Program Files\Android\Android Studio\jre\bin\java.exe
0x00007ffa94a50000 - 0x00007ffa94c48000 	C:\Windows\SYSTEM32\ntdll.dll
0x00007ffa94950000 - 0x00007ffa94a0d000 	C:\Windows\System32\KERNEL32.DLL
0x00007ffa926e0000 - 0x00007ffa929ae000 	C:\Windows\System32\KERNELBASE.dll
0x00007ffa929b0000 - 0x00007ffa92ab0000 	C:\Windows\System32\ucrtbase.dll
0x00007ffa71250000 - 0x00007ffa71267000 	C:\Program Files\Android\Android Studio\jre\bin\VCRUNTIME140.dll
0x00007ffa71230000 - 0x00007ffa71249000 	C:\Program Files\Android\Android Studio\jre\bin\jli.dll
0x00007ffa94500000 - 0x00007ffa946a0000 	C:\Windows\System32\USER32.dll
0x00007ffa82400000 - 0x00007ffa8269a000 	C:\Windows\WinSxS\amd64_microsoft.windows.common-controls_6595b64144ccf1df_6.0.19041.1110_none_60b5254171f9507e\COMCTL32.dll
0x00007ffa922b0000 - 0x00007ffa922d2000 	C:\Windows\System32\win32u.dll
0x00007ffa92f20000 - 0x00007ffa92fbe000 	C:\Windows\System32\msvcrt.dll
0x00007ffa93110000 - 0x00007ffa9313a000 	C:\Windows\System32\GDI32.dll
0x00007ffa921a0000 - 0x00007ffa922ab000 	C:\Windows\System32\gdi32full.dll
0x00007ffa922e0000 - 0x00007ffa9237d000 	C:\Windows\System32\msvcp_win.dll
0x00007ffa92ef0000 - 0x00007ffa92f20000 	C:\Windows\System32\IMM32.DLL
0x00007ffa4d1f0000 - 0x00007ffa4d28d000 	C:\Program Files\Android\Android Studio\jre\bin\msvcp140.dll
0x00007ffa454c0000 - 0x00007ffa45fa5000 	C:\Program Files\Android\Android Studio\jre\bin\server\jvm.dll
0x00007ffa931a0000 - 0x00007ffa9324e000 	C:\Windows\System32\ADVAPI32.dll
0x00007ffa93360000 - 0x00007ffa933fc000 	C:\Windows\System32\sechost.dll
0x00007ffa92fc0000 - 0x00007ffa930e5000 	C:\Windows\System32\RPCRT4.dll
0x00007ffa94750000 - 0x00007ffa94758000 	C:\Windows\System32\PSAPI.DLL
0x00007ffa7f2b0000 - 0x00007ffa7f2d7000 	C:\Windows\SYSTEM32\WINMM.dll
0x00007ffa8b6d0000 - 0x00007ffa8b6da000 	C:\Windows\SYSTEM32\VERSION.dll
0x00007ffa85460000 - 0x00007ffa85469000 	C:\Windows\SYSTEM32\WSOCK32.dll
0x00007ffa93f70000 - 0x00007ffa93fdb000 	C:\Windows\System32\WS2_32.dll
0x00007ffa90060000 - 0x00007ffa90072000 	C:\Windows\SYSTEM32\kernel.appcore.dll
0x00007ffa84440000 - 0x00007ffa84451000 	C:\Program Files\Android\Android Studio\jre\bin\verify.dll
0x00007ffa7f390000 - 0x00007ffa7f574000 	C:\Windows\SYSTEM32\DBGHELP.DLL
0x00007ffa7f0f0000 - 0x00007ffa7f11c000 	C:\Windows\SYSTEM32\dbgcore.DLL
0x00007ffa92650000 - 0x00007ffa926d2000 	C:\Windows\System32\bcryptPrimitives.dll
0x00007ffa61900000 - 0x00007ffa61929000 	C:\Program Files\Android\Android Studio\jre\bin\java.dll
0x00007ffa84430000 - 0x00007ffa8443b000 	C:\Program Files\Android\Android Studio\jre\bin\jimage.dll
0x00007ffa63380000 - 0x00007ffa63398000 	C:\Program Files\Android\Android Studio\jre\bin\zip.dll
0x00007ffa93820000 - 0x00007ffa93f63000 	C:\Windows\System32\SHELL32.dll
0x00007ffa90260000 - 0x00007ffa909f5000 	C:\Windows\SYSTEM32\windows.storage.dll
0x00007ffa92b90000 - 0x00007ffa92ee4000 	C:\Windows\System32\combase.dll
0x00007ffa91bd0000 - 0x00007ffa91c00000 	C:\Windows\SYSTEM32\Wldp.dll
0x00007ffa94450000 - 0x00007ffa944fd000 	C:\Windows\System32\SHCORE.dll
0x00007ffa93300000 - 0x00007ffa93355000 	C:\Windows\System32\shlwapi.dll
0x00007ffa920b0000 - 0x00007ffa920cf000 	C:\Windows\SYSTEM32\profapi.dll
0x00007ffa618e0000 - 0x00007ffa618fa000 	C:\Program Files\Android\Android Studio\jre\bin\net.dll
0x00007ffa857d0000 - 0x00007ffa858da000 	C:\Windows\SYSTEM32\WINHTTP.dll
0x00007ffa91930000 - 0x00007ffa9199a000 	C:\Windows\system32\mswsock.dll
0x00007ffa618c0000 - 0x00007ffa618d4000 	C:\Program Files\Android\Android Studio\jre\bin\nio.dll
0x00007ffa51080000 - 0x00007ffa510a7000 	C:\Users\BOSS\.gradle\native\e1d6ef7f7dcc3fd88c89a11ec53ec762bb8ba0a96d01ffa2cd45eb1d1d8dd5c5\windows-amd64\native-platform.dll
0x00007ffa4b250000 - 0x00007ffa4b394000 	C:\Users\BOSS\.gradle\native\5664cfc778a61ccfe75a443a1ab52a65af34e5dc3c78e0209fed803814484fcb\windows-amd64\native-platform-file-events.dll
0x00007ffa84420000 - 0x00007ffa8442a000 	C:\Program Files\Android\Android Studio\jre\bin\management.dll
0x00007ffa71220000 - 0x00007ffa7122d000 	C:\Program Files\Android\Android Studio\jre\bin\management_ext.dll
0x00007ffa91b20000 - 0x00007ffa91b38000 	C:\Windows\SYSTEM32\CRYPTSP.dll
0x00007ffa911e0000 - 0x00007ffa91214000 	C:\Windows\system32\rsaenh.dll
0x00007ffa92170000 - 0x00007ffa92197000 	C:\Windows\System32\bcrypt.dll
0x00007ffa92030000 - 0x00007ffa9205e000 	C:\Windows\SYSTEM32\USERENV.dll
0x00007ffa91b40000 - 0x00007ffa91b4c000 	C:\Windows\SYSTEM32\CRYPTBASE.dll
0x00007ffa915d0000 - 0x00007ffa9160b000 	C:\Windows\SYSTEM32\IPHLPAPI.DLL
0x00007ffa93250000 - 0x00007ffa93258000 	C:\Windows\System32\NSI.dll
0x00007ffa8c150000 - 0x00007ffa8c167000 	C:\Windows\SYSTEM32\dhcpcsvc6.DLL
0x00007ffa8c3b0000 - 0x00007ffa8c3cd000 	C:\Windows\SYSTEM32\dhcpcsvc.DLL
0x00007ffa91610000 - 0x00007ffa916da000 	C:\Windows\SYSTEM32\DNSAPI.dll
0x00007ffa90e70000 - 0x00007ffa90ea3000 	C:\Windows\SYSTEM32\ntmarta.dll
0x00007ffa611f0000 - 0x00007ffa6120e000 	C:\Users\BOSS\AppData\Local\Temp\native-platform12003087510648668912dir\native-platform.dll
0x00007ffa81280000 - 0x00007ffa81288000 	C:\Program Files\Android\Android Studio\jre\bin\rmi.dll

dbghelp: loaded successfully - version: 4.0.5 - missing functions: none
symbol engine: initialized successfully - sym options: 0x614 - pdb path: .;C:\Program Files\Android\Android Studio\jre\bin;C:\Windows\SYSTEM32;C:\Windows\WinSxS\amd64_microsoft.windows.common-controls_6595b64144ccf1df_6.0.19041.1110_none_60b5254171f9507e;C:\Program Files\Android\Android Studio\jre\bin\server;C:\Users\BOSS\.gradle\native\e1d6ef7f7dcc3fd88c89a11ec53ec762bb8ba0a96d01ffa2cd45eb1d1d8dd5c5\windows-amd64;C:\Users\BOSS\.gradle\native\5664cfc778a61ccfe75a443a1ab52a65af34e5dc3c78e0209fed803814484fcb\windows-amd64;C:\Users\BOSS\AppData\Local\Temp\native-platform12003087510648668912dir

VM Arguments:
jvm_args: --add-opens=java.base/java.util=ALL-UNNAMED --add-opens=java.base/java.lang=ALL-UNNAMED --add-opens=java.base/java.lang.invoke=ALL-UNNAMED --add-opens=java.base/java.util=ALL-UNNAMED --add-opens=java.prefs/java.util.prefs=ALL-UNNAMED --add-opens=java.prefs/java.util.prefs=ALL-UNNAMED --add-opens=java.base/java.nio.charset=ALL-UNNAMED --add-opens=java.base/java.net=ALL-UNNAMED --add-opens=java.base/java.util.concurrent.atomic=ALL-UNNAMED -Xmx1536m -Dfile.encoding=x-windows-874 -Duser.country=US -Duser.language=en -Duser.variant 
java_command: org.gradle.launcher.daemon.bootstrap.GradleDaemon 7.3.3
java_class_path (initial): C:\Users\BOSS\.gradle\wrapper\dists\gradle-7.3.3-bin\6a41zxkdtcxs8rphpq6y0069z\gradle-7.3.3\lib\gradle-launcher-7.3.3.jar
Launcher Type: SUN_STANDARD

[Global flags]
     intx CICompilerCount                          = 3                                         {product} {ergonomic}
     uint ConcGCThreads                            = 1                                         {product} {ergonomic}
     uint G1ConcRefinementThreads                  = 4                                         {product} {ergonomic}
   size_t G1HeapRegionSize                         = 1048576                                   {product} {ergonomic}
    uintx GCDrainStackTargetSize                   = 64                                        {product} {ergonomic}
   size_t InitialHeapSize                          = 201326592                                 {product} {ergonomic}
   size_t MarkStackSize                            = 4194304                                   {product} {ergonomic}
   size_t MaxHeapSize                              = 1610612736                                {product} {command line}
   size_t MaxNewSize                               = 965738496                                 {product} {ergonomic}
   size_t MinHeapDeltaBytes                        = 1048576                                   {product} {ergonomic}
    uintx NonNMethodCodeHeapSize                   = 5830732                                {pd product} {ergonomic}
    uintx NonProfiledCodeHeapSize                  = 122913754                              {pd product} {ergonomic}
    uintx ProfiledCodeHeapSize                     = 122913754                              {pd product} {ergonomic}
    uintx ReservedCodeCacheSize                    = 251658240                              {pd product} {ergonomic}
     bool SegmentedCodeCache                       = true                                      {product} {ergonomic}
     bool UseCompressedClassPointers               = true                                 {lp64_product} {ergonomic}
     bool UseCompressedOops                        = true                                 {lp64_product} {ergonomic}
     bool UseG1GC                                  = true                                      {product} {ergonomic}
     bool UseLargePagesIndividualAllocation        = false                                  {pd product} {ergonomic}

Logging:
Log output configuration:
 #0: stdout all=warning uptime,level,tags
 #1: stderr all=off uptime,level,tags

Environment Variables:
JAVA_HOME=C:\Program Files\Java\jdk-18.0.1.1
PATH=C:\Program Files\MongoDB\Server\6.0\bin;D:\Git\cmd;C:\Users\BOSS\AppData\Local\Programs\Python\Python310\Scripts\;C:\Users\BOSS\AppData\Local\Programs\Python\Python310\;C:\Users\BOSS\AppData\Local\Microsoft\WindowsApps;C:\Users\BOSS\AppData\Local\Programs\Microsoft VS Code\bin;C:\xampp\php;C:\Users\BOSS\composer;C:\Users\BOSS\AppData\Roaming\Composer\vendor\bin;C:\Users\BOSS\AppData\Local\GitHubDesktop\bin;C:\Users\BOSS\AppData\Roaming\npm;C:\Program Files\MongoDB\Server\6.0\bin;C:\Program Files\nodejs;
USERNAME=BOSS
OS=Windows_NT
PROCESSOR_IDENTIFIER=Intel64 Family 6 Model 69 Stepping 1, GenuineIntel



---------------  S Y S T E M  ---------------

OS: Windows 10 , 64 bit Build 19041 (10.0.19041.1889)
OS uptime: 2 days 8:53 hours

CPU:total 4 (initial active 4) (2 cores per cpu, 2 threads per core) family 6 model 69 stepping 1 microcode 0x25, cmov, cx8, fxsr, mmx, sse, sse2, sse3, ssse3, sse4.1, sse4.2, popcnt, avx, avx2, aes, clmul, erms, lzcnt, ht, tsc, tscinvbit, bmi1, bmi2, fma

Memory: 4k page, system-wide physical 12168M (2803M free)
TotalPageFile size 15009M (AvailPageFile size 349M)
current process WorkingSet (physical memory assigned to process): 491M, peak: 518M
current process commit charge ("private bytes"): 527M, peak: 549M

vm_info: OpenJDK 64-Bit Server VM (11.0.12+7-b1504.28-7817840) for windows-amd64 JRE (11.0.12+7-b1504.28-7817840), built on Oct 13 2021 22:12:33 by "builder" with MS VC++ 14.0 (VS2015)

END.
