#
# There is insufficient memory for the Java Runtime Environment to continue.
# Native memory allocation (malloc) failed to allocate 1135856 bytes for Chunk::new
# Possible reasons:
#   The system is out of physical RAM or swap space
#   The process is running with CompressedOops enabled, and the Java Heap may be blocking the growth of the native heap
# Possible solutions:
#   Reduce memory load on the system
#   Increase physical memory or swap space
#   Check if swap backing store is full
#   Decrease Java heap size (-Xmx/-Xms)
#   Decrease number of Java threads
#   Decrease Java thread stack sizes (-Xss)
#   Set larger code cache with -XX:ReservedCodeCacheSize=
#   JVM is running with Unscaled Compressed Oops mode in which the Java heap is
#     placed in the first 4GB address space. The Java Heap base address is the
#     maximum limit for the native heap growth. Please use -XX:HeapBaseMinAddress
#     to set the Java Heap base and to place the Java Heap above 4GB virtual address.
# This output file may be truncated or incomplete.
#
#  Out of Memory Error (./src/hotspot/share/memory/arena.cpp:197), pid=15948, tid=16012
#
# JRE version: OpenJDK Runtime Environment (11.0.12+7) (build 11.0.12+7-b1504.28-7817840)
# Java VM: OpenJDK 64-Bit Server VM (11.0.12+7-b1504.28-7817840, mixed mode, tiered, compressed oops, g1 gc, windows-amd64)
# No core dump will be written. Minidumps are not enabled by default on client versions of Windows
#

---------------  S U M M A R Y ------------

Command Line: --add-opens=java.base/java.util=ALL-UNNAMED --add-opens=java.base/java.lang=ALL-UNNAMED --add-opens=java.base/java.lang.invoke=ALL-UNNAMED --add-opens=java.base/java.util=ALL-UNNAMED --add-opens=java.prefs/java.util.prefs=ALL-UNNAMED --add-opens=java.prefs/java.util.prefs=ALL-UNNAMED --add-opens=java.base/java.nio.charset=ALL-UNNAMED --add-opens=java.base/java.net=ALL-UNNAMED --add-opens=java.base/java.util.concurrent.atomic=ALL-UNNAMED -Xmx1536m -Dfile.encoding=x-windows-874 -Duser.country=US -Duser.language=en -Duser.variant org.gradle.launcher.daemon.bootstrap.GradleDaemon 7.3.3

Host: Intel(R) Core(TM) i7-4500U CPU @ 1.80GHz, 4 cores, 11G,  Windows 10 , 64 bit Build 19041 (10.0.19041.1889)
Time: Sun Oct  9 23:00:42 2022 เวลามาตรฐานเอเชียอาคเนย์ elapsed time: 116.042809 seconds (0d 0h 1m 56s)

---------------  T H R E A D  ---------------

Current thread (0x000001f04efb3800):  JavaThread "C2 CompilerThread0" daemon [_thread_in_native, id=16012, stack(0x000000e865600000,0x000000e865700000)]


Current CompileTask:
C2: 116042 14723       4       java.lang.invoke.InvokerBytecodeGenerator::emitImplicitConversion (159 bytes)

Stack: [0x000000e865600000,0x000000e865700000]
Native frames: (J=compiled Java code, j=interpreted, Vv=VM code, C=native code)
V  [jvm.dll+0x5fbcea]
V  [jvm.dll+0x731905]
V  [jvm.dll+0x732f1d]
V  [jvm.dll+0x7335d3]
V  [jvm.dll+0x247bf8]
V  [jvm.dll+0xc018c]
V  [jvm.dll+0xc06cc]
V  [jvm.dll+0x35b2db]
V  [jvm.dll+0x328803]
V  [jvm.dll+0x327cfa]
V  [jvm.dll+0x200602]
V  [jvm.dll+0x1ff794]
V  [jvm.dll+0x18868c]
V  [jvm.dll+0x20e0d7]
V  [jvm.dll+0x20c901]
V  [jvm.dll+0x6f9b7f]
V  [jvm.dll+0x6f26a5]
V  [jvm.dll+0x5fabf6]
C  [ucrtbase.dll+0x21bb2]
C  [KERNEL32.DLL+0x17034]
C  [ntdll.dll+0x526a1]


---------------  P R O C E S S  ---------------

Threads class SMR info:
_java_thread_list=0x000001f0528eb970, length=90, elements={
0x000001f03569c000, 0x000001f04ef61800, 0x000001f04ef6e800, 0x000001f04e74f000,
0x000001f04e750000, 0x000001f04e751000, 0x000001f04efb3800, 0x000001f04efb4800,
0x000001f04f00a000, 0x000001f04f10b000, 0x000001f05035c800, 0x000001f0513ae800,
0x000001f051806000, 0x000001f051ca5800, 0x000001f051ca3000, 0x000001f051ca4800,
0x000001f051ca6800, 0x000001f04f58c000, 0x000001f04f58e800, 0x000001f04f58c800,
0x000001f04f593800, 0x000001f04f58d800, 0x000001f04f598000, 0x000001f04f595000,
0x000001f04f595800, 0x000001f0545c4000, 0x000001f0545c3000, 0x000001f0545c5800,
0x000001f0545bf800, 0x000001f0545c6000, 0x000001f0545c1800, 0x000001f0545c0800,
0x000001f0545c7000, 0x000001f0545c2000, 0x000001f0545cc800, 0x000001f0545ce800,
0x000001f0545c8800, 0x000001f0545ca800, 0x000001f0545cb000, 0x000001f0545cc000,
0x000001f0545cd800, 0x000001f04f58f000, 0x000001f04f591000, 0x000001f04f590000,
0x000001f04f596800, 0x000001f04f597800, 0x000001f04f591800, 0x000001f04f599000,
0x000001f04f59a000, 0x000001f04f59a800, 0x000001f051ca4000, 0x000001f051ca0000,
0x000001f051ca0800, 0x000001f051ca1800, 0x000001f051ca2000, 0x000001f0515c0000,
0x000001f0515c1000, 0x000001f0515c4800, 0x000001f0515be800, 0x000001f0515c5000,
0x000001f0515c2800, 0x000001f0515bf800, 0x000001f0515c6000, 0x000001f0515c6800,
0x000001f0515c7800, 0x000001f0515c2000, 0x000001f0515c8800, 0x000001f0515c9000,
0x000001f0515c3800, 0x000001f0515ca000, 0x000001f0515cb000, 0x000001f0515cc800,
0x000001f0515cb800, 0x000001f0515cd000, 0x000001f05281e800, 0x000001f052819800,
0x000001f05281f800, 0x000001f05281d000, 0x000001f05281d800, 0x000001f052820000,
0x000001f05281a800, 0x000001f05281c000, 0x000001f052821000, 0x000001f05281b000,
0x000001f052825000, 0x000001f052824000, 0x000001f052826000, 0x000001f052826800,
0x000001f052827800, 0x000001f052822000
}

Java Threads: ( => current thread )
  0x000001f03569c000 JavaThread "main" [_thread_blocked, id=8380, stack(0x000000e864a00000,0x000000e864b00000)]
  0x000001f04ef61800 JavaThread "Reference Handler" daemon [_thread_blocked, id=2564, stack(0x000000e865100000,0x000000e865200000)]
  0x000001f04ef6e800 JavaThread "Finalizer" daemon [_thread_blocked, id=15652, stack(0x000000e865200000,0x000000e865300000)]
  0x000001f04e74f000 JavaThread "Signal Dispatcher" daemon [_thread_blocked, id=2952, stack(0x000000e865300000,0x000000e865400000)]
  0x000001f04e750000 JavaThread "Attach Listener" daemon [_thread_blocked, id=16636, stack(0x000000e865400000,0x000000e865500000)]
  0x000001f04e751000 JavaThread "Service Thread" daemon [_thread_blocked, id=10116, stack(0x000000e865500000,0x000000e865600000)]
=>0x000001f04efb3800 JavaThread "C2 CompilerThread0" daemon [_thread_in_native, id=16012, stack(0x000000e865600000,0x000000e865700000)]
  0x000001f04efb4800 JavaThread "C1 CompilerThread0" daemon [_thread_blocked, id=14308, stack(0x000000e865700000,0x000000e865800000)]
  0x000001f04f00a000 JavaThread "Sweeper thread" daemon [_thread_blocked, id=12632, stack(0x000000e865800000,0x000000e865900000)]
  0x000001f04f10b000 JavaThread "Common-Cleaner" daemon [_thread_blocked, id=9384, stack(0x000000e865900000,0x000000e865a00000)]
  0x000001f05035c800 JavaThread "Daemon health stats" [_thread_blocked, id=14012, stack(0x000000e865f00000,0x000000e866000000)]
  0x000001f0513ae800 JavaThread "Incoming local TCP Connector on port 52548" [_thread_in_native, id=9180, stack(0x000000e865b00000,0x000000e865c00000)]
  0x000001f051806000 JavaThread "Daemon periodic checks" [_thread_blocked, id=2448, stack(0x000000e866000000,0x000000e866100000)]
  0x000001f051ca5800 JavaThread "Daemon" [_thread_blocked, id=7844, stack(0x000000e866100000,0x000000e866200000)]
  0x000001f051ca3000 JavaThread "Daemon worker" [_thread_blocked, id=9508, stack(0x000000e866400000,0x000000e866500000)]
  0x000001f051ca4800 JavaThread "Cache worker for journal cache (C:\Users\BOSS\.gradle\caches\journal-1)" [_thread_blocked, id=9816, stack(0x000000e866900000,0x000000e866a00000)]
  0x000001f051ca6800 JavaThread "File lock request listener" [_thread_in_native, id=15008, stack(0x000000e866a00000,0x000000e866b00000)]
  0x000001f04f58c000 JavaThread "Cache worker for file hash cache (C:\Users\BOSS\.gradle\caches\7.3.3\fileHashes)" [_thread_blocked, id=2780, stack(0x000000e866b00000,0x000000e866c00000)]
  0x000001f04f58e800 JavaThread "File watcher server" daemon [_thread_in_native, id=13536, stack(0x000000e866d00000,0x000000e866e00000)]
  0x000001f04f58c800 JavaThread "File watcher consumer" daemon [_thread_blocked, id=14684, stack(0x000000e866e00000,0x000000e866f00000)]
  0x000001f04f593800 JavaThread "Cache worker for execution history cache (C:\Users\BOSS\.gradle\caches\7.3.3\executionHistory)" [_thread_blocked, id=14556, stack(0x000000e867200000,0x000000e867300000)]
  0x000001f04f58d800 JavaThread "jar transforms" [_thread_blocked, id=13340, stack(0x000000e867300000,0x000000e867400000)]
  0x000001f04f598000 JavaThread "Cache worker for file content cache (C:\Users\BOSS\.gradle\caches\7.3.3\fileContent)" [_thread_blocked, id=10332, stack(0x000000e867400000,0x000000e867500000)]
  0x000001f04f595000 JavaThread "jar transforms Thread 2" [_thread_blocked, id=12268, stack(0x000000e867500000,0x000000e867600000)]
  0x000001f04f595800 JavaThread "jar transforms Thread 3" [_thread_blocked, id=3768, stack(0x000000e867700000,0x000000e867800000)]
  0x000001f0545c4000 JavaThread "jar transforms Thread 4" [_thread_blocked, id=8852, stack(0x000000e86a100000,0x000000e86a200000)]
  0x000001f0545c3000 JavaThread "Memory manager" [_thread_blocked, id=7140, stack(0x000000e86a200000,0x000000e86a300000)]
  0x000001f0545c5800 JavaThread "Handler for socket connection from /127.0.0.1:52548 to /127.0.0.1:52610" [_thread_in_native, id=5256, stack(0x000000e864700000,0x000000e864800000)]
  0x000001f0545bf800 JavaThread "Cancel handler" [_thread_blocked, id=5588, stack(0x000000e864800000,0x000000e864900000)]
  0x000001f0545c6000 JavaThread "Asynchronous log dispatcher for DefaultDaemonConnection: socket connection from /127.0.0.1:52548 to /127.0.0.1:52610" [_thread_blocked, id=8416, stack(0x000000e864900000,0x000000e864a00000)]
  0x000001f0545c1800 JavaThread "Stdin handler" [_thread_blocked, id=16628, stack(0x000000e866200000,0x000000e866300000)]
  0x000001f0545c0800 JavaThread "Daemon client event forwarder" [_thread_blocked, id=2896, stack(0x000000e866300000,0x000000e866400000)]
  0x000001f0545c7000 JavaThread "Cache worker for file hash cache (C:\Users\BOSS\AndroidStudioProjects\Beok\.gradle\7.3.3\fileHashes)" [_thread_blocked, id=14420, stack(0x000000e866500000,0x000000e866600000)]
  0x000001f0545c2000 JavaThread "Cache worker for checksums cache (C:\Users\BOSS\AndroidStudioProjects\Beok\.gradle\7.3.3\checksums)" [_thread_blocked, id=12728, stack(0x000000e866700000,0x000000e866800000)]
  0x000001f0545cc800 JavaThread "Cache worker for cache directory md-supplier (C:\Users\BOSS\.gradle\caches\7.3.3\md-supplier)" [_thread_blocked, id=10052, stack(0x000000e866800000,0x000000e866900000)]
  0x000001f0545ce800 JavaThread "Cache worker for cache directory md-rule (C:\Users\BOSS\.gradle\caches\7.3.3\md-rule)" [_thread_blocked, id=1576, stack(0x000000e866c00000,0x000000e866d00000)]
  0x000001f0545c8800 JavaThread "Cache worker for dependencies-accessors (C:\Users\BOSS\AndroidStudioProjects\Beok\.gradle\7.3.3\dependencies-accessors)" [_thread_blocked, id=16228, stack(0x000000e866f00000,0x000000e867000000)]
  0x000001f0545ca800 JavaThread "Cache worker for Build Output Cleanup Cache (C:\Users\BOSS\AndroidStudioProjects\Beok\.gradle\buildOutputCleanup)" [_thread_blocked, id=9548, stack(0x000000e867000000,0x000000e867100000)]
  0x000001f0545cb000 JavaThread "Unconstrained build operations" [_thread_blocked, id=14968, stack(0x000000e867100000,0x000000e867200000)]
  0x000001f0545cc000 JavaThread "Unconstrained build operations Thread 2" [_thread_blocked, id=1972, stack(0x000000e867600000,0x000000e867700000)]
  0x000001f0545cd800 JavaThread "Unconstrained build operations Thread 3" [_thread_blocked, id=15780, stack(0x000000e867800000,0x000000e867900000)]
  0x000001f04f58f000 JavaThread "Unconstrained build operations Thread 4" [_thread_blocked, id=16560, stack(0x000000e867900000,0x000000e867a00000)]
  0x000001f04f591000 JavaThread "Unconstrained build operations Thread 5" [_thread_blocked, id=9292, stack(0x000000e867a00000,0x000000e867b00000)]
  0x000001f04f590000 JavaThread "Unconstrained build operations Thread 6" [_thread_blocked, id=11112, stack(0x000000e867b00000,0x000000e867c00000)]
  0x000001f04f596800 JavaThread "Unconstrained build operations Thread 7" [_thread_blocked, id=7936, stack(0x000000e867c00000,0x000000e867d00000)]
  0x000001f04f597800 JavaThread "Unconstrained build operations Thread 8" [_thread_blocked, id=11992, stack(0x000000e867d00000,0x000000e867e00000)]
  0x000001f04f591800 JavaThread "Unconstrained build operations Thread 9" [_thread_blocked, id=15016, stack(0x000000e867e00000,0x000000e867f00000)]
  0x000001f04f599000 JavaThread "Unconstrained build operations Thread 10" [_thread_blocked, id=2356, stack(0x000000e867f00000,0x000000e868000000)]
  0x000001f04f59a000 JavaThread "Unconstrained build operations Thread 11" [_thread_blocked, id=876, stack(0x000000e868000000,0x000000e868100000)]
  0x000001f04f59a800 JavaThread "Unconstrained build operations Thread 12" [_thread_blocked, id=17180, stack(0x000000e868100000,0x000000e868200000)]
  0x000001f051ca4000 JavaThread "Unconstrained build operations Thread 13" [_thread_blocked, id=17316, stack(0x000000e868200000,0x000000e868300000)]
  0x000001f051ca0000 JavaThread "Unconstrained build operations Thread 14" [_thread_blocked, id=16036, stack(0x000000e868300000,0x000000e868400000)]
  0x000001f051ca0800 JavaThread "Unconstrained build operations Thread 15" [_thread_blocked, id=9836, stack(0x000000e868400000,0x000000e868500000)]
  0x000001f051ca1800 JavaThread "Unconstrained build operations Thread 16" [_thread_blocked, id=3300, stack(0x000000e868500000,0x000000e868600000)]
  0x000001f051ca2000 JavaThread "Unconstrained build operations Thread 17" [_thread_blocked, id=5592, stack(0x000000e868600000,0x000000e868700000)]
  0x000001f0515c0000 JavaThread "Unconstrained build operations Thread 18" [_thread_blocked, id=12776, stack(0x000000e868700000,0x000000e868800000)]
  0x000001f0515c1000 JavaThread "Unconstrained build operations Thread 19" [_thread_blocked, id=8360, stack(0x000000e868800000,0x000000e868900000)]
  0x000001f0515c4800 JavaThread "Unconstrained build operations Thread 20" [_thread_blocked, id=7348, stack(0x000000e868900000,0x000000e868a00000)]
  0x000001f0515be800 JavaThread "Unconstrained build operations Thread 21" [_thread_blocked, id=9796, stack(0x000000e868a00000,0x000000e868b00000)]
  0x000001f0515c5000 JavaThread "Unconstrained build operations Thread 22" [_thread_blocked, id=11804, stack(0x000000e868b00000,0x000000e868c00000)]
  0x000001f0515c2800 JavaThread "Unconstrained build operations Thread 23" [_thread_blocked, id=14676, stack(0x000000e868c00000,0x000000e868d00000)]
  0x000001f0515bf800 JavaThread "Unconstrained build operations Thread 24" [_thread_blocked, id=8004, stack(0x000000e868d00000,0x000000e868e00000)]
  0x000001f0515c6000 JavaThread "Unconstrained build operations Thread 25" [_thread_blocked, id=5748, stack(0x000000e868e00000,0x000000e868f00000)]
  0x000001f0515c6800 JavaThread "Unconstrained build operations Thread 26" [_thread_blocked, id=14448, stack(0x000000e868f00000,0x000000e869000000)]
  0x000001f0515c7800 JavaThread "Unconstrained build operations Thread 27" [_thread_blocked, id=6048, stack(0x000000e869000000,0x000000e869100000)]
  0x000001f0515c2000 JavaThread "Unconstrained build operations Thread 28" [_thread_blocked, id=14644, stack(0x000000e869100000,0x000000e869200000)]
  0x000001f0515c8800 JavaThread "Unconstrained build operations Thread 29" [_thread_blocked, id=7512, stack(0x000000e869200000,0x000000e869300000)]
  0x000001f0515c9000 JavaThread "Unconstrained build operations Thread 30" [_thread_blocked, id=8340, stack(0x000000e869300000,0x000000e869400000)]
  0x000001f0515c3800 JavaThread "Unconstrained build operations Thread 31" [_thread_blocked, id=14000, stack(0x000000e869400000,0x000000e869500000)]
  0x000001f0515ca000 JavaThread "Unconstrained build operations Thread 32" [_thread_blocked, id=1872, stack(0x000000e869500000,0x000000e869600000)]
  0x000001f0515cb000 JavaThread "Unconstrained build operations Thread 33" [_thread_blocked, id=12244, stack(0x000000e869600000,0x000000e869700000)]
  0x000001f0515cc800 JavaThread "Unconstrained build operations Thread 34" [_thread_blocked, id=5604, stack(0x000000e869700000,0x000000e869800000)]
  0x000001f0515cb800 JavaThread "Unconstrained build operations Thread 35" [_thread_blocked, id=7236, stack(0x000000e869800000,0x000000e869900000)]
  0x000001f0515cd000 JavaThread "Unconstrained build operations Thread 36" [_thread_blocked, id=3516, stack(0x000000e869900000,0x000000e869a00000)]
  0x000001f05281e800 JavaThread "Unconstrained build operations Thread 37" [_thread_blocked, id=15804, stack(0x000000e869a00000,0x000000e869b00000)]
  0x000001f052819800 JavaThread "Unconstrained build operations Thread 38" [_thread_blocked, id=2084, stack(0x000000e869b00000,0x000000e869c00000)]
  0x000001f05281f800 JavaThread "Unconstrained build operations Thread 39" [_thread_blocked, id=8656, stack(0x000000e869c00000,0x000000e869d00000)]
  0x000001f05281d000 JavaThread "Unconstrained build operations Thread 40" [_thread_blocked, id=3176, stack(0x000000e869d00000,0x000000e869e00000)]
  0x000001f05281d800 JavaThread "build event listener" [_thread_blocked, id=15612, stack(0x000000e869e00000,0x000000e869f00000)]
  0x000001f052820000 JavaThread "Execution worker for ':'" [_thread_blocked, id=16764, stack(0x000000e869f00000,0x000000e86a000000)]
  0x000001f05281a800 JavaThread "Execution worker for ':' Thread 2" [_thread_blocked, id=9596, stack(0x000000e86a000000,0x000000e86a100000)]
  0x000001f05281c000 JavaThread "Execution worker for ':' Thread 3" [_thread_blocked, id=14040, stack(0x000000e86a300000,0x000000e86a400000)]
  0x000001f052821000 JavaThread "Cache worker for execution history cache (C:\Users\BOSS\AndroidStudioProjects\Beok\.gradle\7.3.3\executionHistory)" [_thread_blocked, id=11428, stack(0x000000e86a400000,0x000000e86a500000)]
  0x000001f05281b000 JavaThread "WorkerExecutor Queue" [_thread_in_native, id=7912, stack(0x000000e86a500000,0x000000e86a600000)]
  0x000001f052825000 JavaThread "RMI Scheduler(0)" daemon [_thread_blocked, id=16300, stack(0x000000e866600000,0x000000e866700000)]
  0x000001f052824000 JavaThread "RMI RenewClean-[127.0.0.1:17138,org.jetbrains.kotlin.daemon.common.LoopbackNetworkInterface$ClientLoopbackSocketFactory@fc9c28f]" daemon [_thread_blocked, id=8136, stack(0x000000e86a600000,0x000000e86a700000)]
  0x000001f052826000 JavaThread "RMI GC Daemon" daemon [_thread_blocked, id=328, stack(0x000000e86a700000,0x000000e86a800000)]
  0x000001f052826800 JavaThread "RMI TCP Accept-0" daemon [_thread_in_native, id=9288, stack(0x000000e86a800000,0x000000e86a900000)]
  0x000001f052827800 JavaThread "RMI Reaper" [_thread_blocked, id=3408, stack(0x000000e86a900000,0x000000e86aa00000)]
  0x000001f052822000 JavaThread "C2 CompilerThread1" daemon [_thread_in_native, id=11980, stack(0x000000e86aa00000,0x000000e86ab00000)]

Other Threads:
  0x000001f04e714000 VMThread "VM Thread" [stack: 0x000000e865000000,0x000000e865100000] [id=13472]
  0x000001f04f14a800 WatcherThread [stack: 0x000000e865a00000,0x000000e865b00000] [id=3440]
  0x000001f0356b5000 GCTaskThread "GC Thread#0" [stack: 0x000000e864b00000,0x000000e864c00000] [id=9628]
  0x000001f04f59c000 GCTaskThread "GC Thread#1" [stack: 0x000000e865c00000,0x000000e865d00000] [id=7372]
  0x000001f04f59c800 GCTaskThread "GC Thread#2" [stack: 0x000000e865d00000,0x000000e865e00000] [id=16668]
  0x000001f04f59d800 GCTaskThread "GC Thread#3" [stack: 0x000000e865e00000,0x000000e865f00000] [id=3900]
  0x000001f0356dc800 ConcurrentGCThread "G1 Main Marker" [stack: 0x000000e864c00000,0x000000e864d00000] [id=11760]
  0x000001f0356dd800 ConcurrentGCThread "G1 Conc#0" [stack: 0x000000e864d00000,0x000000e864e00000] [id=4408]
  0x000001f03577e800 ConcurrentGCThread "G1 Refine#0" [stack: 0x000000e864e00000,0x000000e864f00000] [id=5888]
  0x000001f04e583000 ConcurrentGCThread "G1 Young RemSet Sampling" [stack: 0x000000e864f00000,0x000000e865000000] [id=13372]

Threads with active compile tasks:
C2 CompilerThread0 116076 14723       4       java.lang.invoke.InvokerBytecodeGenerator::emitImplicitConversion (159 bytes)
C2 CompilerThread1 116076 14762   !   4       java.io.ObjectOutputStream::writeObject0 (619 bytes)

VM state:not at safepoint (normal execution)

VM Mutex/Monitor currently owned by a thread: None

Heap address: 0x00000000a0000000, size: 1536 MB, Compressed Oops mode: 32-bit
Narrow klass base: 0x0000000000000000, Narrow klass shift: 3
Compressed class space size: 1073741824 Address: 0x0000000100000000

Heap:
 garbage-first heap   total 236544K, used 140379K [0x00000000a0000000, 0x0000000100000000)
  region size 1024K, 37 young (37888K), 11 survivors (11264K)
 Metaspace       used 107594K, capacity 110193K, committed 110412K, reserved 1144832K
  class space    used 13657K, capacity 14623K, committed 14720K, reserved 1048576K
Heap Regions: E=young(eden), S=young(survivor), O=old, HS=humongous(starts), HC=humongous(continues), CS=collection set, F=free, A=archive, TAMS=top-at-mark-start (previous, next)
|   0|0x00000000a0000000, 0x00000000a0100000, 0x00000000a0100000|100%| O|  |TAMS 0x00000000a0100000, 0x00000000a0000000| Untracked 
|   1|0x00000000a0100000, 0x00000000a0200000, 0x00000000a0200000|100%| O|  |TAMS 0x00000000a0200000, 0x00000000a0100000| Untracked 
|   2|0x00000000a0200000, 0x00000000a0300000, 0x00000000a0300000|100%| O|  |TAMS 0x00000000a0300000, 0x00000000a0200000| Untracked 
|   3|0x00000000a0300000, 0x00000000a0400000, 0x00000000a0400000|100%|HS|  |TAMS 0x00000000a0400000, 0x00000000a0300000| Complete 
|   4|0x00000000a0400000, 0x00000000a0500000, 0x00000000a0500000|100%|HC|  |TAMS 0x00000000a0500000, 0x00000000a0400000| Complete 
|   5|0x00000000a0500000, 0x00000000a0600000, 0x00000000a0600000|100%|HC|  |TAMS 0x00000000a0600000, 0x00000000a0500000| Complete 
|   6|0x00000000a0600000, 0x00000000a0700000, 0x00000000a0700000|100%| O|  |TAMS 0x00000000a0700000, 0x00000000a0600000| Untracked 
|   7|0x00000000a0700000, 0x00000000a0800000, 0x00000000a0800000|100%| O|  |TAMS 0x00000000a0800000, 0x00000000a0700000| Untracked 
|   8|0x00000000a0800000, 0x00000000a0900000, 0x00000000a0900000|100%| O|  |TAMS 0x00000000a0900000, 0x00000000a0800000| Untracked 
|   9|0x00000000a0900000, 0x00000000a0a00000, 0x00000000a0a00000|100%| O|  |TAMS 0x00000000a0a00000, 0x00000000a0900000| Untracked 
|  10|0x00000000a0a00000, 0x00000000a0b00000, 0x00000000a0b00000|100%| O|  |TAMS 0x00000000a0b00000, 0x00000000a0a00000| Untracked 
|  11|0x00000000a0b00000, 0x00000000a0c00000, 0x00000000a0c00000|100%| O|  |TAMS 0x00000000a0c00000, 0x00000000a0b00000| Untracked 
|  12|0x00000000a0c00000, 0x00000000a0d00000, 0x00000000a0d00000|100%| O|  |TAMS 0x00000000a0d00000, 0x00000000a0c00000| Untracked 
|  13|0x00000000a0d00000, 0x00000000a0e00000, 0x00000000a0e00000|100%| O|  |TAMS 0x00000000a0e00000, 0x00000000a0d00000| Untracked 
|  14|0x00000000a0e00000, 0x00000000a0f00000, 0x00000000a0f00000|100%| O|  |TAMS 0x00000000a0f00000, 0x00000000a0e00000| Untracked 
|  15|0x00000000a0f00000, 0x00000000a1000000, 0x00000000a1000000|100%| O|  |TAMS 0x00000000a1000000, 0x00000000a0f00000| Untracked 
|  16|0x00000000a1000000, 0x00000000a1100000, 0x00000000a1100000|100%| O|  |TAMS 0x00000000a1100000, 0x00000000a1000000| Untracked 
|  17|0x00000000a1100000, 0x00000000a1200000, 0x00000000a1200000|100%|HS|  |TAMS 0x00000000a1200000, 0x00000000a1100000| Complete 
|  18|0x00000000a1200000, 0x00000000a1300000, 0x00000000a1300000|100%| O|  |TAMS 0x00000000a1300000, 0x00000000a1200000| Untracked 
|  19|0x00000000a1300000, 0x00000000a1400000, 0x00000000a1400000|100%| O|  |TAMS 0x00000000a1400000, 0x00000000a1300000| Untracked 
|  20|0x00000000a1400000, 0x00000000a1500000, 0x00000000a1500000|100%| O|  |TAMS 0x00000000a1500000, 0x00000000a1400000| Untracked 
|  21|0x00000000a1500000, 0x00000000a1600000, 0x00000000a1600000|100%| O|  |TAMS 0x00000000a1600000, 0x00000000a1500000| Untracked 
|  22|0x00000000a1600000, 0x00000000a1700000, 0x00000000a1700000|100%| O|  |TAMS 0x00000000a1700000, 0x00000000a1600000| Untracked 
|  23|0x00000000a1700000, 0x00000000a1800000, 0x00000000a1800000|100%| O|  |TAMS 0x00000000a1800000, 0x00000000a1700000| Untracked 
|  24|0x00000000a1800000, 0x00000000a1900000, 0x00000000a1900000|100%|HS|  |TAMS 0x00000000a1900000, 0x00000000a1800000| Complete 
|  25|0x00000000a1900000, 0x00000000a1a00000, 0x00000000a1a00000|100%|HS|  |TAMS 0x00000000a1a00000, 0x00000000a1900000| Complete 
|  26|0x00000000a1a00000, 0x00000000a1b00000, 0x00000000a1b00000|100%|HS|  |TAMS 0x00000000a1b00000, 0x00000000a1a00000| Complete 
|  27|0x00000000a1b00000, 0x00000000a1c00000, 0x00000000a1c00000|100%|HC|  |TAMS 0x00000000a1c00000, 0x00000000a1b00000| Complete 
|  28|0x00000000a1c00000, 0x00000000a1d00000, 0x00000000a1d00000|100%|HC|  |TAMS 0x00000000a1d00000, 0x00000000a1c00000| Complete 
|  29|0x00000000a1d00000, 0x00000000a1e00000, 0x00000000a1e00000|100%|HS|  |TAMS 0x00000000a1e00000, 0x00000000a1d00000| Complete 
|  30|0x00000000a1e00000, 0x00000000a1f00000, 0x00000000a1f00000|100%|HC|  |TAMS 0x00000000a1f00000, 0x00000000a1e00000| Complete 
|  31|0x00000000a1f00000, 0x00000000a2000000, 0x00000000a2000000|100%| O|  |TAMS 0x00000000a2000000, 0x00000000a1f00000| Untracked 
|  32|0x00000000a2000000, 0x00000000a2100000, 0x00000000a2100000|100%| O|  |TAMS 0x00000000a2100000, 0x00000000a2000000| Untracked 
|  33|0x00000000a2100000, 0x00000000a2200000, 0x00000000a2200000|100%| O|  |TAMS 0x00000000a2200000, 0x00000000a2100000| Untracked 
|  34|0x00000000a2200000, 0x00000000a2300000, 0x00000000a2300000|100%| O|  |TAMS 0x00000000a2300000, 0x00000000a2200000| Untracked 
|  35|0x00000000a2300000, 0x00000000a2400000, 0x00000000a2400000|100%| O|  |TAMS 0x00000000a2400000, 0x00000000a2300000| Untracked 
|  36|0x00000000a2400000, 0x00000000a2500000, 0x00000000a2500000|100%| O|  |TAMS 0x00000000a2500000, 0x00000000a2400000| Untracked 
|  37|0x00000000a2500000, 0x00000000a2600000, 0x00000000a2600000|100%| O|  |TAMS 0x00000000a2600000, 0x00000000a2500000| Untracked 
|  38|0x00000000a2600000, 0x00000000a2700000, 0x00000000a2700000|100%| O|  |TAMS 0x00000000a2700000, 0x00000000a2600000| Untracked 
|  39|0x00000000a2700000, 0x00000000a2800000, 0x00000000a2800000|100%| O|  |TAMS 0x00000000a2800000, 0x00000000a2700000| Untracked 
|  40|0x00000000a2800000, 0x00000000a2900000, 0x00000000a2900000|100%| O|  |TAMS 0x00000000a2900000, 0x00000000a2800000| Untracked 
|  41|0x00000000a2900000, 0x00000000a2a00000, 0x00000000a2a00000|100%| O|  |TAMS 0x00000000a2a00000, 0x00000000a2900000| Untracked 
|  42|0x00000000a2a00000, 0x00000000a2b00000, 0x00000000a2b00000|100%| O|  |TAMS 0x00000000a2b00000, 0x00000000a2a00000| Untracked 
|  43|0x00000000a2b00000, 0x00000000a2c00000, 0x00000000a2c00000|100%| O|  |TAMS 0x00000000a2c00000, 0x00000000a2b00000| Untracked 
|  44|0x00000000a2c00000, 0x00000000a2d00000, 0x00000000a2d00000|100%| O|  |TAMS 0x00000000a2d00000, 0x00000000a2c00000| Untracked 
|  45|0x00000000a2d00000, 0x00000000a2e00000, 0x00000000a2e00000|100%| O|  |TAMS 0x00000000a2e00000, 0x00000000a2d00000| Untracked 
|  46|0x00000000a2e00000, 0x00000000a2f00000, 0x00000000a2f00000|100%| O|  |TAMS 0x00000000a2f00000, 0x00000000a2e00000| Untracked 
|  47|0x00000000a2f00000, 0x00000000a3000000, 0x00000000a3000000|100%| O|  |TAMS 0x00000000a3000000, 0x00000000a2f00000| Untracked 
|  48|0x00000000a3000000, 0x00000000a3100000, 0x00000000a3100000|100%| O|  |TAMS 0x00000000a3100000, 0x00000000a3000000| Untracked 
|  49|0x00000000a3100000, 0x00000000a3200000, 0x00000000a3200000|100%| O|  |TAMS 0x00000000a31bb400, 0x00000000a3100000| Untracked 
|  50|0x00000000a3200000, 0x00000000a3300000, 0x00000000a3300000|100%| O|  |TAMS 0x00000000a3200000, 0x00000000a3200000| Untracked 
|  51|0x00000000a3300000, 0x00000000a3400000, 0x00000000a3400000|100%| O|  |TAMS 0x00000000a3300000, 0x00000000a3300000| Untracked 
|  52|0x00000000a3400000, 0x00000000a3500000, 0x00000000a3500000|100%| O|  |TAMS 0x00000000a3400000, 0x00000000a3400000| Untracked 
|  53|0x00000000a3500000, 0x00000000a3600000, 0x00000000a3600000|100%| O|  |TAMS 0x00000000a3500000, 0x00000000a3500000| Untracked 
|  54|0x00000000a3600000, 0x00000000a3700000, 0x00000000a3700000|100%| O|  |TAMS 0x00000000a3600000, 0x00000000a3600000| Untracked 
|  55|0x00000000a3700000, 0x00000000a3800000, 0x00000000a3800000|100%| O|  |TAMS 0x00000000a3700000, 0x00000000a3700000| Untracked 
|  56|0x00000000a3800000, 0x00000000a3900000, 0x00000000a3900000|100%| O|  |TAMS 0x00000000a3800000, 0x00000000a3800000| Untracked 
|  57|0x00000000a3900000, 0x00000000a3a00000, 0x00000000a3a00000|100%| O|  |TAMS 0x00000000a3900000, 0x00000000a3900000| Untracked 
|  58|0x00000000a3a00000, 0x00000000a3b00000, 0x00000000a3b00000|100%| O|  |TAMS 0x00000000a3a00000, 0x00000000a3a00000| Untracked 
|  59|0x00000000a3b00000, 0x00000000a3c00000, 0x00000000a3c00000|100%| O|  |TAMS 0x00000000a3b00000, 0x00000000a3b00000| Untracked 
|  60|0x00000000a3c00000, 0x00000000a3d00000, 0x00000000a3d00000|100%| O|  |TAMS 0x00000000a3c00000, 0x00000000a3c00000| Untracked 
|  61|0x00000000a3d00000, 0x00000000a3e00000, 0x00000000a3e00000|100%| O|  |TAMS 0x00000000a3d00000, 0x00000000a3d00000| Untracked 
|  62|0x00000000a3e00000, 0x00000000a3f00000, 0x00000000a3f00000|100%| O|  |TAMS 0x00000000a3e00000, 0x00000000a3e00000| Untracked 
|  63|0x00000000a3f00000, 0x00000000a4000000, 0x00000000a4000000|100%| O|  |TAMS 0x00000000a3f00000, 0x00000000a3f00000| Untracked 
|  64|0x00000000a4000000, 0x00000000a4100000, 0x00000000a4100000|100%| O|  |TAMS 0x00000000a4000000, 0x00000000a4000000| Untracked 
|  65|0x00000000a4100000, 0x00000000a4200000, 0x00000000a4200000|100%| O|  |TAMS 0x00000000a4100000, 0x00000000a4100000| Untracked 
|  66|0x00000000a4200000, 0x00000000a4300000, 0x00000000a4300000|100%| O|  |TAMS 0x00000000a4200000, 0x00000000a4200000| Untracked 
|  67|0x00000000a4300000, 0x00000000a4400000, 0x00000000a4400000|100%| O|  |TAMS 0x00000000a4300000, 0x00000000a4300000| Untracked 
|  68|0x00000000a4400000, 0x00000000a4500000, 0x00000000a4500000|100%| O|  |TAMS 0x00000000a4400000, 0x00000000a4400000| Untracked 
|  69|0x00000000a4500000, 0x00000000a4600000, 0x00000000a4600000|100%| O|  |TAMS 0x00000000a4500000, 0x00000000a4500000| Untracked 
|  70|0x00000000a4600000, 0x00000000a4700000, 0x00000000a4700000|100%| O|  |TAMS 0x00000000a4600000, 0x00000000a4600000| Untracked 
|  71|0x00000000a4700000, 0x00000000a4800000, 0x00000000a4800000|100%| O|  |TAMS 0x00000000a4700000, 0x00000000a4700000| Untracked 
|  72|0x00000000a4800000, 0x00000000a4900000, 0x00000000a4900000|100%| O|  |TAMS 0x00000000a4800000, 0x00000000a4800000| Untracked 
|  73|0x00000000a4900000, 0x00000000a4a00000, 0x00000000a4a00000|100%| O|  |TAMS 0x00000000a4900000, 0x00000000a4900000| Untracked 
|  74|0x00000000a4a00000, 0x00000000a4b00000, 0x00000000a4b00000|100%| O|  |TAMS 0x00000000a4a00000, 0x00000000a4a00000| Untracked 
|  75|0x00000000a4b00000, 0x00000000a4c00000, 0x00000000a4c00000|100%| O|  |TAMS 0x00000000a4b00000, 0x00000000a4b00000| Untracked 
|  76|0x00000000a4c00000, 0x00000000a4d00000, 0x00000000a4d00000|100%| O|  |TAMS 0x00000000a4c00000, 0x00000000a4c00000| Untracked 
|  77|0x00000000a4d00000, 0x00000000a4e00000, 0x00000000a4e00000|100%| O|  |TAMS 0x00000000a4d00000, 0x00000000a4d00000| Untracked 
|  78|0x00000000a4e00000, 0x00000000a4f00000, 0x00000000a4f00000|100%| O|  |TAMS 0x00000000a4e00000, 0x00000000a4e00000| Untracked 
|  79|0x00000000a4f00000, 0x00000000a5000000, 0x00000000a5000000|100%| O|  |TAMS 0x00000000a4f00000, 0x00000000a4f00000| Untracked 
|  80|0x00000000a5000000, 0x00000000a5100000, 0x00000000a5100000|100%| O|  |TAMS 0x00000000a5000000, 0x00000000a5000000| Untracked 
|  81|0x00000000a5100000, 0x00000000a5200000, 0x00000000a5200000|100%| O|  |TAMS 0x00000000a5100000, 0x00000000a5100000| Untracked 
|  82|0x00000000a5200000, 0x00000000a5300000, 0x00000000a5300000|100%| O|  |TAMS 0x00000000a5200000, 0x00000000a5200000| Untracked 
|  83|0x00000000a5300000, 0x00000000a5400000, 0x00000000a5400000|100%| O|  |TAMS 0x00000000a5300000, 0x00000000a5300000| Untracked 
|  84|0x00000000a5400000, 0x00000000a5500000, 0x00000000a5500000|100%| O|  |TAMS 0x00000000a5400000, 0x00000000a5400000| Untracked 
|  85|0x00000000a5500000, 0x00000000a5600000, 0x00000000a5600000|100%| O|  |TAMS 0x00000000a5500000, 0x00000000a5500000| Untracked 
|  86|0x00000000a5600000, 0x00000000a5700000, 0x00000000a5700000|100%| O|  |TAMS 0x00000000a5600000, 0x00000000a5600000| Untracked 
|  87|0x00000000a5700000, 0x00000000a5800000, 0x00000000a5800000|100%| O|  |TAMS 0x00000000a5700000, 0x00000000a5700000| Untracked 
|  88|0x00000000a5800000, 0x00000000a5900000, 0x00000000a5900000|100%| O|  |TAMS 0x00000000a5800000, 0x00000000a5800000| Untracked 
|  89|0x00000000a5900000, 0x00000000a5a00000, 0x00000000a5a00000|100%| O|  |TAMS 0x00000000a5900000, 0x00000000a5900000| Untracked 
|  90|0x00000000a5a00000, 0x00000000a5b00000, 0x00000000a5b00000|100%| O|  |TAMS 0x00000000a5a00000, 0x00000000a5a00000| Untracked 
|  91|0x00000000a5b00000, 0x00000000a5c00000, 0x00000000a5c00000|100%| O|  |TAMS 0x00000000a5b00000, 0x00000000a5b00000| Untracked 
|  92|0x00000000a5c00000, 0x00000000a5d00000, 0x00000000a5d00000|100%| O|  |TAMS 0x00000000a5c00000, 0x00000000a5c00000| Untracked 
|  93|0x00000000a5d00000, 0x00000000a5e00000, 0x00000000a5e00000|100%| O|  |TAMS 0x00000000a5d00000, 0x00000000a5d00000| Untracked 
|  94|0x00000000a5e00000, 0x00000000a5f00000, 0x00000000a5f00000|100%| O|  |TAMS 0x00000000a5e00000, 0x00000000a5e00000| Untracked 
|  95|0x00000000a5f00000, 0x00000000a6000000, 0x00000000a6000000|100%| O|  |TAMS 0x00000000a5f00000, 0x00000000a5f00000| Untracked 
|  96|0x00000000a6000000, 0x00000000a6100000, 0x00000000a6100000|100%| O|  |TAMS 0x00000000a6000000, 0x00000000a6000000| Untracked 
|  97|0x00000000a6100000, 0x00000000a6200000, 0x00000000a6200000|100%| O|  |TAMS 0x00000000a6100000, 0x00000000a6100000| Untracked 
|  98|0x00000000a6200000, 0x00000000a6300000, 0x00000000a6300000|100%| O|  |TAMS 0x00000000a6200000, 0x00000000a6200000| Untracked 
|  99|0x00000000a6300000, 0x00000000a6400000, 0x00000000a6400000|100%| O|  |TAMS 0x00000000a6300000, 0x00000000a6300000| Untracked 
| 100|0x00000000a6400000, 0x00000000a6500000, 0x00000000a6500000|100%| O|  |TAMS 0x00000000a6400000, 0x00000000a6400000| Untracked 
| 101|0x00000000a6500000, 0x00000000a6600000, 0x00000000a6600000|100%| O|  |TAMS 0x00000000a6500000, 0x00000000a6500000| Untracked 
| 102|0x00000000a6600000, 0x00000000a6616e00, 0x00000000a6700000|  8%| O|  |TAMS 0x00000000a6600000, 0x00000000a6600000| Untracked 
| 103|0x00000000a6700000, 0x00000000a6700000, 0x00000000a6800000|  0%| F|  |TAMS 0x00000000a6700000, 0x00000000a6700000| Untracked 
| 104|0x00000000a6800000, 0x00000000a6800000, 0x00000000a6900000|  0%| F|  |TAMS 0x00000000a6800000, 0x00000000a6800000| Untracked 
| 105|0x00000000a6900000, 0x00000000a6900000, 0x00000000a6a00000|  0%| F|  |TAMS 0x00000000a6900000, 0x00000000a6900000| Untracked 
| 106|0x00000000a6a00000, 0x00000000a6a00000, 0x00000000a6b00000|  0%| F|  |TAMS 0x00000000a6a00000, 0x00000000a6a00000| Untracked 
| 107|0x00000000a6b00000, 0x00000000a6b00000, 0x00000000a6c00000|  0%| F|  |TAMS 0x00000000a6b00000, 0x00000000a6b00000| Untracked 
| 108|0x00000000a6c00000, 0x00000000a6c00000, 0x00000000a6d00000|  0%| F|  |TAMS 0x00000000a6c00000, 0x00000000a6c00000| Untracked 
| 109|0x00000000a6d00000, 0x00000000a6d00000, 0x00000000a6e00000|  0%| F|  |TAMS 0x00000000a6d00000, 0x00000000a6d00000| Untracked 
| 110|0x00000000a6e00000, 0x00000000a6e00000, 0x00000000a6f00000|  0%| F|  |TAMS 0x00000000a6e00000, 0x00000000a6e00000| Untracked 
| 111|0x00000000a6f00000, 0x00000000a6f00000, 0x00000000a7000000|  0%| F|  |TAMS 0x00000000a6f00000, 0x00000000a6f00000| Untracked 
| 112|0x00000000a7000000, 0x00000000a7000000, 0x00000000a7100000|  0%| F|  |TAMS 0x00000000a7000000, 0x00000000a7000000| Untracked 
| 113|0x00000000a7100000, 0x00000000a7100000, 0x00000000a7200000|  0%| F|  |TAMS 0x00000000a7100000, 0x00000000a7100000| Untracked 
| 114|0x00000000a7200000, 0x00000000a7200000, 0x00000000a7300000|  0%| F|  |TAMS 0x00000000a7200000, 0x00000000a7200000| Untracked 
| 115|0x00000000a7300000, 0x00000000a7300000, 0x00000000a7400000|  0%| F|  |TAMS 0x00000000a7300000, 0x00000000a7300000| Untracked 
| 116|0x00000000a7400000, 0x00000000a7400000, 0x00000000a7500000|  0%| F|  |TAMS 0x00000000a7400000, 0x00000000a7400000| Untracked 
| 117|0x00000000a7500000, 0x00000000a7500000, 0x00000000a7600000|  0%| F|  |TAMS 0x00000000a7500000, 0x00000000a7500000| Untracked 
| 118|0x00000000a7600000, 0x00000000a7600000, 0x00000000a7700000|  0%| F|  |TAMS 0x00000000a7600000, 0x00000000a7600000| Untracked 
| 119|0x00000000a7700000, 0x00000000a7700000, 0x00000000a7800000|  0%| F|  |TAMS 0x00000000a7700000, 0x00000000a7700000| Untracked 
| 120|0x00000000a7800000, 0x00000000a7800000, 0x00000000a7900000|  0%| F|  |TAMS 0x00000000a7800000, 0x00000000a7800000| Untracked 
| 121|0x00000000a7900000, 0x00000000a7900000, 0x00000000a7a00000|  0%| F|  |TAMS 0x00000000a7900000, 0x00000000a7900000| Untracked 
| 122|0x00000000a7a00000, 0x00000000a7a00000, 0x00000000a7b00000|  0%| F|  |TAMS 0x00000000a7a00000, 0x00000000a7a00000| Untracked 
| 123|0x00000000a7b00000, 0x00000000a7b00000, 0x00000000a7c00000|  0%| F|  |TAMS 0x00000000a7b00000, 0x00000000a7b00000| Untracked 
| 124|0x00000000a7c00000, 0x00000000a7c00000, 0x00000000a7d00000|  0%| F|  |TAMS 0x00000000a7c00000, 0x00000000a7c00000| Untracked 
| 125|0x00000000a7d00000, 0x00000000a7d00000, 0x00000000a7e00000|  0%| F|  |TAMS 0x00000000a7d00000, 0x00000000a7d00000| Untracked 
| 126|0x00000000a7e00000, 0x00000000a7e00000, 0x00000000a7f00000|  0%| F|  |TAMS 0x00000000a7e00000, 0x00000000a7e00000| Untracked 
| 127|0x00000000a7f00000, 0x00000000a7f00000, 0x00000000a8000000|  0%| F|  |TAMS 0x00000000a7f00000, 0x00000000a7f00000| Untracked 
| 128|0x00000000a8000000, 0x00000000a8000000, 0x00000000a8100000|  0%| F|  |TAMS 0x00000000a8000000, 0x00000000a8000000| Untracked 
| 129|0x00000000a8100000, 0x00000000a8100000, 0x00000000a8200000|  0%| F|  |TAMS 0x00000000a8100000, 0x00000000a8100000| Untracked 
| 130|0x00000000a8200000, 0x00000000a8200000, 0x00000000a8300000|  0%| F|  |TAMS 0x00000000a8200000, 0x00000000a8200000| Untracked 
| 131|0x00000000a8300000, 0x00000000a8300000, 0x00000000a8400000|  0%| F|  |TAMS 0x00000000a8300000, 0x00000000a8300000| Untracked 
| 132|0x00000000a8400000, 0x00000000a8400000, 0x00000000a8500000|  0%| F|  |TAMS 0x00000000a8400000, 0x00000000a8400000| Untracked 
| 133|0x00000000a8500000, 0x00000000a8600000, 0x00000000a8600000|100%| S|CS|TAMS 0x00000000a8500000, 0x00000000a8500000| Complete 
| 134|0x00000000a8600000, 0x00000000a8700000, 0x00000000a8700000|100%| S|CS|TAMS 0x00000000a8600000, 0x00000000a8600000| Complete 
| 135|0x00000000a8700000, 0x00000000a8800000, 0x00000000a8800000|100%| S|CS|TAMS 0x00000000a8700000, 0x00000000a8700000| Complete 
| 136|0x00000000a8800000, 0x00000000a8900000, 0x00000000a8900000|100%| S|CS|TAMS 0x00000000a8800000, 0x00000000a8800000| Complete 
| 137|0x00000000a8900000, 0x00000000a8a00000, 0x00000000a8a00000|100%| S|CS|TAMS 0x00000000a8900000, 0x00000000a8900000| Complete 
| 138|0x00000000a8a00000, 0x00000000a8a00000, 0x00000000a8b00000|  0%| F|  |TAMS 0x00000000a8a00000, 0x00000000a8a00000| Untracked 
| 139|0x00000000a8b00000, 0x00000000a8b00000, 0x00000000a8c00000|  0%| F|  |TAMS 0x00000000a8b00000, 0x00000000a8b00000| Untracked 
| 140|0x00000000a8c00000, 0x00000000a8c00000, 0x00000000a8d00000|  0%| F|  |TAMS 0x00000000a8c00000, 0x00000000a8c00000| Untracked 
| 141|0x00000000a8d00000, 0x00000000a8d00000, 0x00000000a8e00000|  0%| F|  |TAMS 0x00000000a8d00000, 0x00000000a8d00000| Untracked 
| 142|0x00000000a8e00000, 0x00000000a8f00000, 0x00000000a8f00000|100%| S|CS|TAMS 0x00000000a8e00000, 0x00000000a8e00000| Complete 
| 143|0x00000000a8f00000, 0x00000000a9000000, 0x00000000a9000000|100%| S|CS|TAMS 0x00000000a8f00000, 0x00000000a8f00000| Complete 
| 144|0x00000000a9000000, 0x00000000a9000000, 0x00000000a9100000|  0%| F|  |TAMS 0x00000000a9000000, 0x00000000a9000000| Untracked 
| 145|0x00000000a9100000, 0x00000000a9100000, 0x00000000a9200000|  0%| F|  |TAMS 0x00000000a9100000, 0x00000000a9100000| Untracked 
| 146|0x00000000a9200000, 0x00000000a9200000, 0x00000000a9300000|  0%| F|  |TAMS 0x00000000a9200000, 0x00000000a9200000| Untracked 
| 147|0x00000000a9300000, 0x00000000a9400000, 0x00000000a9400000|100%| S|CS|TAMS 0x00000000a9300000, 0x00000000a9300000| Complete 
| 148|0x00000000a9400000, 0x00000000a9500000, 0x00000000a9500000|100%| S|CS|TAMS 0x00000000a9400000, 0x00000000a9400000| Complete 
| 149|0x00000000a9500000, 0x00000000a9600000, 0x00000000a9600000|100%| S|CS|TAMS 0x00000000a9500000, 0x00000000a9500000| Complete 
| 150|0x00000000a9600000, 0x00000000a9700000, 0x00000000a9700000|100%| S|CS|TAMS 0x00000000a9600000, 0x00000000a9600000| Complete 
| 151|0x00000000a9700000, 0x00000000a9700000, 0x00000000a9800000|  0%| F|  |TAMS 0x00000000a9700000, 0x00000000a9700000| Untracked 
| 152|0x00000000a9800000, 0x00000000a9800000, 0x00000000a9900000|  0%| F|  |TAMS 0x00000000a9800000, 0x00000000a9800000| Untracked 
| 153|0x00000000a9900000, 0x00000000a9900000, 0x00000000a9a00000|  0%| F|  |TAMS 0x00000000a9900000, 0x00000000a9900000| Untracked 
| 154|0x00000000a9a00000, 0x00000000a9a00000, 0x00000000a9b00000|  0%| F|  |TAMS 0x00000000a9a00000, 0x00000000a9a00000| Untracked 
| 155|0x00000000a9b00000, 0x00000000a9b00000, 0x00000000a9c00000|  0%| F|  |TAMS 0x00000000a9b00000, 0x00000000a9b00000| Untracked 
| 156|0x00000000a9c00000, 0x00000000a9c00000, 0x00000000a9d00000|  0%| F|  |TAMS 0x00000000a9c00000, 0x00000000a9c00000| Untracked 
| 157|0x00000000a9d00000, 0x00000000a9d00000, 0x00000000a9e00000|  0%| F|  |TAMS 0x00000000a9d00000, 0x00000000a9d00000| Untracked 
| 158|0x00000000a9e00000, 0x00000000a9e00000, 0x00000000a9f00000|  0%| F|  |TAMS 0x00000000a9e00000, 0x00000000a9e00000| Untracked 
| 159|0x00000000a9f00000, 0x00000000a9f00000, 0x00000000aa000000|  0%| F|  |TAMS 0x00000000a9f00000, 0x00000000a9f00000| Untracked 
| 160|0x00000000aa000000, 0x00000000aa000000, 0x00000000aa100000|  0%| F|  |TAMS 0x00000000aa000000, 0x00000000aa000000| Untracked 
| 161|0x00000000aa100000, 0x00000000aa100000, 0x00000000aa200000|  0%| F|  |TAMS 0x00000000aa100000, 0x00000000aa100000| Untracked 
| 162|0x00000000aa200000, 0x00000000aa200000, 0x00000000aa300000|  0%| F|  |TAMS 0x00000000aa200000, 0x00000000aa200000| Untracked 
| 163|0x00000000aa300000, 0x00000000aa300000, 0x00000000aa400000|  0%| F|  |TAMS 0x00000000aa300000, 0x00000000aa300000| Untracked 
| 164|0x00000000aa400000, 0x00000000aa400000, 0x00000000aa500000|  0%| F|  |TAMS 0x00000000aa400000, 0x00000000aa400000| Untracked 
| 165|0x00000000aa500000, 0x00000000aa500000, 0x00000000aa600000|  0%| F|  |TAMS 0x00000000aa500000, 0x00000000aa500000| Untracked 
| 166|0x00000000aa600000, 0x00000000aa600000, 0x00000000aa700000|  0%| F|  |TAMS 0x00000000aa600000, 0x00000000aa600000| Untracked 
| 167|0x00000000aa700000, 0x00000000aa700000, 0x00000000aa800000|  0%| F|  |TAMS 0x00000000aa700000, 0x00000000aa700000| Untracked 
| 168|0x00000000aa800000, 0x00000000aa800000, 0x00000000aa900000|  0%| F|  |TAMS 0x00000000aa800000, 0x00000000aa800000| Untracked 
| 169|0x00000000aa900000, 0x00000000aa900000, 0x00000000aaa00000|  0%| F|  |TAMS 0x00000000aa900000, 0x00000000aa900000| Untracked 
| 170|0x00000000aaa00000, 0x00000000aaa00000, 0x00000000aab00000|  0%| F|  |TAMS 0x00000000aaa00000, 0x00000000aaa00000| Untracked 
| 171|0x00000000aab00000, 0x00000000aab00000, 0x00000000aac00000|  0%| F|  |TAMS 0x00000000aab00000, 0x00000000aab00000| Untracked 
| 172|0x00000000aac00000, 0x00000000aac00000, 0x00000000aad00000|  0%| F|  |TAMS 0x00000000aac00000, 0x00000000aac00000| Untracked 
| 173|0x00000000aad00000, 0x00000000aad00000, 0x00000000aae00000|  0%| F|  |TAMS 0x00000000aad00000, 0x00000000aad00000| Untracked 
| 174|0x00000000aae00000, 0x00000000aae00000, 0x00000000aaf00000|  0%| F|  |TAMS 0x00000000aae00000, 0x00000000aae00000| Untracked 
| 175|0x00000000aaf00000, 0x00000000aaf00000, 0x00000000ab000000|  0%| F|  |TAMS 0x00000000aaf00000, 0x00000000aaf00000| Untracked 
| 176|0x00000000ab000000, 0x00000000ab000000, 0x00000000ab100000|  0%| F|  |TAMS 0x00000000ab000000, 0x00000000ab000000| Untracked 
| 177|0x00000000ab100000, 0x00000000ab100000, 0x00000000ab200000|  0%| F|  |TAMS 0x00000000ab100000, 0x00000000ab100000| Untracked 
| 178|0x00000000ab200000, 0x00000000ab200000, 0x00000000ab300000|  0%| F|  |TAMS 0x00000000ab200000, 0x00000000ab200000| Untracked 
| 179|0x00000000ab300000, 0x00000000ab300000, 0x00000000ab400000|  0%| F|  |TAMS 0x00000000ab300000, 0x00000000ab300000| Untracked 
| 180|0x00000000ab400000, 0x00000000ab400000, 0x00000000ab500000|  0%| F|  |TAMS 0x00000000ab400000, 0x00000000ab400000| Untracked 
| 181|0x00000000ab500000, 0x00000000ab500000, 0x00000000ab600000|  0%| F|  |TAMS 0x00000000ab500000, 0x00000000ab500000| Untracked 
| 182|0x00000000ab600000, 0x00000000ab600000, 0x00000000ab700000|  0%| F|  |TAMS 0x00000000ab600000, 0x00000000ab600000| Untracked 
| 183|0x00000000ab700000, 0x00000000ab700000, 0x00000000ab800000|  0%| F|  |TAMS 0x00000000ab700000, 0x00000000ab700000| Untracked 
| 184|0x00000000ab800000, 0x00000000ab800000, 0x00000000ab900000|  0%| F|  |TAMS 0x00000000ab800000, 0x00000000ab800000| Untracked 
| 185|0x00000000ab900000, 0x00000000ab900000, 0x00000000aba00000|  0%| F|  |TAMS 0x00000000ab900000, 0x00000000ab900000| Untracked 
| 186|0x00000000aba00000, 0x00000000aba00000, 0x00000000abb00000|  0%| F|  |TAMS 0x00000000aba00000, 0x00000000aba00000| Untracked 
| 187|0x00000000abb00000, 0x00000000abb00000, 0x00000000abc00000|  0%| F|  |TAMS 0x00000000abb00000, 0x00000000abb00000| Untracked 
| 188|0x00000000abc00000, 0x00000000abc00000, 0x00000000abd00000|  0%| F|  |TAMS 0x00000000abc00000, 0x00000000abc00000| Untracked 
| 189|0x00000000abd00000, 0x00000000abd00000, 0x00000000abe00000|  0%| F|  |TAMS 0x00000000abd00000, 0x00000000abd00000| Untracked 
| 190|0x00000000abe00000, 0x00000000abe00000, 0x00000000abf00000|  0%| F|  |TAMS 0x00000000abe00000, 0x00000000abe00000| Untracked 
| 191|0x00000000abf00000, 0x00000000abf00000, 0x00000000ac000000|  0%| F|  |TAMS 0x00000000abf00000, 0x00000000abf00000| Untracked 
| 192|0x00000000ac000000, 0x00000000ac000000, 0x00000000ac100000|  0%| F|  |TAMS 0x00000000ac000000, 0x00000000ac000000| Untracked 
| 193|0x00000000ac100000, 0x00000000ac100000, 0x00000000ac200000|  0%| F|  |TAMS 0x00000000ac100000, 0x00000000ac100000| Untracked 
| 194|0x00000000ac200000, 0x00000000ac200000, 0x00000000ac300000|  0%| F|  |TAMS 0x00000000ac200000, 0x00000000ac200000| Untracked 
| 195|0x00000000ac300000, 0x00000000ac300000, 0x00000000ac400000|  0%| F|  |TAMS 0x00000000ac300000, 0x00000000ac300000| Untracked 
| 196|0x00000000ac400000, 0x00000000ac400000, 0x00000000ac500000|  0%| F|  |TAMS 0x00000000ac400000, 0x00000000ac400000| Untracked 
| 197|0x00000000ac500000, 0x00000000ac500000, 0x00000000ac600000|  0%| F|  |TAMS 0x00000000ac500000, 0x00000000ac500000| Untracked 
| 198|0x00000000ac600000, 0x00000000ac600000, 0x00000000ac700000|  0%| F|  |TAMS 0x00000000ac600000, 0x00000000ac600000| Untracked 
| 199|0x00000000ac700000, 0x00000000ac700000, 0x00000000ac800000|  0%| F|  |TAMS 0x00000000ac700000, 0x00000000ac700000| Untracked 
| 200|0x00000000ac800000, 0x00000000ac800000, 0x00000000ac900000|  0%| F|  |TAMS 0x00000000ac800000, 0x00000000ac800000| Untracked 
| 201|0x00000000ac900000, 0x00000000ac900000, 0x00000000aca00000|  0%| F|  |TAMS 0x00000000ac900000, 0x00000000ac900000| Untracked 
| 202|0x00000000aca00000, 0x00000000aca00000, 0x00000000acb00000|  0%| F|  |TAMS 0x00000000aca00000, 0x00000000aca00000| Untracked 
| 203|0x00000000acb00000, 0x00000000acb00000, 0x00000000acc00000|  0%| F|  |TAMS 0x00000000acb00000, 0x00000000acb00000| Untracked 
| 204|0x00000000acc00000, 0x00000000acc00000, 0x00000000acd00000|  0%| F|  |TAMS 0x00000000acc00000, 0x00000000acc00000| Untracked 
| 205|0x00000000acd00000, 0x00000000acd0acf0, 0x00000000ace00000|  4%| E|  |TAMS 0x00000000acd00000, 0x00000000acd00000| Complete 
| 206|0x00000000ace00000, 0x00000000acefc1c8, 0x00000000acf00000| 98%| E|  |TAMS 0x00000000ace00000, 0x00000000ace00000| Complete 
| 207|0x00000000acf00000, 0x00000000ad000000, 0x00000000ad000000|100%| E|CS|TAMS 0x00000000acf00000, 0x00000000acf00000| Complete 
| 208|0x00000000ad000000, 0x00000000ad100000, 0x00000000ad100000|100%| E|CS|TAMS 0x00000000ad000000, 0x00000000ad000000| Complete 
| 209|0x00000000ad100000, 0x00000000ad200000, 0x00000000ad200000|100%| E|CS|TAMS 0x00000000ad100000, 0x00000000ad100000| Complete 
| 210|0x00000000ad200000, 0x00000000ad300000, 0x00000000ad300000|100%| E|CS|TAMS 0x00000000ad200000, 0x00000000ad200000| Complete 
| 211|0x00000000ad300000, 0x00000000ad400000, 0x00000000ad400000|100%| E|CS|TAMS 0x00000000ad300000, 0x00000000ad300000| Complete 
| 212|0x00000000ad400000, 0x00000000ad500000, 0x00000000ad500000|100%| E|CS|TAMS 0x00000000ad400000, 0x00000000ad400000| Complete 
| 213|0x00000000ad500000, 0x00000000ad600000, 0x00000000ad600000|100%| E|CS|TAMS 0x00000000ad500000, 0x00000000ad500000| Complete 
| 214|0x00000000ad600000, 0x00000000ad700000, 0x00000000ad700000|100%| E|CS|TAMS 0x00000000ad600000, 0x00000000ad600000| Complete 
| 215|0x00000000ad700000, 0x00000000ad800000, 0x00000000ad800000|100%| E|CS|TAMS 0x00000000ad700000, 0x00000000ad700000| Complete 
| 216|0x00000000ad800000, 0x00000000ad900000, 0x00000000ad900000|100%| E|CS|TAMS 0x00000000ad800000, 0x00000000ad800000| Complete 
| 217|0x00000000ad900000, 0x00000000ada00000, 0x00000000ada00000|100%| E|CS|TAMS 0x00000000ad900000, 0x00000000ad900000| Complete 
| 218|0x00000000ada00000, 0x00000000adb00000, 0x00000000adb00000|100%| E|CS|TAMS 0x00000000ada00000, 0x00000000ada00000| Complete 
| 219|0x00000000adb00000, 0x00000000adc00000, 0x00000000adc00000|100%| E|CS|TAMS 0x00000000adb00000, 0x00000000adb00000| Complete 
| 220|0x00000000adc00000, 0x00000000add00000, 0x00000000add00000|100%| E|CS|TAMS 0x00000000adc00000, 0x00000000adc00000| Complete 
| 221|0x00000000add00000, 0x00000000ade00000, 0x00000000ade00000|100%| E|CS|TAMS 0x00000000add00000, 0x00000000add00000| Complete 
| 222|0x00000000ade00000, 0x00000000adf00000, 0x00000000adf00000|100%| E|CS|TAMS 0x00000000ade00000, 0x00000000ade00000| Complete 
| 223|0x00000000adf00000, 0x00000000ae000000, 0x00000000ae000000|100%| E|CS|TAMS 0x00000000adf00000, 0x00000000adf00000| Complete 
| 224|0x00000000ae000000, 0x00000000ae100000, 0x00000000ae100000|100%| E|CS|TAMS 0x00000000ae000000, 0x00000000ae000000| Complete 
| 225|0x00000000ae100000, 0x00000000ae200000, 0x00000000ae200000|100%| E|CS|TAMS 0x00000000ae100000, 0x00000000ae100000| Complete 
| 226|0x00000000ae200000, 0x00000000ae300000, 0x00000000ae300000|100%| E|CS|TAMS 0x00000000ae200000, 0x00000000ae200000| Complete 
| 227|0x00000000ae300000, 0x00000000ae400000, 0x00000000ae400000|100%| E|CS|TAMS 0x00000000ae300000, 0x00000000ae300000| Complete 
| 228|0x00000000ae400000, 0x00000000ae500000, 0x00000000ae500000|100%| E|CS|TAMS 0x00000000ae400000, 0x00000000ae400000| Complete 
| 229|0x00000000ae500000, 0x00000000ae600000, 0x00000000ae600000|100%| E|CS|TAMS 0x00000000ae500000, 0x00000000ae500000| Complete 
| 230|0x00000000ae600000, 0x00000000ae700000, 0x00000000ae700000|100%| E|CS|TAMS 0x00000000ae600000, 0x00000000ae600000| Complete 

Card table byte_map: [0x000001f048ae0000,0x000001f048de0000] _byte_map_base: 0x000001f0485e0000

Marking Bits (Prev, Next): (CMBitMap*) 0x000001f0356d5968, (CMBitMap*) 0x000001f0356d59a0
 Prev Bits: [0x000001f0490e0000, 0x000001f04a8e0000)
 Next Bits: [0x000001f04a8e0000, 0x000001f04c0e0000)

Polling page: 0x000001f033dc0000

Metaspace:

Usage:
  Non-class:     93.33 MB capacity,    91.74 MB ( 98%) used,     1.29 MB (  1%) free+waste,   315.13 KB ( <1%) overhead. 
      Class:     14.28 MB capacity,    13.34 MB ( 93%) used,   826.32 KB (  6%) free+waste,   139.06 KB ( <1%) overhead. 
       Both:    107.61 MB capacity,   105.07 MB ( 98%) used,     2.09 MB (  2%) free+waste,   454.19 KB ( <1%) overhead. 

Virtual space:
  Non-class space:       94.00 MB reserved,      93.45 MB (>99%) committed 
      Class space:        1.00 GB reserved,      14.38 MB (  1%) committed 
             Both:        1.09 GB reserved,     107.82 MB ( 10%) committed 

Chunk freelists:
   Non-Class:  2.00 KB
       Class:  1.00 KB
        Both:  3.00 KB

MaxMetaspaceSize: 17179869184.00 GB
CompressedClassSpaceSize: 1.00 GB
Initial GC threshold: 20.80 MB
Current GC threshold: 112.83 MB
CDS: off

CodeHeap 'non-profiled nmethods': size=120064Kb used=8703Kb max_used=8703Kb free=111360Kb
 bounds [0x000001f040c70000, 0x000001f0414f0000, 0x000001f0481b0000]
CodeHeap 'profiled nmethods': size=120000Kb used=31706Kb max_used=31706Kb free=88293Kb
 bounds [0x000001f039740000, 0x000001f03b640000, 0x000001f040c70000]
CodeHeap 'non-nmethods': size=5696Kb used=2443Kb max_used=2509Kb free=3252Kb
 bounds [0x000001f0391b0000, 0x000001f039430000, 0x000001f039740000]
 total_blobs=15531 nmethods=14556 adapters=885
 compilation: enabled
              stopped_count=0, restarted_count=0
 full_count=0

Compilation events (20 events):
Event: 115.926 Thread 0x000001f04efb4800 nmethod 14751 0x000001f03b62e990 code [0x000001f03b62eb40, 0x000001f03b62ecb8]
Event: 115.939 Thread 0x000001f04efb4800 14752   !   3       java.io.ObjectInputStream::filterCheck (223 bytes)
Event: 115.942 Thread 0x000001f04efb4800 nmethod 14752 0x000001f03b62ed90 code [0x000001f03b62f1c0, 0x000001f03b631618]
Event: 115.942 Thread 0x000001f04efb4800 14754       3       java.lang.invoke.MemberName::getFactory (4 bytes)
Event: 115.942 Thread 0x000001f04efb4800 nmethod 14754 0x000001f03b632210 code [0x000001f03b6323c0, 0x000001f03b6324b8]
Event: 115.947 Thread 0x000001f04efb4800 14758       3       java.lang.invoke.MethodType::insertParameterTypes (10 bytes)
Event: 115.947 Thread 0x000001f04efb4800 nmethod 14758 0x000001f03b632510 code [0x000001f03b632700, 0x000001f03b632b38]
Event: 115.964 Thread 0x000001f04efb4800 14759       3       java.io.ObjectStreamClass::getMethodSignature (55 bytes)
Event: 115.965 Thread 0x000001f04efb4800 nmethod 14759 0x000001f03b632c90 code [0x000001f03b632f00, 0x000001f03b633788]
Event: 115.987 Thread 0x000001f04efb4800 14760       3       sun.security.provider.DigestBase::engineUpdate (189 bytes)
Event: 115.988 Thread 0x000001f04efb4800 nmethod 14760 0x000001f03b633b10 code [0x000001f03b633d80, 0x000001f03b634a18]
Event: 115.989 Thread 0x000001f04efb4800 14761       3       java.lang.invoke.Invokers::maybeCustomize (28 bytes)
Event: 115.989 Thread 0x000001f04efb4800 nmethod 14761 0x000001f03b634d90 code [0x000001f03b634f40, 0x000001f03b635128]
Event: 115.995 Thread 0x000001f04efb4800 14763       3       java.io.ObjectStreamClass::hasWriteReplaceMethod (17 bytes)
Event: 115.995 Thread 0x000001f04efb4800 nmethod 14763 0x000001f03b635210 code [0x000001f03b6353e0, 0x000001f03b6356a8]
Event: 115.996 Thread 0x000001f04efb4800 14765   !   3       java.io.ObjectOutputStream::writeObject (38 bytes)
Event: 115.997 Thread 0x000001f04efb4800 nmethod 14765 0x000001f03b635810 code [0x000001f03b6359e0, 0x000001f03b635cf8]
Event: 115.997 Thread 0x000001f052822000 14762   !   4       java.io.ObjectOutputStream::writeObject0 (619 bytes)
Event: 116.013 Thread 0x000001f04efb4800 14766       2       java.util.ComparableTimSort::binarySort (223 bytes)
Event: 116.014 Thread 0x000001f04efb4800 nmethod 14766 0x000001f03b635e10 code [0x000001f03b636020, 0x000001f03b6366b8]

GC Heap History (20 events):
Event: 16.103 GC heap before
{Heap before GC invocations=12 (full 0):
 garbage-first heap   total 196608K, used 55081K [0x00000000a0000000, 0x0000000100000000)
  region size 1024K, 19 young (19456K), 14 survivors (14336K)
 Metaspace       used 58793K, capacity 60150K, committed 60236K, reserved 1101824K
  class space    used 7479K, capacity 8034K, committed 8064K, reserved 1048576K
}
Event: 16.139 GC heap after
{Heap after GC invocations=13 (full 0):
 garbage-first heap   total 236544K, used 52973K [0x00000000a0000000, 0x0000000100000000)
  region size 1024K, 2 young (2048K), 2 survivors (2048K)
 Metaspace       used 58793K, capacity 60150K, committed 60236K, reserved 1101824K
  class space    used 7479K, capacity 8034K, committed 8064K, reserved 1048576K
}
Event: 19.144 GC heap before
{Heap before GC invocations=14 (full 0):
 garbage-first heap   total 236544K, used 145133K [0x00000000a0000000, 0x0000000100000000)
  region size 1024K, 91 young (93184K), 2 survivors (2048K)
 Metaspace       used 67598K, capacity 69172K, committed 69324K, reserved 1110016K
  class space    used 8579K, capacity 9148K, committed 9216K, reserved 1048576K
}
Event: 19.165 GC heap after
{Heap after GC invocations=15 (full 0):
 garbage-first heap   total 236544K, used 57700K [0x00000000a0000000, 0x0000000100000000)
  region size 1024K, 7 young (7168K), 7 survivors (7168K)
 Metaspace       used 67598K, capacity 69172K, committed 69324K, reserved 1110016K
  class space    used 8579K, capacity 9148K, committed 9216K, reserved 1048576K
}
Event: 21.691 GC heap before
{Heap before GC invocations=16 (full 0):
 garbage-first heap   total 236544K, used 153956K [0x00000000a0000000, 0x0000000100000000)
  region size 1024K, 101 young (103424K), 7 survivors (7168K)
 Metaspace       used 74196K, capacity 75720K, committed 75980K, reserved 1116160K
  class space    used 9621K, capacity 10235K, committed 10240K, reserved 1048576K
}
Event: 21.722 GC heap after
{Heap after GC invocations=17 (full 0):
 garbage-first heap   total 236544K, used 64354K [0x00000000a0000000, 0x0000000100000000)
  region size 1024K, 13 young (13312K), 13 survivors (13312K)
 Metaspace       used 74196K, capacity 75720K, committed 75980K, reserved 1116160K
  class space    used 9621K, capacity 10235K, committed 10240K, reserved 1048576K
}
Event: 24.518 GC heap before
{Heap before GC invocations=17 (full 0):
 garbage-first heap   total 236544K, used 161634K [0x00000000a0000000, 0x0000000100000000)
  region size 1024K, 108 young (110592K), 13 survivors (13312K)
 Metaspace       used 83225K, capacity 85030K, committed 85324K, reserved 1122304K
  class space    used 10868K, capacity 11574K, committed 11648K, reserved 1048576K
}
Event: 24.548 GC heap after
{Heap after GC invocations=18 (full 0):
 garbage-first heap   total 236544K, used 71738K [0x00000000a0000000, 0x0000000100000000)
  region size 1024K, 14 young (14336K), 14 survivors (14336K)
 Metaspace       used 83225K, capacity 85030K, committed 85324K, reserved 1122304K
  class space    used 10868K, capacity 11574K, committed 11648K, reserved 1048576K
}
Event: 27.224 GC heap before
{Heap before GC invocations=18 (full 0):
 garbage-first heap   total 236544K, used 170042K [0x00000000a0000000, 0x0000000100000000)
  region size 1024K, 109 young (111616K), 14 survivors (14336K)
 Metaspace       used 87537K, capacity 89600K, committed 89804K, reserved 1126400K
  class space    used 11372K, capacity 12185K, committed 12288K, reserved 1048576K
}
Event: 27.279 GC heap after
{Heap after GC invocations=19 (full 0):
 garbage-first heap   total 236544K, used 83181K [0x00000000a0000000, 0x0000000100000000)
  region size 1024K, 14 young (14336K), 14 survivors (14336K)
 Metaspace       used 87537K, capacity 89600K, committed 89804K, reserved 1126400K
  class space    used 11372K, capacity 12185K, committed 12288K, reserved 1048576K
}
Event: 30.152 GC heap before
{Heap before GC invocations=19 (full 0):
 garbage-first heap   total 236544K, used 186605K [0x00000000a0000000, 0x0000000100000000)
  region size 1024K, 101 young (103424K), 14 survivors (14336K)
 Metaspace       used 94357K, capacity 96474K, committed 96588K, reserved 1132544K
  class space    used 12111K, capacity 12917K, committed 12928K, reserved 1048576K
}
Event: 30.205 GC heap after
{Heap after GC invocations=20 (full 0):
 garbage-first heap   total 236544K, used 92160K [0x00000000a0000000, 0x0000000100000000)
  region size 1024K, 9 young (9216K), 9 survivors (9216K)
 Metaspace       used 94357K, capacity 96474K, committed 96588K, reserved 1132544K
  class space    used 12111K, capacity 12917K, committed 12928K, reserved 1048576K
}
Event: 32.020 GC heap before
{Heap before GC invocations=20 (full 0):
 garbage-first heap   total 236544K, used 177152K [0x00000000a0000000, 0x0000000100000000)
  region size 1024K, 93 young (95232K), 9 survivors (9216K)
 Metaspace       used 96829K, capacity 98988K, committed 99276K, reserved 1134592K
  class space    used 12386K, capacity 13233K, committed 13312K, reserved 1048576K
}
Event: 32.063 GC heap after
{Heap after GC invocations=21 (full 0):
 garbage-first heap   total 236544K, used 100826K [0x00000000a0000000, 0x0000000100000000)
  region size 1024K, 8 young (8192K), 8 survivors (8192K)
 Metaspace       used 96829K, capacity 98988K, committed 99276K, reserved 1134592K
  class space    used 12386K, capacity 13233K, committed 13312K, reserved 1048576K
}
Event: 35.790 GC heap before
{Heap before GC invocations=21 (full 0):
 garbage-first heap   total 236544K, used 181722K [0x00000000a0000000, 0x0000000100000000)
  region size 1024K, 88 young (90112K), 8 survivors (8192K)
 Metaspace       used 100252K, capacity 102444K, committed 102732K, reserved 1138688K
  class space    used 12795K, capacity 13639K, committed 13696K, reserved 1048576K
}
Event: 35.810 GC heap after
{Heap after GC invocations=22 (full 0):
 garbage-first heap   total 236544K, used 105664K [0x00000000a0000000, 0x0000000100000000)
  region size 1024K, 6 young (6144K), 6 survivors (6144K)
 Metaspace       used 100252K, capacity 102444K, committed 102732K, reserved 1138688K
  class space    used 12795K, capacity 13639K, committed 13696K, reserved 1048576K
}
Event: 37.489 GC heap before
{Heap before GC invocations=22 (full 0):
 garbage-first heap   total 236544K, used 184512K [0x00000000a0000000, 0x0000000100000000)
  region size 1024K, 84 young (86016K), 6 survivors (6144K)
 Metaspace       used 103696K, capacity 105990K, committed 106188K, reserved 1140736K
  class space    used 13185K, capacity 14045K, committed 14080K, reserved 1048576K
}
Event: 37.521 GC heap after
{Heap after GC invocations=23 (full 0):
 garbage-first heap   total 236544K, used 109015K [0x00000000a0000000, 0x0000000100000000)
  region size 1024K, 9 young (9216K), 9 survivors (9216K)
 Metaspace       used 103696K, capacity 105990K, committed 106188K, reserved 1140736K
  class space    used 13185K, capacity 14045K, committed 14080K, reserved 1048576K
}
Event: 101.545 GC heap before
{Heap before GC invocations=23 (full 0):
 garbage-first heap   total 236544K, used 187863K [0x00000000a0000000, 0x0000000100000000)
  region size 1024K, 87 young (89088K), 9 survivors (9216K)
 Metaspace       used 106682K, capacity 109152K, committed 109388K, reserved 1144832K
  class space    used 13521K, capacity 14426K, committed 14464K, reserved 1048576K
}
Event: 101.604 GC heap after
{Heap after GC invocations=24 (full 0):
 garbage-first heap   total 236544K, used 115803K [0x00000000a0000000, 0x0000000100000000)
  region size 1024K, 11 young (11264K), 11 survivors (11264K)
 Metaspace       used 106682K, capacity 109152K, committed 109388K, reserved 1144832K
  class space    used 13521K, capacity 14426K, committed 14464K, reserved 1048576K
}

Deoptimization events (20 events):
Event: 115.924 Thread 0x000001f05281b000 Uncommon trap: trap_request=0xffffffde fr.pc=0x000001f041411560 relative=0x0000000000002560
Event: 115.924 Thread 0x000001f05281b000 Uncommon trap: reason=class_check action=maybe_recompile pc=0x000001f041411560 method=java.io.ObjectOutputStream.writeObject0(Ljava/lang/Object;Z)V @ 240 c2
Event: 115.924 Thread 0x000001f05281b000 DEOPT PACKING pc=0x000001f041411560 sp=0x000000e86a5fd1a0
Event: 115.924 Thread 0x000001f05281b000 DEOPT UNPACKING pc=0x000001f0391fa1af sp=0x000000e86a5fd158 mode 2
Event: 115.925 Thread 0x000001f05281b000 Uncommon trap: trap_request=0xffffffde fr.pc=0x000001f041411560 relative=0x0000000000002560
Event: 115.925 Thread 0x000001f05281b000 Uncommon trap: reason=class_check action=maybe_recompile pc=0x000001f041411560 method=java.io.ObjectOutputStream.writeObject0(Ljava/lang/Object;Z)V @ 240 c2
Event: 115.925 Thread 0x000001f05281b000 DEOPT PACKING pc=0x000001f041411560 sp=0x000000e86a5fd030
Event: 115.925 Thread 0x000001f05281b000 DEOPT UNPACKING pc=0x000001f0391fa1af sp=0x000000e86a5fd000 mode 2
Event: 115.926 Thread 0x000001f05281b000 Uncommon trap: trap_request=0xffffffde fr.pc=0x000001f041411560 relative=0x0000000000002560
Event: 115.926 Thread 0x000001f05281b000 Uncommon trap: reason=class_check action=maybe_recompile pc=0x000001f041411560 method=java.io.ObjectOutputStream.writeObject0(Ljava/lang/Object;Z)V @ 240 c2
Event: 115.926 Thread 0x000001f05281b000 DEOPT PACKING pc=0x000001f041411560 sp=0x000000e86a5fcd40
Event: 115.926 Thread 0x000001f05281b000 DEOPT UNPACKING pc=0x000001f0391fa1af sp=0x000000e86a5fccf8 mode 2
Event: 115.940 Thread 0x000001f05281b000 Uncommon trap: trap_request=0xffffffde fr.pc=0x000001f0412942ac relative=0x000000000000010c
Event: 115.940 Thread 0x000001f05281b000 Uncommon trap: reason=class_check action=maybe_recompile pc=0x000001f0412942ac method=java.lang.reflect.Array.newInstance(Ljava/lang/Class;I)Ljava/lang/Object; @ 2 c2
Event: 115.940 Thread 0x000001f05281b000 DEOPT PACKING pc=0x000001f0412942ac sp=0x000000e86a5fc620
Event: 115.940 Thread 0x000001f05281b000 DEOPT UNPACKING pc=0x000001f0391fa1af sp=0x000000e86a5fc5b8 mode 2
Event: 115.983 Thread 0x000001f05281b000 Uncommon trap: trap_request=0xffffff4d fr.pc=0x000001f041318ec4 relative=0x0000000000000664
Event: 115.983 Thread 0x000001f05281b000 Uncommon trap: reason=unstable_if action=reinterpret pc=0x000001f041318ec4 method=java.lang.String.valueOf(Ljava/lang/Object;)Ljava/lang/String; @ 1 c2
Event: 115.983 Thread 0x000001f05281b000 DEOPT PACKING pc=0x000001f041318ec4 sp=0x000000e86a5fdd40
Event: 115.983 Thread 0x000001f05281b000 DEOPT UNPACKING pc=0x000001f0391fa1af sp=0x000000e86a5fdcc8 mode 2

Classes redefined (0 events):
No events

Internal exceptions (20 events):
Event: 113.765 Thread 0x000001f05281b000 Exception <a 'java/net/ConnectException'{0x00000000ad35fa50}: Connection refused: connect> (0x00000000ad35fa50) thrown at [./src/hotspot/share/prims/jni.cpp, line 636]
Event: 115.808 Thread 0x000001f05281b000 Exception <a 'java/net/ConnectException'{0x00000000ad360780}: Connection refused: connect> (0x00000000ad360780) thrown at [./src/hotspot/share/prims/jni.cpp, line 636]
Event: 115.886 Thread 0x000001f05281b000 Exception <a 'java/lang/NoSuchMethodError'{0x00000000ad268700}: <clinit>> (0x00000000ad268700) thrown at [./src/hotspot/share/prims/jni.cpp, line 1365]
Event: 115.887 Thread 0x000001f05281b000 Exception <a 'java/lang/NoSuchMethodError'{0x00000000ad274a20}: <clinit>> (0x00000000ad274a20) thrown at [./src/hotspot/share/prims/jni.cpp, line 1365]
Event: 115.905 Thread 0x000001f05281b000 Exception <a 'java/lang/NoSuchMethodError'{0x00000000ad117a68}: 'java.lang.Object java.lang.invoke.DirectMethodHandle$Holder.invokeSpecial(java.lang.Object, java.lang.Object, int, int, java.lang.Object, int, java.lang.Object, java.lang.Object)'> (0x00000000ad117a68) thrown at [./src/hotspot/share/interpreter/linkResolver.cpp, line 773]
Event: 115.905 Thread 0x000001f05281b000 Exception <a 'java/lang/NoSuchMethodError'{0x00000000ad11b610}: 'java.lang.Object java.lang.invoke.DelegatingMethodHandle$Holder.reinvoke_L(java.lang.Object, int, int, java.lang.Object, int, java.lang.Object, java.lang.Object)'> (0x00000000ad11b610) thrown at [./src/hotspot/share/interpreter/linkResolver.cpp, line 773]
Event: 115.908 Thread 0x000001f05281b000 Exception <a 'java/lang/NoSuchMethodError'{0x00000000ad147088}: 'java.lang.Object java.lang.invoke.DirectMethodHandle$Holder.invokeStatic(java.lang.Object, java.lang.Object, java.lang.Object, java.lang.Object, java.lang.Object, java.lang.Object, java.lang.Object, java.lang.Object, int)'> (0x00000000ad147088) thrown at [./src/hotspot/share/interpreter/linkResolver.cpp, line 773]
Event: 115.910 Thread 0x000001f05281b000 Exception <a 'java/lang/NoSuchMethodError'{0x00000000ad1621a8}: 'java.lang.Object java.lang.invoke.DirectMethodHandle$Holder.invokeStatic(java.lang.Object, java.lang.Object, java.lang.Object, java.lang.Object, java.lang.Object, java.lang.Object, java.lang.Object, java.lang.Object, int, int)'> (0x00000000ad1621a8) thrown at [./src/hotspot/share/interpreter/linkResolver.cpp, line 773]
Event: 115.912 Thread 0x000001f05281b000 Exception <a 'java/lang/NoSuchMethodError'{0x00000000ad17e540}: 'java.lang.Object java.lang.invoke.DirectMethodHandle$Holder.invokeStatic(java.lang.Object, java.lang.Object, java.lang.Object, java.lang.Object, java.lang.Object, java.lang.Object, java.lang.Object, java.lang.Object, int, int, java.lang.Object)'> (0x00000000ad17e540) thrown at [./src/hotspot/share/interpreter/linkResolver.cpp, line 773]
Event: 115.914 Thread 0x000001f05281b000 Exception <a 'java/lang/NoSuchMethodError'{0x00000000ad19c448}: 'java.lang.Object java.lang.invoke.DirectMethodHandle$Holder.invokeStatic(java.lang.Object, java.lang.Object, java.lang.Object, java.lang.Object, java.lang.Object, java.lang.Object, java.lang.Object, java.lang.Object, int, int, java.lang.Object, java.lang.Object)'> (0x00000000ad19c448) thrown at [./src/hotspot/share/interpreter/linkResolver.cpp, line 773]
Event: 115.924 Thread 0x000001f05281b000 Exception <a 'java/lang/NoSuchMethodError'{0x00000000ad1d5d18}: <clinit>> (0x00000000ad1d5d18) thrown at [./src/hotspot/share/prims/jni.cpp, line 1365]
Event: 115.927 Thread 0x000001f05281b000 Exception <a 'java/lang/NoSuchMethodError'{0x00000000ad1f8b28}: <clinit>> (0x00000000ad1f8b28) thrown at [./src/hotspot/share/prims/jni.cpp, line 1365]
Event: 115.941 Thread 0x000001f052824000 Exception <a 'java/lang/InterruptedException'{0x00000000ad006a28}> (0x00000000ad006a28) thrown at [./src/hotspot/share/runtime/objectMonitor.cpp, line 1635]
Event: 115.942 Thread 0x000001f052824000 Exception <a 'java/lang/NoSuchMethodError'{0x00000000ad00eb00}: 'java.lang.Object java.lang.invoke.DirectMethodHandle$Holder.invokeStatic(java.lang.Object, java.lang.Object, int, java.lang.Object, long)'> (0x00000000ad00eb00) thrown at [./src/hotspot/share/interpreter/linkResolver.cpp, line 773]
Event: 115.964 Thread 0x000001f05281b000 Exception <a 'java/lang/NoSuchMethodError'{0x00000000ad041f70}: <clinit>> (0x00000000ad041f70) thrown at [./src/hotspot/share/prims/jni.cpp, line 1365]
Event: 115.965 Thread 0x000001f05281b000 Exception <a 'java/lang/NoSuchMethodError'{0x00000000ad04e2f0}: <clinit>> (0x00000000ad04e2f0) thrown at [./src/hotspot/share/prims/jni.cpp, line 1365]
Event: 115.965 Thread 0x000001f05281b000 Exception <a 'java/lang/NoSuchMethodError'{0x00000000ad05b600}: <clinit>> (0x00000000ad05b600) thrown at [./src/hotspot/share/prims/jni.cpp, line 1365]
Event: 115.972 Thread 0x000001f05281b000 Exception <a 'java/lang/NoSuchMethodError'{0x00000000ad071ae0}: <clinit>> (0x00000000ad071ae0) thrown at [./src/hotspot/share/prims/jni.cpp, line 1365]
Event: 115.983 Thread 0x000001f05281b000 Implicit null exception at 0x000001f041318891 to 0x000001f041318eac
Event: 115.995 Thread 0x000001f05281b000 Exception <a 'java/lang/NoSuchMethodError'{0x00000000acf805c8}: <clinit>> (0x00000000acf805c8) thrown at [./src/hotspot/share/prims/jni.cpp, line 1365]

Events (20 events):
Event: 115.989 loading class sun/rmi/transport/tcp/TCPTransport$AcceptLoop done
Event: 115.989 Thread 0x000001f052826800 Thread added: 0x000001f052826800
Event: 115.990 loading class sun/rmi/transport/ObjectTable$Reaper
Event: 115.990 loading class sun/rmi/transport/ObjectTable$Reaper done
Event: 115.990 Thread 0x000001f052827800 Thread added: 0x000001f052827800
Event: 115.990 loading class sun/rmi/server/UnicastServerRef$HashToMethod_Maps$1
Event: 115.990 loading class sun/rmi/server/UnicastServerRef$HashToMethod_Maps$1 done
Event: 115.990 loading class org/jetbrains/kotlin/compilerRunner/GradleCompilationResults
Event: 115.990 loading class org/jetbrains/kotlin/compilerRunner/GradleCompilationResults done
Event: 115.991 loading class org/jetbrains/kotlin/compilerRunner/GradleCompilationResults_Stub
Event: 115.991 loading class org/jetbrains/kotlin/compilerRunner/GradleCompilationResults_Stub done
Event: 115.994 loading class sun/rmi/server/LoaderHandler$Loader
Event: 115.994 loading class sun/rmi/server/LoaderHandler$Loader done
Event: 115.997 Thread 0x000001f052822000 Thread added: 0x000001f052822000
Event: 116.012 loading class java/rmi/server/ServerNotActiveException
Event: 116.013 loading class java/rmi/server/ServerNotActiveException done
Event: 116.017 loading class sun/rmi/transport/DGCAckHandler
Event: 116.017 loading class sun/rmi/transport/DGCAckHandler done
Event: 116.020 loading class sun/rmi/transport/DGCAckHandler$1
Event: 116.020 loading class sun/rmi/transport/DGCAckHandler$1 done


Dynamic libraries:
0x00007ff7bf820000 - 0x00007ff7bf82a000 	C:\Program Files\Android\Android Studio\jre\bin\java.exe
0x00007ffa94a50000 - 0x00007ffa94c48000 	C:\Windows\SYSTEM32\ntdll.dll
0x00007ffa94950000 - 0x00007ffa94a0d000 	C:\Windows\System32\KERNEL32.DLL
0x00007ffa926e0000 - 0x00007ffa929ae000 	C:\Windows\System32\KERNELBASE.dll
0x00007ffa929b0000 - 0x00007ffa92ab0000 	C:\Windows\System32\ucrtbase.dll
0x00007ffa74680000 - 0x00007ffa74699000 	C:\Program Files\Android\Android Studio\jre\bin\jli.dll
0x00007ffa74660000 - 0x00007ffa74677000 	C:\Program Files\Android\Android Studio\jre\bin\VCRUNTIME140.dll
0x00007ffa94500000 - 0x00007ffa946a0000 	C:\Windows\System32\USER32.dll
0x00007ffa82400000 - 0x00007ffa8269a000 	C:\Windows\WinSxS\amd64_microsoft.windows.common-controls_6595b64144ccf1df_6.0.19041.1110_none_60b5254171f9507e\COMCTL32.dll
0x00007ffa922b0000 - 0x00007ffa922d2000 	C:\Windows\System32\win32u.dll
0x00007ffa92f20000 - 0x00007ffa92fbe000 	C:\Windows\System32\msvcrt.dll
0x00007ffa93110000 - 0x00007ffa9313a000 	C:\Windows\System32\GDI32.dll
0x00007ffa921a0000 - 0x00007ffa922ab000 	C:\Windows\System32\gdi32full.dll
0x00007ffa922e0000 - 0x00007ffa9237d000 	C:\Windows\System32\msvcp_win.dll
0x00007ffa92ef0000 - 0x00007ffa92f20000 	C:\Windows\System32\IMM32.DLL
0x00007ffa44350000 - 0x00007ffa443ed000 	C:\Program Files\Android\Android Studio\jre\bin\msvcp140.dll
0x00007ffa454c0000 - 0x00007ffa45fa5000 	C:\Program Files\Android\Android Studio\jre\bin\server\jvm.dll
0x00007ffa931a0000 - 0x00007ffa9324e000 	C:\Windows\System32\ADVAPI32.dll
0x00007ffa93360000 - 0x00007ffa933fc000 	C:\Windows\System32\sechost.dll
0x00007ffa92fc0000 - 0x00007ffa930e5000 	C:\Windows\System32\RPCRT4.dll
0x00007ffa94750000 - 0x00007ffa94758000 	C:\Windows\System32\PSAPI.DLL
0x00007ffa85460000 - 0x00007ffa85469000 	C:\Windows\SYSTEM32\WSOCK32.dll
0x00007ffa93f70000 - 0x00007ffa93fdb000 	C:\Windows\System32\WS2_32.dll
0x00007ffa7f2b0000 - 0x00007ffa7f2d7000 	C:\Windows\SYSTEM32\WINMM.dll
0x00007ffa8b6d0000 - 0x00007ffa8b6da000 	C:\Windows\SYSTEM32\VERSION.dll
0x00007ffa90060000 - 0x00007ffa90072000 	C:\Windows\SYSTEM32\kernel.appcore.dll
0x00007ffa84440000 - 0x00007ffa84451000 	C:\Program Files\Android\Android Studio\jre\bin\verify.dll
0x00007ffa7f390000 - 0x00007ffa7f574000 	C:\Windows\SYSTEM32\DBGHELP.DLL
0x00007ffa7f0f0000 - 0x00007ffa7f11c000 	C:\Windows\SYSTEM32\dbgcore.DLL
0x00007ffa92650000 - 0x00007ffa926d2000 	C:\Windows\System32\bcryptPrimitives.dll
0x00007ffa61900000 - 0x00007ffa61929000 	C:\Program Files\Android\Android Studio\jre\bin\java.dll
0x00007ffa84430000 - 0x00007ffa8443b000 	C:\Program Files\Android\Android Studio\jre\bin\jimage.dll
0x00007ffa63380000 - 0x00007ffa63398000 	C:\Program Files\Android\Android Studio\jre\bin\zip.dll
0x00007ffa93820000 - 0x00007ffa93f63000 	C:\Windows\System32\SHELL32.dll
0x00007ffa90260000 - 0x00007ffa909f5000 	C:\Windows\SYSTEM32\windows.storage.dll
0x00007ffa92b90000 - 0x00007ffa92ee4000 	C:\Windows\System32\combase.dll
0x00007ffa91bd0000 - 0x00007ffa91c00000 	C:\Windows\SYSTEM32\Wldp.dll
0x00007ffa94450000 - 0x00007ffa944fd000 	C:\Windows\System32\SHCORE.dll
0x00007ffa93300000 - 0x00007ffa93355000 	C:\Windows\System32\shlwapi.dll
0x00007ffa920b0000 - 0x00007ffa920cf000 	C:\Windows\SYSTEM32\profapi.dll
0x00007ffa618e0000 - 0x00007ffa618fa000 	C:\Program Files\Android\Android Studio\jre\bin\net.dll
0x00007ffa857d0000 - 0x00007ffa858da000 	C:\Windows\SYSTEM32\WINHTTP.dll
0x00007ffa91930000 - 0x00007ffa9199a000 	C:\Windows\system32\mswsock.dll
0x00007ffa618c0000 - 0x00007ffa618d4000 	C:\Program Files\Android\Android Studio\jre\bin\nio.dll
0x00007ffa51080000 - 0x00007ffa510a7000 	C:\Users\BOSS\.gradle\native\e1d6ef7f7dcc3fd88c89a11ec53ec762bb8ba0a96d01ffa2cd45eb1d1d8dd5c5\windows-amd64\native-platform.dll
0x00007ffa43420000 - 0x00007ffa43564000 	C:\Users\BOSS\.gradle\native\5664cfc778a61ccfe75a443a1ab52a65af34e5dc3c78e0209fed803814484fcb\windows-amd64\native-platform-file-events.dll
0x00007ffa84420000 - 0x00007ffa8442a000 	C:\Program Files\Android\Android Studio\jre\bin\management.dll
0x00007ffa71220000 - 0x00007ffa7122d000 	C:\Program Files\Android\Android Studio\jre\bin\management_ext.dll
0x00007ffa91b20000 - 0x00007ffa91b38000 	C:\Windows\SYSTEM32\CRYPTSP.dll
0x00007ffa911e0000 - 0x00007ffa91214000 	C:\Windows\system32\rsaenh.dll
0x00007ffa92170000 - 0x00007ffa92197000 	C:\Windows\System32\bcrypt.dll
0x00007ffa92030000 - 0x00007ffa9205e000 	C:\Windows\SYSTEM32\USERENV.dll
0x00007ffa91b40000 - 0x00007ffa91b4c000 	C:\Windows\SYSTEM32\CRYPTBASE.dll
0x00007ffa915d0000 - 0x00007ffa9160b000 	C:\Windows\SYSTEM32\IPHLPAPI.DLL
0x00007ffa93250000 - 0x00007ffa93258000 	C:\Windows\System32\NSI.dll
0x00007ffa8c150000 - 0x00007ffa8c167000 	C:\Windows\SYSTEM32\dhcpcsvc6.DLL
0x00007ffa8c3b0000 - 0x00007ffa8c3cd000 	C:\Windows\SYSTEM32\dhcpcsvc.DLL
0x00007ffa91610000 - 0x00007ffa916da000 	C:\Windows\SYSTEM32\DNSAPI.dll
0x00007ffa90e70000 - 0x00007ffa90ea3000 	C:\Windows\SYSTEM32\ntmarta.dll
0x00007ffa747b0000 - 0x00007ffa747ce000 	C:\Users\BOSS\AppData\Local\Temp\native-platform13245747819146587220dir\native-platform.dll
0x00007ffa82ff0000 - 0x00007ffa82ff8000 	C:\Program Files\Android\Android Studio\jre\bin\rmi.dll

dbghelp: loaded successfully - version: 4.0.5 - missing functions: none
symbol engine: initialized successfully - sym options: 0x614 - pdb path: .;C:\Program Files\Android\Android Studio\jre\bin;C:\Windows\SYSTEM32;C:\Windows\WinSxS\amd64_microsoft.windows.common-controls_6595b64144ccf1df_6.0.19041.1110_none_60b5254171f9507e;C:\Program Files\Android\Android Studio\jre\bin\server;C:\Users\BOSS\.gradle\native\e1d6ef7f7dcc3fd88c89a11ec53ec762bb8ba0a96d01ffa2cd45eb1d1d8dd5c5\windows-amd64;C:\Users\BOSS\.gradle\native\5664cfc778a61ccfe75a443a1ab52a65af34e5dc3c78e0209fed803814484fcb\windows-amd64;C:\Users\BOSS\AppData\Local\Temp\native-platform13245747819146587220dir

VM Arguments:
jvm_args: --add-opens=java.base/java.util=ALL-UNNAMED --add-opens=java.base/java.lang=ALL-UNNAMED --add-opens=java.base/java.lang.invoke=ALL-UNNAMED --add-opens=java.base/java.util=ALL-UNNAMED --add-opens=java.prefs/java.util.prefs=ALL-UNNAMED --add-opens=java.prefs/java.util.prefs=ALL-UNNAMED --add-opens=java.base/java.nio.charset=ALL-UNNAMED --add-opens=java.base/java.net=ALL-UNNAMED --add-opens=java.base/java.util.concurrent.atomic=ALL-UNNAMED -Xmx1536m -Dfile.encoding=x-windows-874 -Duser.country=US -Duser.language=en -Duser.variant 
java_command: org.gradle.launcher.daemon.bootstrap.GradleDaemon 7.3.3
java_class_path (initial): C:\Users\BOSS\.gradle\wrapper\dists\gradle-7.3.3-bin\6a41zxkdtcxs8rphpq6y0069z\gradle-7.3.3\lib\gradle-launcher-7.3.3.jar
Launcher Type: SUN_STANDARD

[Global flags]
     intx CICompilerCount                          = 3                                         {product} {ergonomic}
     uint ConcGCThreads                            = 1                                         {product} {ergonomic}
     uint G1ConcRefinementThreads                  = 4                                         {product} {ergonomic}
   size_t G1HeapRegionSize                         = 1048576                                   {product} {ergonomic}
    uintx GCDrainStackTargetSize                   = 64                                        {product} {ergonomic}
   size_t InitialHeapSize                          = 201326592                                 {product} {ergonomic}
   size_t MarkStackSize                            = 4194304                                   {product} {ergonomic}
   size_t MaxHeapSize                              = 1610612736                                {product} {command line}
   size_t MaxNewSize                               = 965738496                                 {product} {ergonomic}
   size_t MinHeapDeltaBytes                        = 1048576                                   {product} {ergonomic}
    uintx NonNMethodCodeHeapSize                   = 5830732                                {pd product} {ergonomic}
    uintx NonProfiledCodeHeapSize                  = 122913754                              {pd product} {ergonomic}
    uintx ProfiledCodeHeapSize                     = 122913754                              {pd product} {ergonomic}
    uintx ReservedCodeCacheSize                    = 251658240                              {pd product} {ergonomic}
     bool SegmentedCodeCache                       = true                                      {product} {ergonomic}
     bool UseCompressedClassPointers               = true                                 {lp64_product} {ergonomic}
     bool UseCompressedOops                        = true                                 {lp64_product} {ergonomic}
     bool UseG1GC                                  = true                                      {product} {ergonomic}
     bool UseLargePagesIndividualAllocation        = false                                  {pd product} {ergonomic}

Logging:
Log output configuration:
 #0: stdout all=warning uptime,level,tags
 #1: stderr all=off uptime,level,tags

Environment Variables:
JAVA_HOME=C:\Program Files\Java\jdk-18.0.1.1
PATH=C:\Program Files\MongoDB\Server\6.0\bin;D:\Git\cmd;C:\Users\BOSS\AppData\Local\Programs\Python\Python310\Scripts\;C:\Users\BOSS\AppData\Local\Programs\Python\Python310\;C:\Users\BOSS\AppData\Local\Microsoft\WindowsApps;C:\Users\BOSS\AppData\Local\Programs\Microsoft VS Code\bin;C:\xampp\php;C:\Users\BOSS\composer;C:\Users\BOSS\AppData\Roaming\Composer\vendor\bin;C:\Users\BOSS\AppData\Local\GitHubDesktop\bin;C:\Users\BOSS\AppData\Roaming\npm;C:\Program Files\MongoDB\Server\6.0\bin;C:\Program Files\nodejs;
USERNAME=BOSS
OS=Windows_NT
PROCESSOR_IDENTIFIER=Intel64 Family 6 Model 69 Stepping 1, GenuineIntel



---------------  S Y S T E M  ---------------

OS: Windows 10 , 64 bit Build 19041 (10.0.19041.1889)
OS uptime: 2 days 9:06 hours

CPU:total 4 (initial active 4) (2 cores per cpu, 2 threads per core) family 6 model 69 stepping 1 microcode 0x25, cmov, cx8, fxsr, mmx, sse, sse2, sse3, ssse3, sse4.1, sse4.2, popcnt, avx, avx2, aes, clmul, erms, lzcnt, ht, tsc, tscinvbit, bmi1, bmi2, fma

Memory: 4k page, system-wide physical 12168M (2851M free)
TotalPageFile size 15009M (AvailPageFile size 5M)
current process WorkingSet (physical memory assigned to process): 512M, peak: 538M
current process commit charge ("private bytes"): 549M, peak: 567M

vm_info: OpenJDK 64-Bit Server VM (11.0.12+7-b1504.28-7817840) for windows-amd64 JRE (11.0.12+7-b1504.28-7817840), built on Oct 13 2021 22:12:33 by "builder" with MS VC++ 14.0 (VS2015)

END.
